<?xml version="1.0" encoding="UTF-8"?>
<robot generator="Robot 3.1.2 (Python 3.7.4 on win32)" generated="20200310 23:47:24.132" rpa="false">
<suite id="s1" name="Login" source="E:\qaninja\robot\bikelov\login.robot">
<test id="s1-t1" name="Login user">
<kw name="Dado que acesso o website">
<kw name="Open Browser" library="SeleniumLibrary">
<doc>Opens a new browser instance to the optional ``url``.</doc>
<arguments>
<arg>http://bikelov.herokuapp.com</arg>
<arg>chrome</arg>
</arguments>
<msg timestamp="20200310 23:47:24.349" level="INFO">Opening browser 'chrome' to base url 'http://bikelov.herokuapp.com'.</msg>
<status status="PASS" starttime="20200310 23:47:24.349" endtime="20200310 23:47:30.495"></status>
</kw>
<kw name="Set Selenium Implicit Wait" library="SeleniumLibrary">
<doc>Sets the implicit wait value used by Selenium.</doc>
<arguments>
<arg>5</arg>
</arguments>
<status status="PASS" starttime="20200310 23:47:30.496" endtime="20200310 23:47:30.498"></status>
</kw>
<status status="PASS" starttime="20200310 23:47:24.348" endtime="20200310 23:47:30.498"></status>
</kw>
<kw name="Quando submeto com o login &quot;telverneck@hotmail.com&quot;">
<kw name="Input Text" library="SeleniumLibrary">
<doc>Types the given ``text`` into the text field identified by ``locator``.</doc>
<arguments>
<arg>${email}</arg>
<arg>${emailLogin}</arg>
</arguments>
<msg timestamp="20200310 23:47:30.504" level="INFO">Typing text 'telverneck@hotmail.com' into text field 'id:email'.</msg>
<status status="PASS" starttime="20200310 23:47:30.503" endtime="20200310 23:47:31.356"></status>
</kw>
<kw name="Click Button" library="SeleniumLibrary">
<doc>Clicks the button identified by ``locator``.</doc>
<arguments>
<arg>${buttonEnter}</arg>
</arguments>
<msg timestamp="20200310 23:47:31.357" level="INFO">Clicking button 'class:btn-red'.</msg>
<status status="PASS" starttime="20200310 23:47:31.356" endtime="20200310 23:47:31.479"></status>
</kw>
<status status="PASS" starttime="20200310 23:47:30.502" endtime="20200310 23:47:31.480"></status>
</kw>
<kw name="Entao devo ver a area logada">
<kw name="Page Should Contain Element" library="SeleniumLibrary">
<doc>Verifies that element ``locator`` is found on the current page.</doc>
<arguments>
<arg>${dashboard}</arg>
</arguments>
<msg timestamp="20200310 23:47:32.725" level="INFO">Current page contains element 'class:dashboard'.</msg>
<status status="PASS" starttime="20200310 23:47:31.482" endtime="20200310 23:47:32.725"></status>
</kw>
<status status="PASS" starttime="20200310 23:47:31.481" endtime="20200310 23:47:32.726"></status>
</kw>
<kw name="E fecho navegador">
<kw name="Close Browser" library="SeleniumLibrary">
<doc>Closes the current browser.</doc>
<status status="PASS" starttime="20200310 23:47:32.727" endtime="20200310 23:47:35.163"></status>
</kw>
<status status="PASS" starttime="20200310 23:47:32.727" endtime="20200310 23:47:35.163"></status>
</kw>
<status status="PASS" starttime="20200310 23:47:24.347" endtime="20200310 23:47:35.164" critical="yes"></status>
</test>
<test id="s1-t2" name="Login invalid user">
<kw name="Dado que acesso o website">
<kw name="Open Browser" library="SeleniumLibrary">
<doc>Opens a new browser instance to the optional ``url``.</doc>
<arguments>
<arg>http://bikelov.herokuapp.com</arg>
<arg>chrome</arg>
</arguments>
<msg timestamp="20200310 23:47:35.169" level="INFO">Opening browser 'chrome' to base url 'http://bikelov.herokuapp.com'.</msg>
<status status="PASS" starttime="20200310 23:47:35.169" endtime="20200310 23:47:40.454"></status>
</kw>
<kw name="Set Selenium Implicit Wait" library="SeleniumLibrary">
<doc>Sets the implicit wait value used by Selenium.</doc>
<arguments>
<arg>5</arg>
</arguments>
<status status="PASS" starttime="20200310 23:47:40.454" endtime="20200310 23:47:40.458"></status>
</kw>
<status status="PASS" starttime="20200310 23:47:35.168" endtime="20200310 23:47:40.458"></status>
</kw>
<kw name="Quando submeto com o login &quot;telvern&quot;">
<kw name="Input Text" library="SeleniumLibrary">
<doc>Types the given ``text`` into the text field identified by ``locator``.</doc>
<arguments>
<arg>${email}</arg>
<arg>${emailLogin}</arg>
</arguments>
<msg timestamp="20200310 23:47:40.463" level="INFO">Typing text 'telvern' into text field 'id:email'.</msg>
<status status="PASS" starttime="20200310 23:47:40.462" endtime="20200310 23:47:40.890"></status>
</kw>
<kw name="Click Button" library="SeleniumLibrary">
<doc>Clicks the button identified by ``locator``.</doc>
<arguments>
<arg>${buttonEnter}</arg>
</arguments>
<msg timestamp="20200310 23:47:40.890" level="INFO">Clicking button 'class:btn-red'.</msg>
<status status="PASS" starttime="20200310 23:47:40.890" endtime="20200310 23:47:40.977"></status>
</kw>
<status status="PASS" starttime="20200310 23:47:40.462" endtime="20200310 23:47:40.977"></status>
</kw>
<kw name="Entao devo ver a mensagem alerta &quot;Oops. Informe um email válido!&quot;">
<kw name="Element Text Should Be" library="SeleniumLibrary">
<doc>Verifies that element ``locator`` contains exact the text ``expected``.</doc>
<arguments>
<arg>${alert}</arg>
<arg>${expect_message}</arg>
</arguments>
<msg timestamp="20200310 23:47:40.978" level="INFO">Verifying element 'class:alert-dark' contains exact text 'Oops. Informe um email válido!'.</msg>
<status status="PASS" starttime="20200310 23:47:40.978" endtime="20200310 23:47:41.012"></status>
</kw>
<status status="PASS" starttime="20200310 23:47:40.978" endtime="20200310 23:47:41.012"></status>
</kw>
<kw name="E fecho navegador">
<kw name="Close Browser" library="SeleniumLibrary">
<doc>Closes the current browser.</doc>
<status status="PASS" starttime="20200310 23:47:41.013" endtime="20200310 23:47:43.327"></status>
</kw>
<status status="PASS" starttime="20200310 23:47:41.013" endtime="20200310 23:47:43.327"></status>
</kw>
<status status="PASS" starttime="20200310 23:47:35.167" endtime="20200310 23:47:43.327" critical="yes"></status>
</test>
<test id="s1-t3" name="Empty login">
<kw name="Dado que acesso o website">
<kw name="Open Browser" library="SeleniumLibrary">
<doc>Opens a new browser instance to the optional ``url``.</doc>
<arguments>
<arg>http://bikelov.herokuapp.com</arg>
<arg>chrome</arg>
</arguments>
<msg timestamp="20200310 23:47:43.332" level="INFO">Opening browser 'chrome' to base url 'http://bikelov.herokuapp.com'.</msg>
<status status="PASS" starttime="20200310 23:47:43.331" endtime="20200310 23:47:49.400"></status>
</kw>
<kw name="Set Selenium Implicit Wait" library="SeleniumLibrary">
<doc>Sets the implicit wait value used by Selenium.</doc>
<arguments>
<arg>5</arg>
</arguments>
<status status="PASS" starttime="20200310 23:47:49.400" endtime="20200310 23:47:49.406"></status>
</kw>
<status status="PASS" starttime="20200310 23:47:43.331" endtime="20200310 23:47:49.407"></status>
</kw>
<kw name="Quando submeto com o login &quot;${Empty}&quot;">
<kw name="Input Text" library="SeleniumLibrary">
<doc>Types the given ``text`` into the text field identified by ``locator``.</doc>
<arguments>
<arg>${email}</arg>
<arg>${emailLogin}</arg>
</arguments>
<msg timestamp="20200310 23:47:49.410" level="INFO">Typing text '' into text field 'id:email'.</msg>
<status status="PASS" starttime="20200310 23:47:49.409" endtime="20200310 23:47:49.565"></status>
</kw>
<kw name="Click Button" library="SeleniumLibrary">
<doc>Clicks the button identified by ``locator``.</doc>
<arguments>
<arg>${buttonEnter}</arg>
</arguments>
<msg timestamp="20200310 23:47:49.565" level="INFO">Clicking button 'class:btn-red'.</msg>
<status status="PASS" starttime="20200310 23:47:49.565" endtime="20200310 23:47:49.795"></status>
</kw>
<status status="PASS" starttime="20200310 23:47:49.408" endtime="20200310 23:47:49.795"></status>
</kw>
<kw name="Entao devo ver a mensagem alerta &quot;Oops. Informe um email válido!&quot;">
<kw name="Element Text Should Be" library="SeleniumLibrary">
<doc>Verifies that element ``locator`` contains exact the text ``expected``.</doc>
<arguments>
<arg>${alert}</arg>
<arg>${expect_message}</arg>
</arguments>
<msg timestamp="20200310 23:47:49.796" level="INFO">Verifying element 'class:alert-dark' contains exact text 'Oops. Informe um email válido!'.</msg>
<status status="PASS" starttime="20200310 23:47:49.796" endtime="20200310 23:47:49.830"></status>
</kw>
<status status="PASS" starttime="20200310 23:47:49.795" endtime="20200310 23:47:49.830"></status>
</kw>
<kw name="E fecho navegador">
<kw name="Close Browser" library="SeleniumLibrary">
<doc>Closes the current browser.</doc>
<status status="PASS" starttime="20200310 23:47:49.831" endtime="20200310 23:47:52.183"></status>
</kw>
<status status="PASS" starttime="20200310 23:47:49.830" endtime="20200310 23:47:52.183"></status>
</kw>
<status status="PASS" starttime="20200310 23:47:43.330" endtime="20200310 23:47:52.183" critical="yes"></status>
</test>
<doc>Login
Para que eu posssa ter acesso a area de anuncios
Sendo um usuario que possuo um email
Quero poder iniciar uma sessao</doc>
<status status="PASS" starttime="20200310 23:47:24.134" endtime="20200310 23:47:52.187"></status>
</suite>
<statistics>
<total>
<stat pass="3" fail="0">Critical Tests</stat>
<stat pass="3" fail="0">All Tests</stat>
</total>
<tag>
</tag>
<suite>
<stat pass="3" fail="0" id="s1" name="Login">Login</stat>
</suite>
</statistics>
<errors>
</errors>
</robot>
