<?xml version="1.0" encoding="UTF-8"?>
<robot generator="Robot 3.1.2 (Python 3.7.4 on win32)" generated="20200310 23:20:59.958" rpa="false">
<suite id="s1" name="Login" source="E:\qaninja\robot\bikelov\login.robot">
<test id="s1-t1" name="Login user">
<kw name="Acesso website">
<kw name="Open Browser" library="SeleniumLibrary">
<doc>Opens a new browser instance to the optional ``url``.</doc>
<arguments>
<arg>http://bikelov.herokuapp.com</arg>
<arg>chrome</arg>
</arguments>
<msg timestamp="20200310 23:21:00.174" level="INFO">Opening browser 'chrome' to base url 'http://bikelov.herokuapp.com'.</msg>
<status status="PASS" starttime="20200310 23:21:00.174" endtime="20200310 23:21:06.641"></status>
</kw>
<kw name="Set Selenium Implicit Wait" library="SeleniumLibrary">
<doc>Sets the implicit wait value used by Selenium.</doc>
<arguments>
<arg>5</arg>
</arguments>
<status status="PASS" starttime="20200310 23:21:06.642" endtime="20200310 23:21:06.644"></status>
</kw>
<status status="PASS" starttime="20200310 23:21:00.174" endtime="20200310 23:21:06.644"></status>
</kw>
<kw name="Efetuar login com &quot;telverneck@hotmail.com&quot;">
<kw name="Input Text" library="SeleniumLibrary">
<doc>Types the given ``text`` into the text field identified by ``locator``.</doc>
<arguments>
<arg>${email}</arg>
<arg>${emailLogin}</arg>
</arguments>
<msg timestamp="20200310 23:21:06.647" level="INFO">Typing text 'telverneck@hotmail.com' into text field 'id:email'.</msg>
<status status="PASS" starttime="20200310 23:21:06.647" endtime="20200310 23:21:06.947"></status>
</kw>
<kw name="Click Button" library="SeleniumLibrary">
<doc>Clicks the button identified by ``locator``.</doc>
<arguments>
<arg>${buttonEnter}</arg>
</arguments>
<msg timestamp="20200310 23:21:06.948" level="INFO">Clicking button 'class:btn-red'.</msg>
<status status="PASS" starttime="20200310 23:21:06.947" endtime="20200310 23:21:07.031"></status>
</kw>
<status status="PASS" starttime="20200310 23:21:06.646" endtime="20200310 23:21:07.031"></status>
</kw>
<kw name="exibir area logada">
<kw name="Page Should Contain Element" library="SeleniumLibrary">
<doc>Verifies that element ``locator`` is found on the current page.</doc>
<arguments>
<arg>${dashboard}</arg>
</arguments>
<msg timestamp="20200310 23:21:08.150" level="INFO">Current page contains element 'class:dashboard'.</msg>
<status status="PASS" starttime="20200310 23:21:07.032" endtime="20200310 23:21:08.150"></status>
</kw>
<status status="PASS" starttime="20200310 23:21:07.032" endtime="20200310 23:21:08.150"></status>
</kw>
<kw name="fecho navegador">
<kw name="Close Browser" library="SeleniumLibrary">
<doc>Closes the current browser.</doc>
<status status="PASS" starttime="20200310 23:21:08.152" endtime="20200310 23:21:10.654"></status>
</kw>
<status status="PASS" starttime="20200310 23:21:08.151" endtime="20200310 23:21:10.654"></status>
</kw>
<status status="PASS" starttime="20200310 23:21:00.173" endtime="20200310 23:21:10.655" critical="yes"></status>
</test>
<test id="s1-t2" name="Login invalid user">
<kw name="Acesso website">
<kw name="Open Browser" library="SeleniumLibrary">
<doc>Opens a new browser instance to the optional ``url``.</doc>
<arguments>
<arg>http://bikelov.herokuapp.com</arg>
<arg>chrome</arg>
</arguments>
<msg timestamp="20200310 23:21:10.658" level="INFO">Opening browser 'chrome' to base url 'http://bikelov.herokuapp.com'.</msg>
<status status="PASS" starttime="20200310 23:21:10.658" endtime="20200310 23:21:16.899"></status>
</kw>
<kw name="Set Selenium Implicit Wait" library="SeleniumLibrary">
<doc>Sets the implicit wait value used by Selenium.</doc>
<arguments>
<arg>5</arg>
</arguments>
<status status="PASS" starttime="20200310 23:21:16.899" endtime="20200310 23:21:16.901"></status>
</kw>
<status status="PASS" starttime="20200310 23:21:10.657" endtime="20200310 23:21:16.901"></status>
</kw>
<kw name="Efetuar login com &quot;telvern&quot;">
<kw name="Input Text" library="SeleniumLibrary">
<doc>Types the given ``text`` into the text field identified by ``locator``.</doc>
<arguments>
<arg>${email}</arg>
<arg>${emailLogin}</arg>
</arguments>
<msg timestamp="20200310 23:21:16.903" level="INFO">Typing text 'telvern' into text field 'id:email'.</msg>
<status status="PASS" starttime="20200310 23:21:16.902" endtime="20200310 23:21:17.043"></status>
</kw>
<kw name="Click Button" library="SeleniumLibrary">
<doc>Clicks the button identified by ``locator``.</doc>
<arguments>
<arg>${buttonEnter}</arg>
</arguments>
<msg timestamp="20200310 23:21:17.043" level="INFO">Clicking button 'class:btn-red'.</msg>
<status status="PASS" starttime="20200310 23:21:17.043" endtime="20200310 23:21:17.117"></status>
</kw>
<status status="PASS" starttime="20200310 23:21:16.902" endtime="20200310 23:21:17.117"></status>
</kw>
<kw name="ver mensagem alerta &quot;Oops. Informe um email válido!&quot;">
<kw name="Element Text Should Be" library="SeleniumLibrary">
<doc>Verifies that element ``locator`` contains exact the text ``expected``.</doc>
<arguments>
<arg>${alert}</arg>
<arg>${expect_message}</arg>
</arguments>
<msg timestamp="20200310 23:21:17.118" level="INFO">Verifying element 'class:alert-dark' contains exact text 'Oops. Informe um email válido!'.</msg>
<status status="PASS" starttime="20200310 23:21:17.118" endtime="20200310 23:21:17.151"></status>
</kw>
<status status="PASS" starttime="20200310 23:21:17.118" endtime="20200310 23:21:17.151"></status>
</kw>
<kw name="fecho navegador">
<kw name="Close Browser" library="SeleniumLibrary">
<doc>Closes the current browser.</doc>
<status status="PASS" starttime="20200310 23:21:17.152" endtime="20200310 23:21:19.395"></status>
</kw>
<status status="PASS" starttime="20200310 23:21:17.151" endtime="20200310 23:21:19.395"></status>
</kw>
<status status="PASS" starttime="20200310 23:21:10.657" endtime="20200310 23:21:19.396" critical="yes"></status>
</test>
<test id="s1-t3" name="Empty login">
<kw name="Acesso website">
<kw name="Open Browser" library="SeleniumLibrary">
<doc>Opens a new browser instance to the optional ``url``.</doc>
<arguments>
<arg>http://bikelov.herokuapp.com</arg>
<arg>chrome</arg>
</arguments>
<msg timestamp="20200310 23:21:19.401" level="INFO">Opening browser 'chrome' to base url 'http://bikelov.herokuapp.com'.</msg>
<status status="PASS" starttime="20200310 23:21:19.401" endtime="20200310 23:21:24.664"></status>
</kw>
<kw name="Set Selenium Implicit Wait" library="SeleniumLibrary">
<doc>Sets the implicit wait value used by Selenium.</doc>
<arguments>
<arg>5</arg>
</arguments>
<status status="PASS" starttime="20200310 23:21:24.664" endtime="20200310 23:21:24.667"></status>
</kw>
<status status="PASS" starttime="20200310 23:21:19.401" endtime="20200310 23:21:24.667"></status>
</kw>
<kw name="Efetuar login com &quot;${Empty}&quot;">
<kw name="Input Text" library="SeleniumLibrary">
<doc>Types the given ``text`` into the text field identified by ``locator``.</doc>
<arguments>
<arg>${email}</arg>
<arg>${emailLogin}</arg>
</arguments>
<msg timestamp="20200310 23:21:24.672" level="INFO">Typing text '' into text field 'id:email'.</msg>
<status status="PASS" starttime="20200310 23:21:24.672" endtime="20200310 23:21:24.820"></status>
</kw>
<kw name="Click Button" library="SeleniumLibrary">
<doc>Clicks the button identified by ``locator``.</doc>
<arguments>
<arg>${buttonEnter}</arg>
</arguments>
<msg timestamp="20200310 23:21:24.820" level="INFO">Clicking button 'class:btn-red'.</msg>
<status status="PASS" starttime="20200310 23:21:24.820" endtime="20200310 23:21:25.050"></status>
</kw>
<status status="PASS" starttime="20200310 23:21:24.670" endtime="20200310 23:21:25.050"></status>
</kw>
<kw name="ver mensagem alerta &quot;Oops. Informe um email válido!&quot;">
<kw name="Element Text Should Be" library="SeleniumLibrary">
<doc>Verifies that element ``locator`` contains exact the text ``expected``.</doc>
<arguments>
<arg>${alert}</arg>
<arg>${expect_message}</arg>
</arguments>
<msg timestamp="20200310 23:21:25.051" level="INFO">Verifying element 'class:alert-dark' contains exact text 'Oops. Informe um email válido!'.</msg>
<status status="PASS" starttime="20200310 23:21:25.051" endtime="20200310 23:21:25.097"></status>
</kw>
<status status="PASS" starttime="20200310 23:21:25.050" endtime="20200310 23:21:25.097"></status>
</kw>
<kw name="fecho navegador">
<kw name="Close Browser" library="SeleniumLibrary">
<doc>Closes the current browser.</doc>
<status status="PASS" starttime="20200310 23:21:25.098" endtime="20200310 23:21:27.463"></status>
</kw>
<status status="PASS" starttime="20200310 23:21:25.098" endtime="20200310 23:21:27.463"></status>
</kw>
<status status="PASS" starttime="20200310 23:21:19.400" endtime="20200310 23:21:27.464" critical="yes"></status>
</test>
<status status="PASS" starttime="20200310 23:20:59.959" endtime="20200310 23:21:27.467"></status>
</suite>
<statistics>
<total>
<stat pass="3" fail="0">Critical Tests</stat>
<stat pass="3" fail="0">All Tests</stat>
</total>
<tag>
</tag>
<suite>
<stat pass="3" fail="0" id="s1" name="Login">Login</stat>
</suite>
</statistics>
<errors>
</errors>
</robot>
