<?xml version="1.0" encoding="UTF-8"?>
<robot generator="Robot 3.1.2 (Python 3.7.3 on win32)" generated="20200319 10:45:00.901" rpa="false">
<suite id="s1" name="Login" source="D:\qaninja\robot\treinamentoRobot\tests\login.robot">
<test id="s1-t1" name="Login user">
<kw name="Start Session" library="base" type="setup">
<kw name="Open Browser" library="SeleniumLibrary">
<doc>Opens a new browser instance to the optional ``url``.</doc>
<arguments>
<arg>http://bikelov.herokuapp.com</arg>
<arg>chrome</arg>
</arguments>
<msg timestamp="20200319 10:45:01.100" level="INFO">Opening browser 'chrome' to base url 'http://bikelov.herokuapp.com'.</msg>
<status status="PASS" starttime="20200319 10:45:01.100" endtime="20200319 10:45:07.355"></status>
</kw>
<kw name="Set Selenium Implicit Wait" library="SeleniumLibrary">
<doc>Sets the implicit wait value used by Selenium.</doc>
<arguments>
<arg>5</arg>
</arguments>
<status status="PASS" starttime="20200319 10:45:07.356" endtime="20200319 10:45:07.359"></status>
</kw>
<status status="PASS" starttime="20200319 10:45:01.098" endtime="20200319 10:45:07.359"></status>
</kw>
<kw name="Quando submeto com o login &quot;telverneck@hotmail.com&quot;" library="steps_kw">
<kw name="Input Text" library="SeleniumLibrary">
<doc>Types the given ``text`` into the text field identified by ``locator``.</doc>
<arguments>
<arg>${email}</arg>
<arg>${emailLogin}</arg>
</arguments>
<msg timestamp="20200319 10:45:07.362" level="INFO">Typing text 'telverneck@hotmail.com' into text field 'id:email'.</msg>
<status status="PASS" starttime="20200319 10:45:07.361" endtime="20200319 10:45:07.526"></status>
</kw>
<kw name="Click Button" library="SeleniumLibrary">
<doc>Clicks the button identified by ``locator``.</doc>
<arguments>
<arg>${buttonEnter}</arg>
</arguments>
<msg timestamp="20200319 10:45:07.526" level="INFO">Clicking button 'xpath://button[contains(text(), "Entrar")]'.</msg>
<status status="PASS" starttime="20200319 10:45:07.526" endtime="20200319 10:45:07.596"></status>
</kw>
<status status="PASS" starttime="20200319 10:45:07.361" endtime="20200319 10:45:07.596"></status>
</kw>
<kw name="Entao devo ver a area logada" library="steps_kw">
<kw name="Page Should Contain Element" library="SeleniumLibrary">
<doc>Verifies that element ``locator`` is found on the current page.</doc>
<arguments>
<arg>${dashboard}</arg>
</arguments>
<msg timestamp="20200319 10:45:08.706" level="INFO">Current page contains element 'class:dashboard'.</msg>
<status status="PASS" starttime="20200319 10:45:07.598" endtime="20200319 10:45:08.706"></status>
</kw>
<status status="PASS" starttime="20200319 10:45:07.597" endtime="20200319 10:45:08.708"></status>
</kw>
<kw name="End Session" library="base" type="teardown">
<kw name="Close Browser" library="SeleniumLibrary">
<doc>Closes the current browser.</doc>
<status status="PASS" starttime="20200319 10:45:08.711" endtime="20200319 10:45:10.874"></status>
</kw>
<status status="PASS" starttime="20200319 10:45:08.710" endtime="20200319 10:45:10.875"></status>
</kw>
<status status="PASS" starttime="20200319 10:45:01.098" endtime="20200319 10:45:10.876" critical="yes"></status>
</test>
<test id="s1-t2" name="Login invalid user">
<kw name="Start Session" library="base" type="setup">
<kw name="Open Browser" library="SeleniumLibrary">
<doc>Opens a new browser instance to the optional ``url``.</doc>
<arguments>
<arg>http://bikelov.herokuapp.com</arg>
<arg>chrome</arg>
</arguments>
<msg timestamp="20200319 10:45:10.880" level="INFO">Opening browser 'chrome' to base url 'http://bikelov.herokuapp.com'.</msg>
<status status="PASS" starttime="20200319 10:45:10.880" endtime="20200319 10:45:20.485"></status>
</kw>
<kw name="Set Selenium Implicit Wait" library="SeleniumLibrary">
<doc>Sets the implicit wait value used by Selenium.</doc>
<arguments>
<arg>5</arg>
</arguments>
<status status="PASS" starttime="20200319 10:45:20.485" endtime="20200319 10:45:20.487"></status>
</kw>
<status status="PASS" starttime="20200319 10:45:10.879" endtime="20200319 10:45:20.487"></status>
</kw>
<kw name="Tentar logar">
<arguments>
<arg>telvern</arg>
<arg>Oops. Informe um email válido!</arg>
</arguments>
<kw name="Quando submeto com o login &quot;${emailLogin}&quot;" library="steps_kw">
<kw name="Input Text" library="SeleniumLibrary">
<doc>Types the given ``text`` into the text field identified by ``locator``.</doc>
<arguments>
<arg>${email}</arg>
<arg>${emailLogin}</arg>
</arguments>
<msg timestamp="20200319 10:45:20.489" level="INFO">Typing text 'telvern' into text field 'id:email'.</msg>
<status status="PASS" starttime="20200319 10:45:20.489" endtime="20200319 10:45:20.595"></status>
</kw>
<kw name="Click Button" library="SeleniumLibrary">
<doc>Clicks the button identified by ``locator``.</doc>
<arguments>
<arg>${buttonEnter}</arg>
</arguments>
<msg timestamp="20200319 10:45:20.596" level="INFO">Clicking button 'xpath://button[contains(text(), "Entrar")]'.</msg>
<status status="PASS" starttime="20200319 10:45:20.595" endtime="20200319 10:45:20.670"></status>
</kw>
<status status="PASS" starttime="20200319 10:45:20.488" endtime="20200319 10:45:20.670"></status>
</kw>
<kw name="Entao devo ver a mensagem alerta &quot;${expect_message}&quot;" library="steps_kw">
<kw name="Element Text Should Be" library="SeleniumLibrary">
<doc>Verifies that element ``locator`` contains exact the text ``expected``.</doc>
<arguments>
<arg>${alert}</arg>
<arg>${expect_message}</arg>
</arguments>
<msg timestamp="20200319 10:45:20.671" level="INFO">Verifying element 'class:alert-dark' contains exact text 'Oops. Informe um email válido!'.</msg>
<status status="PASS" starttime="20200319 10:45:20.670" endtime="20200319 10:45:20.697"></status>
</kw>
<status status="PASS" starttime="20200319 10:45:20.670" endtime="20200319 10:45:20.697"></status>
</kw>
<status status="PASS" starttime="20200319 10:45:20.488" endtime="20200319 10:45:20.697"></status>
</kw>
<kw name="End Session" library="base" type="teardown">
<kw name="Close Browser" library="SeleniumLibrary">
<doc>Closes the current browser.</doc>
<status status="PASS" starttime="20200319 10:45:20.698" endtime="20200319 10:45:22.976"></status>
</kw>
<status status="PASS" starttime="20200319 10:45:20.698" endtime="20200319 10:45:22.976"></status>
</kw>
<status status="PASS" starttime="20200319 10:45:10.879" endtime="20200319 10:45:22.976" critical="yes"></status>
</test>
<test id="s1-t3" name="Special character email">
<kw name="Start Session" library="base" type="setup">
<kw name="Open Browser" library="SeleniumLibrary">
<doc>Opens a new browser instance to the optional ``url``.</doc>
<arguments>
<arg>http://bikelov.herokuapp.com</arg>
<arg>chrome</arg>
</arguments>
<msg timestamp="20200319 10:45:22.981" level="INFO">Opening browser 'chrome' to base url 'http://bikelov.herokuapp.com'.</msg>
<status status="PASS" starttime="20200319 10:45:22.981" endtime="20200319 10:45:30.812"></status>
</kw>
<kw name="Set Selenium Implicit Wait" library="SeleniumLibrary">
<doc>Sets the implicit wait value used by Selenium.</doc>
<arguments>
<arg>5</arg>
</arguments>
<status status="PASS" starttime="20200319 10:45:30.812" endtime="20200319 10:45:30.814"></status>
</kw>
<status status="PASS" starttime="20200319 10:45:22.981" endtime="20200319 10:45:30.814"></status>
</kw>
<kw name="Tentar logar">
<arguments>
<arg>telverneck#hotmail.com</arg>
<arg>Oops. Informe um email válido!</arg>
</arguments>
<kw name="Quando submeto com o login &quot;${emailLogin}&quot;" library="steps_kw">
<kw name="Input Text" library="SeleniumLibrary">
<doc>Types the given ``text`` into the text field identified by ``locator``.</doc>
<arguments>
<arg>${email}</arg>
<arg>${emailLogin}</arg>
</arguments>
<msg timestamp="20200319 10:45:30.815" level="INFO">Typing text 'telverneck#hotmail.com' into text field 'id:email'.</msg>
<status status="PASS" starttime="20200319 10:45:30.815" endtime="20200319 10:45:30.987"></status>
</kw>
<kw name="Click Button" library="SeleniumLibrary">
<doc>Clicks the button identified by ``locator``.</doc>
<arguments>
<arg>${buttonEnter}</arg>
</arguments>
<msg timestamp="20200319 10:45:30.987" level="INFO">Clicking button 'xpath://button[contains(text(), "Entrar")]'.</msg>
<status status="PASS" starttime="20200319 10:45:30.987" endtime="20200319 10:45:31.067"></status>
</kw>
<status status="PASS" starttime="20200319 10:45:30.815" endtime="20200319 10:45:31.067"></status>
</kw>
<kw name="Entao devo ver a mensagem alerta &quot;${expect_message}&quot;" library="steps_kw">
<kw name="Element Text Should Be" library="SeleniumLibrary">
<doc>Verifies that element ``locator`` contains exact the text ``expected``.</doc>
<arguments>
<arg>${alert}</arg>
<arg>${expect_message}</arg>
</arguments>
<msg timestamp="20200319 10:45:31.067" level="INFO">Verifying element 'class:alert-dark' contains exact text 'Oops. Informe um email válido!'.</msg>
<status status="PASS" starttime="20200319 10:45:31.067" endtime="20200319 10:45:31.100"></status>
</kw>
<status status="PASS" starttime="20200319 10:45:31.067" endtime="20200319 10:45:31.100"></status>
</kw>
<status status="PASS" starttime="20200319 10:45:30.815" endtime="20200319 10:45:31.100"></status>
</kw>
<kw name="End Session" library="base" type="teardown">
<kw name="Close Browser" library="SeleniumLibrary">
<doc>Closes the current browser.</doc>
<status status="PASS" starttime="20200319 10:45:31.101" endtime="20200319 10:45:33.254"></status>
</kw>
<status status="PASS" starttime="20200319 10:45:31.101" endtime="20200319 10:45:33.254"></status>
</kw>
<status status="PASS" starttime="20200319 10:45:22.980" endtime="20200319 10:45:33.255" critical="yes"></status>
</test>
<test id="s1-t4" name="Empty login">
<kw name="Start Session" library="base" type="setup">
<kw name="Open Browser" library="SeleniumLibrary">
<doc>Opens a new browser instance to the optional ``url``.</doc>
<arguments>
<arg>http://bikelov.herokuapp.com</arg>
<arg>chrome</arg>
</arguments>
<msg timestamp="20200319 10:45:33.260" level="INFO">Opening browser 'chrome' to base url 'http://bikelov.herokuapp.com'.</msg>
<status status="PASS" starttime="20200319 10:45:33.260" endtime="20200319 10:45:45.810"></status>
</kw>
<kw name="Set Selenium Implicit Wait" library="SeleniumLibrary">
<doc>Sets the implicit wait value used by Selenium.</doc>
<arguments>
<arg>5</arg>
</arguments>
<status status="PASS" starttime="20200319 10:45:45.810" endtime="20200319 10:45:45.812"></status>
</kw>
<status status="PASS" starttime="20200319 10:45:33.260" endtime="20200319 10:45:45.813"></status>
</kw>
<kw name="Tentar logar">
<arguments>
<arg>${Empty}</arg>
<arg>Oops. Informe um email válido!</arg>
</arguments>
<kw name="Quando submeto com o login &quot;${emailLogin}&quot;" library="steps_kw">
<kw name="Input Text" library="SeleniumLibrary">
<doc>Types the given ``text`` into the text field identified by ``locator``.</doc>
<arguments>
<arg>${email}</arg>
<arg>${emailLogin}</arg>
</arguments>
<msg timestamp="20200319 10:45:45.815" level="INFO">Typing text '' into text field 'id:email'.</msg>
<status status="PASS" starttime="20200319 10:45:45.815" endtime="20200319 10:45:45.895"></status>
</kw>
<kw name="Click Button" library="SeleniumLibrary">
<doc>Clicks the button identified by ``locator``.</doc>
<arguments>
<arg>${buttonEnter}</arg>
</arguments>
<msg timestamp="20200319 10:45:45.896" level="INFO">Clicking button 'xpath://button[contains(text(), "Entrar")]'.</msg>
<status status="PASS" starttime="20200319 10:45:45.895" endtime="20200319 10:45:45.964"></status>
</kw>
<status status="PASS" starttime="20200319 10:45:45.814" endtime="20200319 10:45:45.964"></status>
</kw>
<kw name="Entao devo ver a mensagem alerta &quot;${expect_message}&quot;" library="steps_kw">
<kw name="Element Text Should Be" library="SeleniumLibrary">
<doc>Verifies that element ``locator`` contains exact the text ``expected``.</doc>
<arguments>
<arg>${alert}</arg>
<arg>${expect_message}</arg>
</arguments>
<msg timestamp="20200319 10:45:45.965" level="INFO">Verifying element 'class:alert-dark' contains exact text 'Oops. Informe um email válido!'.</msg>
<status status="PASS" starttime="20200319 10:45:45.965" endtime="20200319 10:45:45.993"></status>
</kw>
<status status="PASS" starttime="20200319 10:45:45.965" endtime="20200319 10:45:45.993"></status>
</kw>
<status status="PASS" starttime="20200319 10:45:45.813" endtime="20200319 10:45:45.993"></status>
</kw>
<kw name="End Session" library="base" type="teardown">
<kw name="Close Browser" library="SeleniumLibrary">
<doc>Closes the current browser.</doc>
<status status="PASS" starttime="20200319 10:45:45.995" endtime="20200319 10:45:48.145"></status>
</kw>
<status status="PASS" starttime="20200319 10:45:45.995" endtime="20200319 10:45:48.145"></status>
</kw>
<status status="PASS" starttime="20200319 10:45:33.259" endtime="20200319 10:45:48.146" critical="yes"></status>
</test>
<doc>Login
Para que eu posssa ter acesso a area de anuncios
Sendo um usuario que possuo um email
Quero poder iniciar uma sessao</doc>
<status status="PASS" starttime="20200319 10:45:00.902" endtime="20200319 10:45:48.150"></status>
</suite>
<statistics>
<total>
<stat pass="4" fail="0">Critical Tests</stat>
<stat pass="4" fail="0">All Tests</stat>
</total>
<tag>
</tag>
<suite>
<stat pass="4" fail="0" id="s1" name="Login">Login</stat>
</suite>
</statistics>
<errors>
</errors>
</robot>
