<?xml version="1.0" encoding="UTF-8"?>
<robot generator="Robot 3.1.2 (Python 3.7.4 on win32)" generated="20200227 00:08:57.594" rpa="false">
<suite id="s1" name="Forms" source="E:\qaninja\robot\web\tests\forms.robot">
<test id="s1-t1" name="Login com sucesso">
<kw name="Nova sessao" library="base" type="setup">
<kw name="Open Browser" library="SeleniumLibrary">
<doc>Opens a new browser instance to the optional ``url``.</doc>
<arguments>
<arg>${url}</arg>
<arg>chrome</arg>
</arguments>
<msg timestamp="20200227 00:08:57.990" level="INFO">Opening browser 'chrome' to base url 'http://training-wheels-protocol.herokuapp.com'.</msg>
<status status="PASS" starttime="20200227 00:08:57.990" endtime="20200227 00:09:05.166"></status>
</kw>
<status status="PASS" starttime="20200227 00:08:57.990" endtime="20200227 00:09:05.166"></status>
</kw>
<kw name="Go To" library="SeleniumLibrary">
<doc>Navigates the current browser window to the provided ``url``.</doc>
<arguments>
<arg>${url}/login</arg>
</arguments>
<msg timestamp="20200227 00:09:05.172" level="INFO">Opening url 'http://training-wheels-protocol.herokuapp.com/login'</msg>
<status status="PASS" starttime="20200227 00:09:05.171" endtime="20200227 00:09:05.874"></status>
</kw>
<kw name="Login with">
<arguments>
<arg>stark</arg>
<arg>jarvis!</arg>
</arguments>
<kw name="Input Text" library="SeleniumLibrary">
<doc>Types the given ``text`` into the text field identified by ``locator``.</doc>
<arguments>
<arg>${login}</arg>
<arg>${username}</arg>
</arguments>
<msg timestamp="20200227 00:09:05.877" level="INFO">Typing text 'stark' into text field 'css:input[name=username]'.</msg>
<status status="PASS" starttime="20200227 00:09:05.876" endtime="20200227 00:09:06.079"></status>
</kw>
<kw name="Input Text" library="SeleniumLibrary">
<doc>Types the given ``text`` into the text field identified by ``locator``.</doc>
<arguments>
<arg>${password}</arg>
<arg>${pass}</arg>
</arguments>
<msg timestamp="20200227 00:09:06.080" level="INFO">Typing text 'jarvis!' into text field 'css:input[name=password]'.</msg>
<status status="PASS" starttime="20200227 00:09:06.080" endtime="20200227 00:09:06.459"></status>
</kw>
<kw name="Click Element" library="SeleniumLibrary">
<doc>Click the element identified by ``locator``.</doc>
<arguments>
<arg>${button_login}</arg>
</arguments>
<msg timestamp="20200227 00:09:06.459" level="INFO">Clicking element 'class:btn-login'.</msg>
<status status="PASS" starttime="20200227 00:09:06.459" endtime="20200227 00:09:07.222"></status>
</kw>
<status status="PASS" starttime="20200227 00:09:05.875" endtime="20200227 00:09:07.222"></status>
</kw>
<kw name="should see logged user">
<arguments>
<arg>Tony Stark</arg>
</arguments>
<kw name="Page Should Contain" library="SeleniumLibrary">
<doc>Verifies that current page contains ``text``.</doc>
<arguments>
<arg>Olá, ${user}. Você acessou a área logada!</arg>
</arguments>
<msg timestamp="20200227 00:09:07.267" level="INFO">Current page contains text 'Olá, Tony Stark. Você acessou a área logada!'.</msg>
<status status="PASS" starttime="20200227 00:09:07.228" endtime="20200227 00:09:07.267"></status>
</kw>
<status status="PASS" starttime="20200227 00:09:07.228" endtime="20200227 00:09:07.268"></status>
</kw>
<kw name="Encerra sessao" library="base" type="teardown">
<kw name="Capture Page Screenshot" library="SeleniumLibrary">
<doc>Takes a screenshot of the current page and embeds it into a log file.</doc>
<msg timestamp="20200227 00:09:07.653" level="INFO" html="yes">&lt;/td&gt;&lt;/tr&gt;&lt;tr&gt;&lt;td colspan="3"&gt;&lt;a href="selenium-screenshot-32.png"&gt;&lt;img src="selenium-screenshot-32.png" width="800px"&gt;&lt;/a&gt;</msg>
<status status="PASS" starttime="20200227 00:09:07.271" endtime="20200227 00:09:07.653"></status>
</kw>
<kw name="Close Browser" library="SeleniumLibrary">
<doc>Closes the current browser.</doc>
<status status="PASS" starttime="20200227 00:09:07.653" endtime="20200227 00:09:09.993"></status>
</kw>
<status status="PASS" starttime="20200227 00:09:07.270" endtime="20200227 00:09:09.993"></status>
</kw>
<status status="PASS" starttime="20200227 00:08:57.988" endtime="20200227 00:09:09.994" critical="yes"></status>
</test>
<test id="s1-t2" name="Senha invalida">
<kw name="Nova sessao" library="base" type="setup">
<kw name="Open Browser" library="SeleniumLibrary">
<doc>Opens a new browser instance to the optional ``url``.</doc>
<arguments>
<arg>${url}</arg>
<arg>chrome</arg>
</arguments>
<msg timestamp="20200227 00:09:09.999" level="INFO">Opening browser 'chrome' to base url 'http://training-wheels-protocol.herokuapp.com'.</msg>
<status status="PASS" starttime="20200227 00:09:09.998" endtime="20200227 00:09:15.379"></status>
</kw>
<status status="PASS" starttime="20200227 00:09:09.998" endtime="20200227 00:09:15.379"></status>
</kw>
<kw name="Go To" library="SeleniumLibrary">
<doc>Navigates the current browser window to the provided ``url``.</doc>
<arguments>
<arg>${url}/login</arg>
</arguments>
<msg timestamp="20200227 00:09:15.380" level="INFO">Opening url 'http://training-wheels-protocol.herokuapp.com/login'</msg>
<status status="PASS" starttime="20200227 00:09:15.380" endtime="20200227 00:09:16.066"></status>
</kw>
<kw name="Login with">
<arguments>
<arg>stark</arg>
<arg>SenhaInvalida!</arg>
</arguments>
<kw name="Input Text" library="SeleniumLibrary">
<doc>Types the given ``text`` into the text field identified by ``locator``.</doc>
<arguments>
<arg>${login}</arg>
<arg>${username}</arg>
</arguments>
<msg timestamp="20200227 00:09:16.067" level="INFO">Typing text 'stark' into text field 'css:input[name=username]'.</msg>
<status status="PASS" starttime="20200227 00:09:16.067" endtime="20200227 00:09:16.170"></status>
</kw>
<kw name="Input Text" library="SeleniumLibrary">
<doc>Types the given ``text`` into the text field identified by ``locator``.</doc>
<arguments>
<arg>${password}</arg>
<arg>${pass}</arg>
</arguments>
<msg timestamp="20200227 00:09:16.170" level="INFO">Typing text 'SenhaInvalida!' into text field 'css:input[name=password]'.</msg>
<status status="PASS" starttime="20200227 00:09:16.170" endtime="20200227 00:09:16.313"></status>
</kw>
<kw name="Click Element" library="SeleniumLibrary">
<doc>Click the element identified by ``locator``.</doc>
<arguments>
<arg>${button_login}</arg>
</arguments>
<msg timestamp="20200227 00:09:16.313" level="INFO">Clicking element 'class:btn-login'.</msg>
<status status="PASS" starttime="20200227 00:09:16.313" endtime="20200227 00:09:17.075"></status>
</kw>
<status status="PASS" starttime="20200227 00:09:16.067" endtime="20200227 00:09:17.076"></status>
</kw>
<kw name="should contain login alert">
<arguments>
<arg>Senha é invalida!</arg>
</arguments>
<kw name="Get WebElement" library="SeleniumLibrary">
<doc>Returns the first WebElement matching the given ``locator``.</doc>
<arguments>
<arg>${flash}</arg>
</arguments>
<assign>
<var>${message}</var>
</assign>
<msg timestamp="20200227 00:09:17.099" level="INFO">${message} = &lt;selenium.webdriver.remote.webelement.WebElement (session="1d2b3242089c2b24ed7f26538d2bdb70", element="2f778126-8b5e-45ba-9da2-e07022a7202c")&gt;</msg>
<status status="PASS" starttime="20200227 00:09:17.080" endtime="20200227 00:09:17.099"></status>
</kw>
<kw name="Should Contain" library="BuiltIn">
<doc>Fails if ``container`` does not contain ``item`` one or more times.</doc>
<arguments>
<arg>${message.text}</arg>
<arg>${expect_message}</arg>
</arguments>
<status status="PASS" starttime="20200227 00:09:17.099" endtime="20200227 00:09:17.128"></status>
</kw>
<status status="PASS" starttime="20200227 00:09:17.079" endtime="20200227 00:09:17.129"></status>
</kw>
<kw name="Encerra sessao" library="base" type="teardown">
<kw name="Capture Page Screenshot" library="SeleniumLibrary">
<doc>Takes a screenshot of the current page and embeds it into a log file.</doc>
<msg timestamp="20200227 00:09:17.450" level="INFO" html="yes">&lt;/td&gt;&lt;/tr&gt;&lt;tr&gt;&lt;td colspan="3"&gt;&lt;a href="selenium-screenshot-33.png"&gt;&lt;img src="selenium-screenshot-33.png" width="800px"&gt;&lt;/a&gt;</msg>
<status status="PASS" starttime="20200227 00:09:17.130" endtime="20200227 00:09:17.451"></status>
</kw>
<kw name="Close Browser" library="SeleniumLibrary">
<doc>Closes the current browser.</doc>
<status status="PASS" starttime="20200227 00:09:17.451" endtime="20200227 00:09:19.653"></status>
</kw>
<status status="PASS" starttime="20200227 00:09:17.129" endtime="20200227 00:09:19.653"></status>
</kw>
<status status="PASS" starttime="20200227 00:09:09.997" endtime="20200227 00:09:19.654" critical="yes"></status>
</test>
<test id="s1-t3" name="login invalido">
<kw name="Nova sessao" library="base" type="setup">
<kw name="Open Browser" library="SeleniumLibrary">
<doc>Opens a new browser instance to the optional ``url``.</doc>
<arguments>
<arg>${url}</arg>
<arg>chrome</arg>
</arguments>
<msg timestamp="20200227 00:09:19.659" level="INFO">Opening browser 'chrome' to base url 'http://training-wheels-protocol.herokuapp.com'.</msg>
<status status="PASS" starttime="20200227 00:09:19.659" endtime="20200227 00:09:25.490"></status>
</kw>
<status status="PASS" starttime="20200227 00:09:19.658" endtime="20200227 00:09:25.490"></status>
</kw>
<kw name="Go To" library="SeleniumLibrary">
<doc>Navigates the current browser window to the provided ``url``.</doc>
<arguments>
<arg>${url}/login</arg>
</arguments>
<msg timestamp="20200227 00:09:25.491" level="INFO">Opening url 'http://training-wheels-protocol.herokuapp.com/login'</msg>
<status status="PASS" starttime="20200227 00:09:25.491" endtime="20200227 00:09:26.238"></status>
</kw>
<kw name="Login with">
<arguments>
<arg>LoginInvalido</arg>
<arg>SenhaInvalida!</arg>
</arguments>
<kw name="Input Text" library="SeleniumLibrary">
<doc>Types the given ``text`` into the text field identified by ``locator``.</doc>
<arguments>
<arg>${login}</arg>
<arg>${username}</arg>
</arguments>
<msg timestamp="20200227 00:09:26.240" level="INFO">Typing text 'LoginInvalido' into text field 'css:input[name=username]'.</msg>
<status status="PASS" starttime="20200227 00:09:26.239" endtime="20200227 00:09:26.400"></status>
</kw>
<kw name="Input Text" library="SeleniumLibrary">
<doc>Types the given ``text`` into the text field identified by ``locator``.</doc>
<arguments>
<arg>${password}</arg>
<arg>${pass}</arg>
</arguments>
<msg timestamp="20200227 00:09:26.400" level="INFO">Typing text 'SenhaInvalida!' into text field 'css:input[name=password]'.</msg>
<status status="PASS" starttime="20200227 00:09:26.400" endtime="20200227 00:09:26.695"></status>
</kw>
<kw name="Click Element" library="SeleniumLibrary">
<doc>Click the element identified by ``locator``.</doc>
<arguments>
<arg>${button_login}</arg>
</arguments>
<msg timestamp="20200227 00:09:26.695" level="INFO">Clicking element 'class:btn-login'.</msg>
<status status="PASS" starttime="20200227 00:09:26.695" endtime="20200227 00:09:27.394"></status>
</kw>
<status status="PASS" starttime="20200227 00:09:26.239" endtime="20200227 00:09:27.395"></status>
</kw>
<kw name="should contain login alert">
<arguments>
<arg>O usuário informado não está cadastrado!</arg>
</arguments>
<kw name="Get WebElement" library="SeleniumLibrary">
<doc>Returns the first WebElement matching the given ``locator``.</doc>
<arguments>
<arg>${flash}</arg>
</arguments>
<assign>
<var>${message}</var>
</assign>
<msg timestamp="20200227 00:09:27.423" level="INFO">${message} = &lt;selenium.webdriver.remote.webelement.WebElement (session="75e8026571234eb91d130d2147c12824", element="79a3890e-2616-4d1d-bf66-c48916d27bf2")&gt;</msg>
<status status="PASS" starttime="20200227 00:09:27.400" endtime="20200227 00:09:27.423"></status>
</kw>
<kw name="Should Contain" library="BuiltIn">
<doc>Fails if ``container`` does not contain ``item`` one or more times.</doc>
<arguments>
<arg>${message.text}</arg>
<arg>${expect_message}</arg>
</arguments>
<status status="PASS" starttime="20200227 00:09:27.423" endtime="20200227 00:09:27.452"></status>
</kw>
<status status="PASS" starttime="20200227 00:09:27.400" endtime="20200227 00:09:27.453"></status>
</kw>
<kw name="Encerra sessao" library="base" type="teardown">
<kw name="Capture Page Screenshot" library="SeleniumLibrary">
<doc>Takes a screenshot of the current page and embeds it into a log file.</doc>
<msg timestamp="20200227 00:09:27.791" level="INFO" html="yes">&lt;/td&gt;&lt;/tr&gt;&lt;tr&gt;&lt;td colspan="3"&gt;&lt;a href="selenium-screenshot-34.png"&gt;&lt;img src="selenium-screenshot-34.png" width="800px"&gt;&lt;/a&gt;</msg>
<status status="PASS" starttime="20200227 00:09:27.454" endtime="20200227 00:09:27.791"></status>
</kw>
<kw name="Close Browser" library="SeleniumLibrary">
<doc>Closes the current browser.</doc>
<status status="PASS" starttime="20200227 00:09:27.791" endtime="20200227 00:09:30.039"></status>
</kw>
<status status="PASS" starttime="20200227 00:09:27.453" endtime="20200227 00:09:30.039"></status>
</kw>
<status status="PASS" starttime="20200227 00:09:19.657" endtime="20200227 00:09:30.040" critical="yes"></status>
</test>
<status status="PASS" starttime="20200227 00:08:57.596" endtime="20200227 00:09:30.044"></status>
</suite>
<statistics>
<total>
<stat pass="3" fail="0">Critical Tests</stat>
<stat pass="3" fail="0">All Tests</stat>
</total>
<tag>
</tag>
<suite>
<stat pass="3" fail="0" id="s1" name="Forms">Forms</stat>
</suite>
</statistics>
<errors>
</errors>
</robot>
