<?xml version="1.0" encoding="UTF-8"?>
<robot generator="Robot 3.1.2 (Python 3.7.4 on win32)" generated="20200405 14:11:09.788" rpa="false">
<suite id="s1" name="Campos Obrigatorios" source="E:\qaninja\robot\bikelov\tests\campos_obrigatorios.robot">
<kw name="Run Keywords" library="BuiltIn" type="setup">
<doc>Executes all the given keywords in a sequence.</doc>
<arguments>
<arg>Logged with telverneck@hotmail.com</arg>
<arg>AND</arg>
<arg>E eu acesso o formulario de cadastro de anuncio</arg>
</arguments>
<kw name="Logged with telverneck@hotmail.com" library="base">
<kw name="Start Session" library="base">
<kw name="Open Browser" library="SeleniumLibrary">
<doc>Opens a new browser instance to the optional ``url``.</doc>
<arguments>
<arg>about:blank</arg>
<arg>chrome</arg>
</arguments>
<msg timestamp="20200405 14:11:10.159" level="INFO">Opening browser 'chrome' to base url 'about:blank'.</msg>
<status status="PASS" starttime="20200405 14:11:10.159" endtime="20200405 14:11:12.829"></status>
</kw>
<kw name="Set Selenium Implicit Wait" library="SeleniumLibrary">
<doc>Sets the implicit wait value used by Selenium.</doc>
<arguments>
<arg>10</arg>
</arguments>
<status status="PASS" starttime="20200405 14:11:12.830" endtime="20200405 14:11:12.834"></status>
</kw>
<kw name="Set Window Size" library="SeleniumLibrary">
<doc>Sets current windows size to given ``width`` and ``height``.</doc>
<arguments>
<arg>1440</arg>
<arg>900</arg>
</arguments>
<status status="PASS" starttime="20200405 14:11:12.834" endtime="20200405 14:11:13.952"></status>
</kw>
<status status="PASS" starttime="20200405 14:11:10.158" endtime="20200405 14:11:13.952"></status>
</kw>
<kw name="Go To" library="SeleniumLibrary">
<doc>Navigates the current browser window to the provided ``url``.</doc>
<arguments>
<arg>${url}</arg>
</arguments>
<msg timestamp="20200405 14:11:13.952" level="INFO">Opening url 'http://bikelov-anunciante.herokuapp.com/'</msg>
<status status="PASS" starttime="20200405 14:11:13.952" endtime="20200405 14:11:35.918"></status>
</kw>
<kw name="Input Text" library="SeleniumLibrary">
<doc>Types the given ``text`` into the text field identified by ``locator``.</doc>
<arguments>
<arg>${emailID}</arg>
<arg>${email}</arg>
</arguments>
<msg timestamp="20200405 14:11:35.918" level="INFO">Typing text 'telverneck@hotmail.com' into text field 'id:email'.</msg>
<status status="PASS" starttime="20200405 14:11:35.918" endtime="20200405 14:11:36.734"></status>
</kw>
<kw name="Click Button" library="SeleniumLibrary">
<doc>Clicks the button identified by ``locator``.</doc>
<arguments>
<arg>${buttonEnter}</arg>
</arguments>
<msg timestamp="20200405 14:11:36.735" level="INFO">Clicking button 'xpath://button[contains(text(), "Quero Anúnciar")]'.</msg>
<status status="PASS" starttime="20200405 14:11:36.734" endtime="20200405 14:11:36.852"></status>
</kw>
<kw name="Page Should Contain Element" library="SeleniumLibrary">
<doc>Verifies that element ``locator`` is found on the current page.</doc>
<arguments>
<arg>${dashboard}</arg>
</arguments>
<msg timestamp="20200405 14:11:39.299" level="INFO">Current page contains element 'class:dashboard'.</msg>
<status status="PASS" starttime="20200405 14:11:36.852" endtime="20200405 14:11:39.299"></status>
</kw>
<status status="PASS" starttime="20200405 14:11:10.157" endtime="20200405 14:11:39.299"></status>
</kw>
<kw name="E eu acesso o formulario de cadastro de anuncio" library="steps_kw">
<kw name="Click Link" library="SeleniumLibrary">
<doc>Clicks a link identified by ``locator``.</doc>
<arguments>
<arg>/new</arg>
</arguments>
<msg timestamp="20200405 14:11:39.301" level="INFO">Clicking link '/new'.</msg>
<status status="PASS" starttime="20200405 14:11:39.300" endtime="20200405 14:11:40.430"></status>
</kw>
<status status="PASS" starttime="20200405 14:11:39.300" endtime="20200405 14:11:40.430"></status>
</kw>
<status status="PASS" starttime="20200405 14:11:10.157" endtime="20200405 14:11:40.430"></status>
</kw>
<test id="s1-t1" name="Sem foto no anuncio">
<kw name="Anuncio nao cadastrado">
<arguments>
<arg>${no_thumb}</arg>
<arg>Precisamos de uma foto para o seu anúncio!</arg>
</arguments>
<kw name="Dado eu tenho uma ${bike}" library="steps_kw">
<kw name="Evaluate" library="BuiltIn">
<doc>Evaluates the given expression in Python and returns the results.</doc>
<arguments>
<arg>json.loads($bike_string)</arg>
<arg>json</arg>
</arguments>
<assign>
<var>${bike_json}</var>
</assign>
<msg timestamp="20200405 14:11:40.445" level="INFO">${bike_json} = {'thumb': '', 'name': 'Rocker 26 marchas', 'brand': 'Shimano', 'price': '15'}</msg>
<status status="PASS" starttime="20200405 14:11:40.434" endtime="20200405 14:11:40.445"></status>
</kw>
<kw name="Log" library="BuiltIn">
<doc>Logs the given message with the given level.</doc>
<arguments>
<arg>${bike_json}</arg>
</arguments>
<msg timestamp="20200405 14:11:40.445" level="INFO">{'thumb': '', 'name': 'Rocker 26 marchas', 'brand': 'Shimano', 'price': '15'}</msg>
<status status="PASS" starttime="20200405 14:11:40.445" endtime="20200405 14:11:40.445"></status>
</kw>
<kw name="Set Test Variable" library="BuiltIn">
<doc>Makes a variable available everywhere within the scope of the current test.</doc>
<arguments>
<arg>${bike_json}</arg>
</arguments>
<msg timestamp="20200405 14:11:40.446" level="INFO">${bike_json} = {'thumb': '', 'name': 'Rocker 26 marchas', 'brand': 'Shimano', 'price': '15'}</msg>
<status status="PASS" starttime="20200405 14:11:40.445" endtime="20200405 14:11:40.446"></status>
</kw>
<kw name="Remove Bike" library="mongo">
<arguments>
<arg>${bike_json['name']}</arg>
</arguments>
<status status="PASS" starttime="20200405 14:11:40.446" endtime="20200405 14:11:48.274"></status>
</kw>
<status status="PASS" starttime="20200405 14:11:40.434" endtime="20200405 14:11:48.274"></status>
</kw>
<kw name="Quando eu faço o anuncio desta bike" library="steps_kw">
<kw name="Run Keyword If" library="BuiltIn">
<doc>Runs the given keyword with the given arguments, if ``condition`` is true.</doc>
<arguments>
<arg>'${bike_json['thumb']}'</arg>
<arg>Choose file</arg>
<arg>${thumbnailInput}</arg>
<arg>E:\\qaninja\\robot\\bikelov\\resources/images/${bike_json['thumb']}</arg>
</arguments>
<status status="PASS" starttime="20200405 14:11:48.275" endtime="20200405 14:11:48.275"></status>
</kw>
<kw name="Clear Element Text" library="SeleniumLibrary">
<doc>Clears the value of the text-input-element identified by ``locator``.</doc>
<arguments>
<arg>${bikeName}</arg>
</arguments>
<status status="PASS" starttime="20200405 14:11:48.276" endtime="20200405 14:11:48.331"></status>
</kw>
<kw name="Input Text" library="SeleniumLibrary">
<doc>Types the given ``text`` into the text field identified by ``locator``.</doc>
<arguments>
<arg>${bikeName}</arg>
<arg>${bike_json['name']}</arg>
</arguments>
<msg timestamp="20200405 14:11:48.332" level="INFO">Typing text 'Rocker 26 marchas' into text field 'id:name'.</msg>
<status status="PASS" starttime="20200405 14:11:48.331" endtime="20200405 14:11:48.550"></status>
</kw>
<kw name="Clear Element Text" library="SeleniumLibrary">
<doc>Clears the value of the text-input-element identified by ``locator``.</doc>
<arguments>
<arg>${bikeBrand}</arg>
</arguments>
<status status="PASS" starttime="20200405 14:11:48.551" endtime="20200405 14:11:48.625"></status>
</kw>
<kw name="Input Text" library="SeleniumLibrary">
<doc>Types the given ``text`` into the text field identified by ``locator``.</doc>
<arguments>
<arg>${bikeBrand}</arg>
<arg>${bike_json['brand']}</arg>
</arguments>
<msg timestamp="20200405 14:11:48.626" level="INFO">Typing text 'Shimano' into text field 'id:brand'.</msg>
<status status="PASS" starttime="20200405 14:11:48.625" endtime="20200405 14:11:48.751"></status>
</kw>
<kw name="Input Text" library="SeleniumLibrary">
<doc>Types the given ``text`` into the text field identified by ``locator``.</doc>
<arguments>
<arg>${bikePrice}</arg>
<arg>${bike_json['price']}</arg>
</arguments>
<msg timestamp="20200405 14:11:48.752" level="INFO">Typing text '15' into text field 'xpath://input[@placeholder = "Valor cobrado por dia"]'.</msg>
<status status="PASS" starttime="20200405 14:11:48.751" endtime="20200405 14:11:48.902"></status>
</kw>
<kw name="Click Button" library="SeleniumLibrary">
<doc>Clicks the button identified by ``locator``.</doc>
<arguments>
<arg>${bikeRegister}</arg>
</arguments>
<msg timestamp="20200405 14:11:48.903" level="INFO">Clicking button 'css:.btn-red'.</msg>
<status status="PASS" starttime="20200405 14:11:48.902" endtime="20200405 14:11:49.012"></status>
</kw>
<kw name="Sleep" library="BuiltIn">
<doc>Pauses the test executed for the given time.</doc>
<arguments>
<arg>3</arg>
</arguments>
<msg timestamp="20200405 14:11:52.014" level="INFO">Slept 3 seconds</msg>
<status status="PASS" starttime="20200405 14:11:49.012" endtime="20200405 14:11:52.014"></status>
</kw>
<status status="PASS" starttime="20200405 14:11:48.274" endtime="20200405 14:11:52.014"></status>
</kw>
<kw name="Entao devo ver uma mensagem de erro &quot;${error}&quot;" library="steps_kw">
<kw name="Element Text Should Be" library="SeleniumLibrary">
<doc>Verifies that element ``locator`` contains exact the text ``expected``.</doc>
<arguments>
<arg>${alertError}</arg>
<arg>${expect_message}</arg>
</arguments>
<msg timestamp="20200405 14:11:52.015" level="INFO">Verifying element 'class:alert-error' contains exact text 'Precisamos de uma foto para o seu anúncio!'.</msg>
<status status="PASS" starttime="20200405 14:11:52.015" endtime="20200405 14:11:52.053"></status>
</kw>
<status status="PASS" starttime="20200405 14:11:52.014" endtime="20200405 14:11:52.053"></status>
</kw>
<status status="PASS" starttime="20200405 14:11:40.433" endtime="20200405 14:11:52.053"></status>
</kw>
<kw name="End Test" library="base" type="teardown">
<kw name="Capture Page Screenshot" library="SeleniumLibrary">
<doc>Takes a screenshot of the current page and embeds it into a log file.</doc>
<msg timestamp="20200405 14:11:52.484" level="INFO" html="yes">&lt;/td&gt;&lt;/tr&gt;&lt;tr&gt;&lt;td colspan="3"&gt;&lt;a href="selenium-screenshot-129.png"&gt;&lt;img src="selenium-screenshot-129.png" width="800px"&gt;&lt;/a&gt;</msg>
<status status="PASS" starttime="20200405 14:11:52.055" endtime="20200405 14:11:52.484"></status>
</kw>
<status status="PASS" starttime="20200405 14:11:52.054" endtime="20200405 14:11:52.484"></status>
</kw>
<status status="PASS" starttime="20200405 14:11:40.430" endtime="20200405 14:11:52.485" critical="yes"></status>
</test>
<test id="s1-t2" name="Nao informa o nome">
<kw name="Anuncio nao cadastrado">
<arguments>
<arg>${no_name}</arg>
<arg>Informe a descrição do anúncio!</arg>
</arguments>
<kw name="Dado eu tenho uma ${bike}" library="steps_kw">
<kw name="Evaluate" library="BuiltIn">
<doc>Evaluates the given expression in Python and returns the results.</doc>
<arguments>
<arg>json.loads($bike_string)</arg>
<arg>json</arg>
</arguments>
<assign>
<var>${bike_json}</var>
</assign>
<msg timestamp="20200405 14:11:52.491" level="INFO">${bike_json} = {'thumb': 'elleven.jpg', 'name': '', 'brand': 'Shimano', 'price': '15'}</msg>
<status status="PASS" starttime="20200405 14:11:52.489" endtime="20200405 14:11:52.491"></status>
</kw>
<kw name="Log" library="BuiltIn">
<doc>Logs the given message with the given level.</doc>
<arguments>
<arg>${bike_json}</arg>
</arguments>
<msg timestamp="20200405 14:11:52.491" level="INFO">{'thumb': 'elleven.jpg', 'name': '', 'brand': 'Shimano', 'price': '15'}</msg>
<status status="PASS" starttime="20200405 14:11:52.491" endtime="20200405 14:11:52.491"></status>
</kw>
<kw name="Set Test Variable" library="BuiltIn">
<doc>Makes a variable available everywhere within the scope of the current test.</doc>
<arguments>
<arg>${bike_json}</arg>
</arguments>
<msg timestamp="20200405 14:11:52.492" level="INFO">${bike_json} = {'thumb': 'elleven.jpg', 'name': '', 'brand': 'Shimano', 'price': '15'}</msg>
<status status="PASS" starttime="20200405 14:11:52.491" endtime="20200405 14:11:52.492"></status>
</kw>
<kw name="Remove Bike" library="mongo">
<arguments>
<arg>${bike_json['name']}</arg>
</arguments>
<status status="PASS" starttime="20200405 14:11:52.493" endtime="20200405 14:11:53.033"></status>
</kw>
<status status="PASS" starttime="20200405 14:11:52.489" endtime="20200405 14:11:53.033"></status>
</kw>
<kw name="Quando eu faço o anuncio desta bike" library="steps_kw">
<kw name="Run Keyword If" library="BuiltIn">
<doc>Runs the given keyword with the given arguments, if ``condition`` is true.</doc>
<arguments>
<arg>'${bike_json['thumb']}'</arg>
<arg>Choose file</arg>
<arg>${thumbnailInput}</arg>
<arg>E:\\qaninja\\robot\\bikelov\\resources/images/${bike_json['thumb']}</arg>
</arguments>
<kw name="Choose File" library="SeleniumLibrary">
<doc>Inputs the ``file_path`` into the file input field ``locator``.</doc>
<arguments>
<arg>${thumbnailInput}</arg>
<arg>E:\\qaninja\\robot\\bikelov\\resources/images/${bike_json['thumb']}</arg>
</arguments>
<msg timestamp="20200405 14:11:53.035" level="INFO">Sending E:\qaninja\robot\bikelov\resources\images\elleven.jpg to browser.</msg>
<status status="PASS" starttime="20200405 14:11:53.035" endtime="20200405 14:11:53.093"></status>
</kw>
<status status="PASS" starttime="20200405 14:11:53.034" endtime="20200405 14:11:53.093"></status>
</kw>
<kw name="Clear Element Text" library="SeleniumLibrary">
<doc>Clears the value of the text-input-element identified by ``locator``.</doc>
<arguments>
<arg>${bikeName}</arg>
</arguments>
<status status="PASS" starttime="20200405 14:11:53.093" endtime="20200405 14:11:53.171"></status>
</kw>
<kw name="Input Text" library="SeleniumLibrary">
<doc>Types the given ``text`` into the text field identified by ``locator``.</doc>
<arguments>
<arg>${bikeName}</arg>
<arg>${bike_json['name']}</arg>
</arguments>
<msg timestamp="20200405 14:11:53.172" level="INFO">Typing text '' into text field 'id:name'.</msg>
<status status="PASS" starttime="20200405 14:11:53.172" endtime="20200405 14:11:53.251"></status>
</kw>
<kw name="Clear Element Text" library="SeleniumLibrary">
<doc>Clears the value of the text-input-element identified by ``locator``.</doc>
<arguments>
<arg>${bikeBrand}</arg>
</arguments>
<status status="PASS" starttime="20200405 14:11:53.251" endtime="20200405 14:11:53.290"></status>
</kw>
<kw name="Input Text" library="SeleniumLibrary">
<doc>Types the given ``text`` into the text field identified by ``locator``.</doc>
<arguments>
<arg>${bikeBrand}</arg>
<arg>${bike_json['brand']}</arg>
</arguments>
<msg timestamp="20200405 14:11:53.290" level="INFO">Typing text 'Shimano' into text field 'id:brand'.</msg>
<status status="PASS" starttime="20200405 14:11:53.290" endtime="20200405 14:11:53.427"></status>
</kw>
<kw name="Input Text" library="SeleniumLibrary">
<doc>Types the given ``text`` into the text field identified by ``locator``.</doc>
<arguments>
<arg>${bikePrice}</arg>
<arg>${bike_json['price']}</arg>
</arguments>
<msg timestamp="20200405 14:11:53.428" level="INFO">Typing text '15' into text field 'xpath://input[@placeholder = "Valor cobrado por dia"]'.</msg>
<status status="PASS" starttime="20200405 14:11:53.427" endtime="20200405 14:11:53.536"></status>
</kw>
<kw name="Click Button" library="SeleniumLibrary">
<doc>Clicks the button identified by ``locator``.</doc>
<arguments>
<arg>${bikeRegister}</arg>
</arguments>
<msg timestamp="20200405 14:11:53.537" level="INFO">Clicking button 'css:.btn-red'.</msg>
<status status="PASS" starttime="20200405 14:11:53.536" endtime="20200405 14:11:53.637"></status>
</kw>
<kw name="Sleep" library="BuiltIn">
<doc>Pauses the test executed for the given time.</doc>
<arguments>
<arg>3</arg>
</arguments>
<msg timestamp="20200405 14:11:56.638" level="INFO">Slept 3 seconds</msg>
<status status="PASS" starttime="20200405 14:11:53.637" endtime="20200405 14:11:56.638"></status>
</kw>
<status status="PASS" starttime="20200405 14:11:53.033" endtime="20200405 14:11:56.638"></status>
</kw>
<kw name="Entao devo ver uma mensagem de erro &quot;${error}&quot;" library="steps_kw">
<kw name="Element Text Should Be" library="SeleniumLibrary">
<doc>Verifies that element ``locator`` contains exact the text ``expected``.</doc>
<arguments>
<arg>${alertError}</arg>
<arg>${expect_message}</arg>
</arguments>
<msg timestamp="20200405 14:11:56.640" level="INFO">Verifying element 'class:alert-error' contains exact text 'Informe a descrição do anúncio!'.</msg>
<status status="PASS" starttime="20200405 14:11:56.639" endtime="20200405 14:11:56.658"></status>
</kw>
<status status="PASS" starttime="20200405 14:11:56.638" endtime="20200405 14:11:56.658"></status>
</kw>
<status status="PASS" starttime="20200405 14:11:52.488" endtime="20200405 14:11:56.658"></status>
</kw>
<kw name="End Test" library="base" type="teardown">
<kw name="Capture Page Screenshot" library="SeleniumLibrary">
<doc>Takes a screenshot of the current page and embeds it into a log file.</doc>
<msg timestamp="20200405 14:11:57.038" level="INFO" html="yes">&lt;/td&gt;&lt;/tr&gt;&lt;tr&gt;&lt;td colspan="3"&gt;&lt;a href="selenium-screenshot-130.png"&gt;&lt;img src="selenium-screenshot-130.png" width="800px"&gt;&lt;/a&gt;</msg>
<status status="PASS" starttime="20200405 14:11:56.660" endtime="20200405 14:11:57.039"></status>
</kw>
<status status="PASS" starttime="20200405 14:11:56.659" endtime="20200405 14:11:57.039"></status>
</kw>
<status status="PASS" starttime="20200405 14:11:52.487" endtime="20200405 14:11:57.040" critical="yes"></status>
</test>
<test id="s1-t3" name="Nao informa a marca">
<kw name="Anuncio nao cadastrado">
<arguments>
<arg>${no_brand}</arg>
<arg>Informe a marca da sua Bike :)</arg>
</arguments>
<kw name="Dado eu tenho uma ${bike}" library="steps_kw">
<kw name="Evaluate" library="BuiltIn">
<doc>Evaluates the given expression in Python and returns the results.</doc>
<arguments>
<arg>json.loads($bike_string)</arg>
<arg>json</arg>
</arguments>
<assign>
<var>${bike_json}</var>
</assign>
<msg timestamp="20200405 14:11:57.044" level="INFO">${bike_json} = {'thumb': 'elleven.jpg', 'name': 'Rocker 26 marchas', 'brand': '', 'price': '15'}</msg>
<status status="PASS" starttime="20200405 14:11:57.042" endtime="20200405 14:11:57.044"></status>
</kw>
<kw name="Log" library="BuiltIn">
<doc>Logs the given message with the given level.</doc>
<arguments>
<arg>${bike_json}</arg>
</arguments>
<msg timestamp="20200405 14:11:57.044" level="INFO">{'thumb': 'elleven.jpg', 'name': 'Rocker 26 marchas', 'brand': '', 'price': '15'}</msg>
<status status="PASS" starttime="20200405 14:11:57.044" endtime="20200405 14:11:57.044"></status>
</kw>
<kw name="Set Test Variable" library="BuiltIn">
<doc>Makes a variable available everywhere within the scope of the current test.</doc>
<arguments>
<arg>${bike_json}</arg>
</arguments>
<msg timestamp="20200405 14:11:57.045" level="INFO">${bike_json} = {'thumb': 'elleven.jpg', 'name': 'Rocker 26 marchas', 'brand': '', 'price': '15'}</msg>
<status status="PASS" starttime="20200405 14:11:57.044" endtime="20200405 14:11:57.045"></status>
</kw>
<kw name="Remove Bike" library="mongo">
<arguments>
<arg>${bike_json['name']}</arg>
</arguments>
<status status="PASS" starttime="20200405 14:11:57.045" endtime="20200405 14:11:58.554"></status>
</kw>
<status status="PASS" starttime="20200405 14:11:57.042" endtime="20200405 14:11:58.554"></status>
</kw>
<kw name="Quando eu faço o anuncio desta bike" library="steps_kw">
<kw name="Run Keyword If" library="BuiltIn">
<doc>Runs the given keyword with the given arguments, if ``condition`` is true.</doc>
<arguments>
<arg>'${bike_json['thumb']}'</arg>
<arg>Choose file</arg>
<arg>${thumbnailInput}</arg>
<arg>E:\\qaninja\\robot\\bikelov\\resources/images/${bike_json['thumb']}</arg>
</arguments>
<kw name="Choose File" library="SeleniumLibrary">
<doc>Inputs the ``file_path`` into the file input field ``locator``.</doc>
<arguments>
<arg>${thumbnailInput}</arg>
<arg>E:\\qaninja\\robot\\bikelov\\resources/images/${bike_json['thumb']}</arg>
</arguments>
<msg timestamp="20200405 14:11:58.557" level="INFO">Sending E:\qaninja\robot\bikelov\resources\images\elleven.jpg to browser.</msg>
<status status="PASS" starttime="20200405 14:11:58.556" endtime="20200405 14:11:58.583"></status>
</kw>
<status status="PASS" starttime="20200405 14:11:58.555" endtime="20200405 14:11:58.583"></status>
</kw>
<kw name="Clear Element Text" library="SeleniumLibrary">
<doc>Clears the value of the text-input-element identified by ``locator``.</doc>
<arguments>
<arg>${bikeName}</arg>
</arguments>
<status status="PASS" starttime="20200405 14:11:58.583" endtime="20200405 14:11:58.626"></status>
</kw>
<kw name="Input Text" library="SeleniumLibrary">
<doc>Types the given ``text`` into the text field identified by ``locator``.</doc>
<arguments>
<arg>${bikeName}</arg>
<arg>${bike_json['name']}</arg>
</arguments>
<msg timestamp="20200405 14:11:58.627" level="INFO">Typing text 'Rocker 26 marchas' into text field 'id:name'.</msg>
<status status="PASS" starttime="20200405 14:11:58.626" endtime="20200405 14:11:58.910"></status>
</kw>
<kw name="Clear Element Text" library="SeleniumLibrary">
<doc>Clears the value of the text-input-element identified by ``locator``.</doc>
<arguments>
<arg>${bikeBrand}</arg>
</arguments>
<status status="PASS" starttime="20200405 14:11:58.910" endtime="20200405 14:11:58.970"></status>
</kw>
<kw name="Input Text" library="SeleniumLibrary">
<doc>Types the given ``text`` into the text field identified by ``locator``.</doc>
<arguments>
<arg>${bikeBrand}</arg>
<arg>${bike_json['brand']}</arg>
</arguments>
<msg timestamp="20200405 14:11:58.971" level="INFO">Typing text '' into text field 'id:brand'.</msg>
<status status="PASS" starttime="20200405 14:11:58.970" endtime="20200405 14:11:59.103"></status>
</kw>
<kw name="Input Text" library="SeleniumLibrary">
<doc>Types the given ``text`` into the text field identified by ``locator``.</doc>
<arguments>
<arg>${bikePrice}</arg>
<arg>${bike_json['price']}</arg>
</arguments>
<msg timestamp="20200405 14:11:59.103" level="INFO">Typing text '15' into text field 'xpath://input[@placeholder = "Valor cobrado por dia"]'.</msg>
<status status="PASS" starttime="20200405 14:11:59.103" endtime="20200405 14:11:59.195"></status>
</kw>
<kw name="Click Button" library="SeleniumLibrary">
<doc>Clicks the button identified by ``locator``.</doc>
<arguments>
<arg>${bikeRegister}</arg>
</arguments>
<msg timestamp="20200405 14:11:59.195" level="INFO">Clicking button 'css:.btn-red'.</msg>
<status status="PASS" starttime="20200405 14:11:59.195" endtime="20200405 14:11:59.268"></status>
</kw>
<kw name="Sleep" library="BuiltIn">
<doc>Pauses the test executed for the given time.</doc>
<arguments>
<arg>3</arg>
</arguments>
<msg timestamp="20200405 14:12:02.269" level="INFO">Slept 3 seconds</msg>
<status status="PASS" starttime="20200405 14:11:59.269" endtime="20200405 14:12:02.269"></status>
</kw>
<status status="PASS" starttime="20200405 14:11:58.554" endtime="20200405 14:12:02.269"></status>
</kw>
<kw name="Entao devo ver uma mensagem de erro &quot;${error}&quot;" library="steps_kw">
<kw name="Element Text Should Be" library="SeleniumLibrary">
<doc>Verifies that element ``locator`` contains exact the text ``expected``.</doc>
<arguments>
<arg>${alertError}</arg>
<arg>${expect_message}</arg>
</arguments>
<msg timestamp="20200405 14:12:02.270" level="INFO">Verifying element 'class:alert-error' contains exact text 'Informe a marca da sua Bike :)'.</msg>
<status status="PASS" starttime="20200405 14:12:02.269" endtime="20200405 14:12:02.298"></status>
</kw>
<status status="PASS" starttime="20200405 14:12:02.269" endtime="20200405 14:12:02.298"></status>
</kw>
<status status="PASS" starttime="20200405 14:11:57.042" endtime="20200405 14:12:02.299"></status>
</kw>
<kw name="End Test" library="base" type="teardown">
<kw name="Capture Page Screenshot" library="SeleniumLibrary">
<doc>Takes a screenshot of the current page and embeds it into a log file.</doc>
<msg timestamp="20200405 14:12:02.687" level="INFO" html="yes">&lt;/td&gt;&lt;/tr&gt;&lt;tr&gt;&lt;td colspan="3"&gt;&lt;a href="selenium-screenshot-131.png"&gt;&lt;img src="selenium-screenshot-131.png" width="800px"&gt;&lt;/a&gt;</msg>
<status status="PASS" starttime="20200405 14:12:02.301" endtime="20200405 14:12:02.687"></status>
</kw>
<status status="PASS" starttime="20200405 14:12:02.300" endtime="20200405 14:12:02.688"></status>
</kw>
<status status="PASS" starttime="20200405 14:11:57.041" endtime="20200405 14:12:02.688" critical="yes"></status>
</test>
<kw name="End Session" library="base" type="teardown">
<kw name="Close Browser" library="SeleniumLibrary">
<doc>Closes the current browser.</doc>
<status status="PASS" starttime="20200405 14:12:02.691" endtime="20200405 14:12:05.160"></status>
</kw>
<status status="PASS" starttime="20200405 14:12:02.690" endtime="20200405 14:12:05.160"></status>
</kw>
<doc>Anuncio
Para que eu criar novos anuncios para locação
Sendo um usuario que possuo um cadastro
Quero poder incluir um anuncio</doc>
<status status="PASS" starttime="20200405 14:11:09.790" endtime="20200405 14:12:05.160"></status>
</suite>
<statistics>
<total>
<stat pass="3" fail="0">Critical Tests</stat>
<stat pass="3" fail="0">All Tests</stat>
</total>
<tag>
</tag>
<suite>
<stat pass="3" fail="0" id="s1" name="Campos Obrigatorios">Campos Obrigatorios</stat>
</suite>
</statistics>
<errors>
</errors>
</robot>
