<?xml version="1.0" encoding="UTF-8"?>
<robot generator="Robot 3.1.2 (Python 3.7.4 on win32)" generated="20200406 01:11:02.718" rpa="false">
<suite id="s1" name="Get Bike" source="E:\qaninja\robot\bikelov\tests\api\bikes\get_bike.robot">
<test id="s1-t1" name="Get unique bike">
<kw name="Create Session" library="RequestsLibrary" type="setup">
<doc>Create Session: create a HTTP session to a server</doc>
<arguments>
<arg>bikelov</arg>
<arg>${base_url}</arg>
</arguments>
<msg timestamp="20200406 01:11:02.975" level="INFO">Creating Session using : alias=bikelov, url=http://bikelov-api.herokuapp.com, headers={},                     cookies={}, auth=None, timeout=None, proxies=None, verify=False,                     debug=0 </msg>
<status status="PASS" starttime="20200406 01:11:02.975" endtime="20200406 01:11:02.976"></status>
</kw>
<kw name="Get user ID" library="services">
<arguments>
<arg>telverneck15@gmail.com</arg>
</arguments>
<assign>
<var>${user_id}</var>
</assign>
<kw name="Convert to Json" library="helpers">
<arguments>
<arg>{"email": "${email}"}</arg>
</arguments>
<assign>
<var>${payload}</var>
</assign>
<kw name="Evaluate" library="BuiltIn">
<doc>Evaluates the given expression in Python and returns the results.</doc>
<arguments>
<arg>json.loads($target)</arg>
<arg>json</arg>
</arguments>
<assign>
<var>${result}</var>
</assign>
<msg timestamp="20200406 01:11:02.983" level="INFO">${result} = {'email': 'telverneck15@gmail.com'}</msg>
<status status="PASS" starttime="20200406 01:11:02.978" endtime="20200406 01:11:02.983"></status>
</kw>
<msg timestamp="20200406 01:11:02.983" level="INFO">${payload} = {'email': 'telverneck15@gmail.com'}</msg>
<status status="PASS" starttime="20200406 01:11:02.977" endtime="20200406 01:11:02.983"></status>
</kw>
<kw name="Post Session" library="services">
<arguments>
<arg>${payload}</arg>
</arguments>
<assign>
<var>${resp}</var>
</assign>
<kw name="Create Dictionary" library="BuiltIn">
<doc>Creates and returns a dictionary based on the given ``items``.</doc>
<arguments>
<arg>Content-Type=application/json</arg>
</arguments>
<assign>
<var>&amp;{headers}</var>
</assign>
<msg timestamp="20200406 01:11:02.984" level="INFO">&amp;{headers} = { Content-Type=application/json }</msg>
<status status="PASS" starttime="20200406 01:11:02.984" endtime="20200406 01:11:02.984"></status>
</kw>
<kw name="Post Request" library="RequestsLibrary">
<doc>Send a POST request on the session object found using the
given `alias`</doc>
<arguments>
<arg>bikelov</arg>
<arg>/sessions</arg>
<arg>data=${payload}</arg>
<arg>headers=${headers}</arg>
</arguments>
<assign>
<var>${resp}</var>
</assign>
<msg timestamp="20200406 01:11:02.985" level="INFO">POST Request using : uri=/sessions, params=None, files=None, allow_redirects=True, timeout=None
headers={'User-Agent': 'python-requests/2.23.0', 'Accept-Encoding': 'gzip, deflate', 'Accept': '*/*', 'Connection': 'keep-alive', 'Content-Type': 'application/json'} 
data={"email": "telverneck15@gmail.com"} 
json=None</msg>
<msg timestamp="20200406 01:11:04.007" level="INFO">${resp} = &lt;Response [200]&gt;</msg>
<status status="PASS" starttime="20200406 01:11:02.985" endtime="20200406 01:11:04.007"></status>
</kw>
<msg timestamp="20200406 01:11:04.007" level="INFO">${resp} = &lt;Response [200]&gt;</msg>
<status status="PASS" starttime="20200406 01:11:02.983" endtime="20200406 01:11:04.007"></status>
</kw>
<kw name="Convert To String" library="BuiltIn">
<doc>Converts the given item to a Unicode string.</doc>
<arguments>
<arg>${resp.json()['_id']}</arg>
</arguments>
<assign>
<var>${user_id}</var>
</assign>
<msg timestamp="20200406 01:11:04.008" level="INFO">${user_id} = 5e8ab29123ec57001738fc87</msg>
<status status="PASS" starttime="20200406 01:11:04.007" endtime="20200406 01:11:04.008"></status>
</kw>
<msg timestamp="20200406 01:11:04.008" level="INFO">${user_id} = 5e8ab29123ec57001738fc87</msg>
<status status="PASS" starttime="20200406 01:11:02.977" endtime="20200406 01:11:04.008"></status>
</kw>
<kw name="Convert to Json" library="helpers">
<arguments>
<arg>{"name": "Elleven Rocker", "brand": "Shimano", "price": "15", "thumbnail": "elleven.jpg"}</arg>
</arguments>
<assign>
<var>${bike_ad}</var>
</assign>
<kw name="Evaluate" library="BuiltIn">
<doc>Evaluates the given expression in Python and returns the results.</doc>
<arguments>
<arg>json.loads($target)</arg>
<arg>json</arg>
</arguments>
<assign>
<var>${result}</var>
</assign>
<msg timestamp="20200406 01:11:04.010" level="INFO">${result} = {'name': 'Elleven Rocker', 'brand': 'Shimano', 'price': '15', 'thumbnail': 'elleven.jpg'}</msg>
<status status="PASS" starttime="20200406 01:11:04.009" endtime="20200406 01:11:04.010"></status>
</kw>
<msg timestamp="20200406 01:11:04.010" level="INFO">${bike_ad} = {'name': 'Elleven Rocker', 'brand': 'Shimano', 'price': '15', 'thumbnail': 'elleven.jpg'}</msg>
<status status="PASS" starttime="20200406 01:11:04.009" endtime="20200406 01:11:04.010"></status>
</kw>
<kw name="Create Bike Ad" library="mongo">
<arguments>
<arg>${bike_ad}</arg>
<arg>${user_id}</arg>
</arguments>
<assign>
<var>${bike_ad_id}</var>
</assign>
<msg timestamp="20200406 01:11:05.490" level="INFO">${bike_ad_id} = 5e8ab9e9166aeb7724335255</msg>
<status status="PASS" starttime="20200406 01:11:04.011" endtime="20200406 01:11:05.490"></status>
</kw>
<kw name="Get bike ad by ID" library="services">
<arguments>
<arg>${bike_ad_id}</arg>
<arg>${user_id}</arg>
</arguments>
<assign>
<var>${resp}</var>
</assign>
<kw name="Create Dictionary" library="BuiltIn">
<doc>Creates and returns a dictionary based on the given ``items``.</doc>
<arguments>
<arg>Content-Type=application/json</arg>
<arg>user_id=${user_id}</arg>
</arguments>
<assign>
<var>&amp;{headers}</var>
</assign>
<msg timestamp="20200406 01:11:05.491" level="INFO">&amp;{headers} = { Content-Type=application/json | user_id=5e8ab29123ec57001738fc87 }</msg>
<status status="PASS" starttime="20200406 01:11:05.491" endtime="20200406 01:11:05.491"></status>
</kw>
<kw name="Get Request" library="RequestsLibrary">
<doc>Send a GET request on the session object found using the
given `alias`</doc>
<arguments>
<arg>bikelov</arg>
<arg>/bikes/${bike_id}</arg>
<arg>headers=${headers}</arg>
</arguments>
<assign>
<var>${resp}</var>
</assign>
<msg timestamp="20200406 01:11:05.492" level="INFO">GET Request using : uri=/bikes/5e8ab9e9166aeb7724335255, params=None, allow_redirects=True, timeout=None
headers={'User-Agent': 'python-requests/2.23.0', 'Accept-Encoding': 'gzip, deflate', 'Accept': '*/*', 'Connection': 'keep-alive', 'Content-Type': 'application/json', 'user_id': '5e8ab29123ec57001738fc87'} 
data=None 
json=None</msg>
<msg timestamp="20200406 01:11:05.722" level="INFO">${resp} = &lt;Response [200]&gt;</msg>
<status status="PASS" starttime="20200406 01:11:05.492" endtime="20200406 01:11:05.722"></status>
</kw>
<msg timestamp="20200406 01:11:05.722" level="INFO">${resp} = &lt;Response [200]&gt;</msg>
<status status="PASS" starttime="20200406 01:11:05.491" endtime="20200406 01:11:05.722"></status>
</kw>
<kw name="Log" library="BuiltIn">
<doc>Logs the given message with the given level.</doc>
<arguments>
<arg>${resp.text}</arg>
</arguments>
<msg timestamp="20200406 01:11:05.724" level="INFO">{"_id":"5e8ab9e9166aeb7724335255","name":"Elleven Rocker","brand":"Shimano","price":15,"thumbnail":"elleven.jpg","user":"5e8ab29123ec57001738fc87","thumbnail_url":"https://bikelov-api.herokuapp.com/files/elleven.jpg","id":"5e8ab9e9166aeb7724335255"}</msg>
<status status="PASS" starttime="20200406 01:11:05.723" endtime="20200406 01:11:05.724"></status>
</kw>
<kw name="Should Be Equal As Strings" library="BuiltIn">
<doc>Fails if objects are unequal after converting them to strings.</doc>
<arguments>
<arg>${resp.status_code}</arg>
<arg>200</arg>
</arguments>
<msg timestamp="20200406 01:11:05.725" level="INFO">Argument types are:
&lt;class 'int'&gt;
&lt;type 'unicode'&gt;</msg>
<status status="PASS" starttime="20200406 01:11:05.725" endtime="20200406 01:11:05.725"></status>
</kw>
<kw name="Dictionary Should Contain Value" library="Collections">
<doc>Fails if ``value`` is not found from ``dictionary``.</doc>
<arguments>
<arg>${resp.json()}</arg>
<arg>${bike_ad['name']}</arg>
</arguments>
<status status="PASS" starttime="20200406 01:11:05.726" endtime="20200406 01:11:05.727"></status>
</kw>
<kw name="Dictionary Should Contain Value" library="Collections">
<doc>Fails if ``value`` is not found from ``dictionary``.</doc>
<arguments>
<arg>${resp.json()}</arg>
<arg>${bike_ad['brand']}</arg>
</arguments>
<status status="PASS" starttime="20200406 01:11:05.727" endtime="20200406 01:11:05.728"></status>
</kw>
<kw name="Dictionary Should Contain Value" library="Collections">
<doc>Fails if ``value`` is not found from ``dictionary``.</doc>
<arguments>
<arg>${resp.json()}</arg>
<arg>${user_id}</arg>
</arguments>
<status status="PASS" starttime="20200406 01:11:05.730" endtime="20200406 01:11:05.730"></status>
</kw>
<status status="PASS" starttime="20200406 01:11:02.974" endtime="20200406 01:11:05.731" critical="yes"></status>
</test>
<test id="s1-t2" name="Bike ad not found">
<kw name="Create Session" library="RequestsLibrary" type="setup">
<doc>Create Session: create a HTTP session to a server</doc>
<arguments>
<arg>bikelov</arg>
<arg>${base_url}</arg>
</arguments>
<msg timestamp="20200406 01:11:05.734" level="INFO">Creating Session using : alias=bikelov, url=http://bikelov-api.herokuapp.com, headers={},                     cookies={}, auth=None, timeout=None, proxies=None, verify=False,                     debug=0 </msg>
<status status="PASS" starttime="20200406 01:11:05.733" endtime="20200406 01:11:05.734"></status>
</kw>
<kw name="Get user ID" library="services">
<arguments>
<arg>telverneck15@gmail.com</arg>
</arguments>
<assign>
<var>${user_id}</var>
</assign>
<kw name="Convert to Json" library="helpers">
<arguments>
<arg>{"email": "${email}"}</arg>
</arguments>
<assign>
<var>${payload}</var>
</assign>
<kw name="Evaluate" library="BuiltIn">
<doc>Evaluates the given expression in Python and returns the results.</doc>
<arguments>
<arg>json.loads($target)</arg>
<arg>json</arg>
</arguments>
<assign>
<var>${result}</var>
</assign>
<msg timestamp="20200406 01:11:05.736" level="INFO">${result} = {'email': 'telverneck15@gmail.com'}</msg>
<status status="PASS" starttime="20200406 01:11:05.735" endtime="20200406 01:11:05.736"></status>
</kw>
<msg timestamp="20200406 01:11:05.736" level="INFO">${payload} = {'email': 'telverneck15@gmail.com'}</msg>
<status status="PASS" starttime="20200406 01:11:05.735" endtime="20200406 01:11:05.736"></status>
</kw>
<kw name="Post Session" library="services">
<arguments>
<arg>${payload}</arg>
</arguments>
<assign>
<var>${resp}</var>
</assign>
<kw name="Create Dictionary" library="BuiltIn">
<doc>Creates and returns a dictionary based on the given ``items``.</doc>
<arguments>
<arg>Content-Type=application/json</arg>
</arguments>
<assign>
<var>&amp;{headers}</var>
</assign>
<msg timestamp="20200406 01:11:05.737" level="INFO">&amp;{headers} = { Content-Type=application/json }</msg>
<status status="PASS" starttime="20200406 01:11:05.737" endtime="20200406 01:11:05.737"></status>
</kw>
<kw name="Post Request" library="RequestsLibrary">
<doc>Send a POST request on the session object found using the
given `alias`</doc>
<arguments>
<arg>bikelov</arg>
<arg>/sessions</arg>
<arg>data=${payload}</arg>
<arg>headers=${headers}</arg>
</arguments>
<assign>
<var>${resp}</var>
</assign>
<msg timestamp="20200406 01:11:05.738" level="INFO">POST Request using : uri=/sessions, params=None, files=None, allow_redirects=True, timeout=None
headers={'User-Agent': 'python-requests/2.23.0', 'Accept-Encoding': 'gzip, deflate', 'Accept': '*/*', 'Connection': 'keep-alive', 'Content-Type': 'application/json'} 
data={"email": "telverneck15@gmail.com"} 
json=None</msg>
<msg timestamp="20200406 01:11:06.177" level="INFO">${resp} = &lt;Response [200]&gt;</msg>
<status status="PASS" starttime="20200406 01:11:05.737" endtime="20200406 01:11:06.178"></status>
</kw>
<msg timestamp="20200406 01:11:06.178" level="INFO">${resp} = &lt;Response [200]&gt;</msg>
<status status="PASS" starttime="20200406 01:11:05.737" endtime="20200406 01:11:06.178"></status>
</kw>
<kw name="Convert To String" library="BuiltIn">
<doc>Converts the given item to a Unicode string.</doc>
<arguments>
<arg>${resp.json()['_id']}</arg>
</arguments>
<assign>
<var>${user_id}</var>
</assign>
<msg timestamp="20200406 01:11:06.178" level="INFO">${user_id} = 5e8ab29123ec57001738fc87</msg>
<status status="PASS" starttime="20200406 01:11:06.178" endtime="20200406 01:11:06.178"></status>
</kw>
<msg timestamp="20200406 01:11:06.179" level="INFO">${user_id} = 5e8ab29123ec57001738fc87</msg>
<status status="PASS" starttime="20200406 01:11:05.735" endtime="20200406 01:11:06.179"></status>
</kw>
<kw name="Get Mongo Id" library="mongo">
<assign>
<var>${bike_ad_id}</var>
</assign>
<msg timestamp="20200406 01:11:06.180" level="INFO">${bike_ad_id} = 5e8ab9ea166aeb7724335256</msg>
<status status="PASS" starttime="20200406 01:11:06.180" endtime="20200406 01:11:06.180"></status>
</kw>
<kw name="Get bike ad by ID" library="services">
<arguments>
<arg>${bike_ad_id}</arg>
<arg>${user_id}</arg>
</arguments>
<assign>
<var>${resp}</var>
</assign>
<kw name="Create Dictionary" library="BuiltIn">
<doc>Creates and returns a dictionary based on the given ``items``.</doc>
<arguments>
<arg>Content-Type=application/json</arg>
<arg>user_id=${user_id}</arg>
</arguments>
<assign>
<var>&amp;{headers}</var>
</assign>
<msg timestamp="20200406 01:11:06.181" level="INFO">&amp;{headers} = { Content-Type=application/json | user_id=5e8ab29123ec57001738fc87 }</msg>
<status status="PASS" starttime="20200406 01:11:06.181" endtime="20200406 01:11:06.182"></status>
</kw>
<kw name="Get Request" library="RequestsLibrary">
<doc>Send a GET request on the session object found using the
given `alias`</doc>
<arguments>
<arg>bikelov</arg>
<arg>/bikes/${bike_id}</arg>
<arg>headers=${headers}</arg>
</arguments>
<assign>
<var>${resp}</var>
</assign>
<msg timestamp="20200406 01:11:06.183" level="INFO">GET Request using : uri=/bikes/5e8ab9ea166aeb7724335256, params=None, allow_redirects=True, timeout=None
headers={'User-Agent': 'python-requests/2.23.0', 'Accept-Encoding': 'gzip, deflate', 'Accept': '*/*', 'Connection': 'keep-alive', 'Content-Type': 'application/json', 'user_id': '5e8ab29123ec57001738fc87'} 
data=None 
json=None</msg>
<msg timestamp="20200406 01:11:06.413" level="INFO">${resp} = &lt;Response [404]&gt;</msg>
<status status="PASS" starttime="20200406 01:11:06.182" endtime="20200406 01:11:06.413"></status>
</kw>
<msg timestamp="20200406 01:11:06.413" level="INFO">${resp} = &lt;Response [404]&gt;</msg>
<status status="PASS" starttime="20200406 01:11:06.181" endtime="20200406 01:11:06.413"></status>
</kw>
<kw name="Log" library="BuiltIn">
<doc>Logs the given message with the given level.</doc>
<arguments>
<arg>${resp.text}</arg>
</arguments>
<msg timestamp="20200406 01:11:06.415" level="INFO">{}</msg>
<status status="PASS" starttime="20200406 01:11:06.414" endtime="20200406 01:11:06.415"></status>
</kw>
<kw name="Should Be Equal As Strings" library="BuiltIn">
<doc>Fails if objects are unequal after converting them to strings.</doc>
<arguments>
<arg>${resp.status_code}</arg>
<arg>404</arg>
</arguments>
<msg timestamp="20200406 01:11:06.416" level="INFO">Argument types are:
&lt;class 'int'&gt;
&lt;type 'unicode'&gt;</msg>
<status status="PASS" starttime="20200406 01:11:06.415" endtime="20200406 01:11:06.416"></status>
</kw>
<status status="PASS" starttime="20200406 01:11:05.733" endtime="20200406 01:11:06.417" critical="yes"></status>
</test>
<test id="s1-t3" name="Not authorized">
<kw name="Create Session" library="RequestsLibrary" type="setup">
<doc>Create Session: create a HTTP session to a server</doc>
<arguments>
<arg>bikelov</arg>
<arg>${base_url}</arg>
</arguments>
<msg timestamp="20200406 01:11:06.420" level="INFO">Creating Session using : alias=bikelov, url=http://bikelov-api.herokuapp.com, headers={},                     cookies={}, auth=None, timeout=None, proxies=None, verify=False,                     debug=0 </msg>
<status status="PASS" starttime="20200406 01:11:06.420" endtime="20200406 01:11:06.421"></status>
</kw>
<kw name="Get Mongo Id" library="mongo">
<assign>
<var>${bike_ad_id}</var>
</assign>
<msg timestamp="20200406 01:11:06.422" level="INFO">${bike_ad_id} = 5e8ab9ea166aeb7724335257</msg>
<status status="PASS" starttime="20200406 01:11:06.421" endtime="20200406 01:11:06.422"></status>
</kw>
<kw name="Get bike ad by ID" library="services">
<arguments>
<arg>${bike_ad_id}</arg>
<arg>${EMPTY}</arg>
</arguments>
<assign>
<var>${resp}</var>
</assign>
<kw name="Create Dictionary" library="BuiltIn">
<doc>Creates and returns a dictionary based on the given ``items``.</doc>
<arguments>
<arg>Content-Type=application/json</arg>
<arg>user_id=${user_id}</arg>
</arguments>
<assign>
<var>&amp;{headers}</var>
</assign>
<msg timestamp="20200406 01:11:06.423" level="INFO">&amp;{headers} = { Content-Type=application/json | user_id= }</msg>
<status status="PASS" starttime="20200406 01:11:06.422" endtime="20200406 01:11:06.423"></status>
</kw>
<kw name="Get Request" library="RequestsLibrary">
<doc>Send a GET request on the session object found using the
given `alias`</doc>
<arguments>
<arg>bikelov</arg>
<arg>/bikes/${bike_id}</arg>
<arg>headers=${headers}</arg>
</arguments>
<assign>
<var>${resp}</var>
</assign>
<msg timestamp="20200406 01:11:06.423" level="INFO">GET Request using : uri=/bikes/5e8ab9ea166aeb7724335257, params=None, allow_redirects=True, timeout=None
headers={'User-Agent': 'python-requests/2.23.0', 'Accept-Encoding': 'gzip, deflate', 'Accept': '*/*', 'Connection': 'keep-alive', 'Content-Type': 'application/json', 'user_id': ''} 
data=None 
json=None</msg>
<msg timestamp="20200406 01:11:06.850" level="INFO">${resp} = &lt;Response [401]&gt;</msg>
<status status="PASS" starttime="20200406 01:11:06.423" endtime="20200406 01:11:06.850"></status>
</kw>
<msg timestamp="20200406 01:11:06.850" level="INFO">${resp} = &lt;Response [401]&gt;</msg>
<status status="PASS" starttime="20200406 01:11:06.422" endtime="20200406 01:11:06.850"></status>
</kw>
<kw name="Log" library="BuiltIn">
<doc>Logs the given message with the given level.</doc>
<arguments>
<arg>${resp.text}</arg>
</arguments>
<msg timestamp="20200406 01:11:06.851" level="INFO">{"error":"Unauthorized user"}</msg>
<status status="PASS" starttime="20200406 01:11:06.851" endtime="20200406 01:11:06.851"></status>
</kw>
<kw name="Should Be Equal As Strings" library="BuiltIn">
<doc>Fails if objects are unequal after converting them to strings.</doc>
<arguments>
<arg>${resp.status_code}</arg>
<arg>401</arg>
</arguments>
<msg timestamp="20200406 01:11:06.853" level="INFO">Argument types are:
&lt;class 'int'&gt;
&lt;type 'unicode'&gt;</msg>
<status status="PASS" starttime="20200406 01:11:06.852" endtime="20200406 01:11:06.853"></status>
</kw>
<status status="PASS" starttime="20200406 01:11:06.419" endtime="20200406 01:11:06.854" critical="yes"></status>
</test>
<status status="PASS" starttime="20200406 01:11:02.719" endtime="20200406 01:11:06.856"></status>
</suite>
<statistics>
<total>
<stat pass="3" fail="0">Critical Tests</stat>
<stat pass="3" fail="0">All Tests</stat>
</total>
<tag>
</tag>
<suite>
<stat pass="3" fail="0" id="s1" name="Get Bike">Get Bike</stat>
</suite>
</statistics>
<errors>
</errors>
</robot>
