<?xml version="1.0" encoding="UTF-8"?>
<robot generator="Robot 3.1.2 (Python 3.7.4 on win32)" generated="20200331 23:13:24.952" rpa="false">
<suite id="s1" name="Campos Obrigatorios" source="E:\qaninja\robot\bikelov\tests\campos_obrigatorios.robot">
<kw name="Run Keywords" library="BuiltIn" type="setup">
<doc>Executes all the given keywords in a sequence.</doc>
<arguments>
<arg>Logged with telverneck@hotmail.com</arg>
<arg>AND</arg>
<arg>E eu acesso o formulario de cadastro de anuncio</arg>
</arguments>
<kw name="Logged with telverneck@hotmail.com" library="base">
<kw name="Start Session" library="base">
<kw name="Open Browser" library="SeleniumLibrary">
<doc>Opens a new browser instance to the optional ``url``.</doc>
<arguments>
<arg>about:blank</arg>
<arg>chrome</arg>
</arguments>
<msg timestamp="20200331 23:13:25.238" level="INFO">Opening browser 'chrome' to base url 'about:blank'.</msg>
<status status="PASS" starttime="20200331 23:13:25.238" endtime="20200331 23:13:27.760"></status>
</kw>
<kw name="Set Selenium Implicit Wait" library="SeleniumLibrary">
<doc>Sets the implicit wait value used by Selenium.</doc>
<arguments>
<arg>10</arg>
</arguments>
<status status="PASS" starttime="20200331 23:13:27.761" endtime="20200331 23:13:27.763"></status>
</kw>
<kw name="Set Window Size" library="SeleniumLibrary">
<doc>Sets current windows size to given ``width`` and ``height``.</doc>
<arguments>
<arg>1440</arg>
<arg>900</arg>
</arguments>
<status status="PASS" starttime="20200331 23:13:27.763" endtime="20200331 23:13:28.888"></status>
</kw>
<status status="PASS" starttime="20200331 23:13:25.238" endtime="20200331 23:13:28.888"></status>
</kw>
<kw name="Go To" library="SeleniumLibrary">
<doc>Navigates the current browser window to the provided ``url``.</doc>
<arguments>
<arg>${url}</arg>
</arguments>
<msg timestamp="20200331 23:13:28.889" level="INFO">Opening url 'http://bikelov-anunciante.herokuapp.com/'</msg>
<status status="PASS" starttime="20200331 23:13:28.889" endtime="20200331 23:13:32.857"></status>
</kw>
<kw name="Input Text" library="SeleniumLibrary">
<doc>Types the given ``text`` into the text field identified by ``locator``.</doc>
<arguments>
<arg>${emailID}</arg>
<arg>${email}</arg>
</arguments>
<msg timestamp="20200331 23:13:32.859" level="INFO">Typing text 'telverneck@hotmail.com' into text field 'id:email'.</msg>
<status status="PASS" starttime="20200331 23:13:32.858" endtime="20200331 23:13:33.067"></status>
</kw>
<kw name="Click Button" library="SeleniumLibrary">
<doc>Clicks the button identified by ``locator``.</doc>
<arguments>
<arg>${buttonEnter}</arg>
</arguments>
<msg timestamp="20200331 23:13:33.068" level="INFO">Clicking button 'xpath://button[contains(text(), "Quero Anúnciar")]'.</msg>
<status status="PASS" starttime="20200331 23:13:33.068" endtime="20200331 23:13:33.136"></status>
</kw>
<kw name="Page Should Contain Element" library="SeleniumLibrary">
<doc>Verifies that element ``locator`` is found on the current page.</doc>
<arguments>
<arg>${dashboard}</arg>
</arguments>
<msg timestamp="20200331 23:13:35.096" level="INFO">Current page contains element 'class:dashboard'.</msg>
<status status="PASS" starttime="20200331 23:13:33.136" endtime="20200331 23:13:35.096"></status>
</kw>
<status status="PASS" starttime="20200331 23:13:25.237" endtime="20200331 23:13:35.096"></status>
</kw>
<kw name="E eu acesso o formulario de cadastro de anuncio" library="steps_kw">
<kw name="Click Link" library="SeleniumLibrary">
<doc>Clicks a link identified by ``locator``.</doc>
<arguments>
<arg>/new</arg>
</arguments>
<msg timestamp="20200331 23:13:35.097" level="INFO">Clicking link '/new'.</msg>
<status status="PASS" starttime="20200331 23:13:35.097" endtime="20200331 23:13:35.667"></status>
</kw>
<status status="PASS" starttime="20200331 23:13:35.097" endtime="20200331 23:13:35.668"></status>
</kw>
<status status="PASS" starttime="20200331 23:13:25.237" endtime="20200331 23:13:35.668"></status>
</kw>
<test id="s1-t1" name="Nao informa o nome">
<kw name="Anuncio nao cadastrado">
<arguments>
<arg>${no_name}</arg>
<arg>Informe a descrição do anúncio!</arg>
</arguments>
<kw name="Dado eu tenho uma ${bike}" library="steps_kw">
<kw name="Evaluate" library="BuiltIn">
<doc>Evaluates the given expression in Python and returns the results.</doc>
<arguments>
<arg>json.loads($bike_string)</arg>
<arg>json</arg>
</arguments>
<assign>
<var>${bike_json}</var>
</assign>
<msg timestamp="20200331 23:13:35.683" level="INFO">${bike_json} = {'thumb': 'elleven.jpg', 'name': '', 'brand': 'Shimano', 'price': '15'}</msg>
<status status="PASS" starttime="20200331 23:13:35.672" endtime="20200331 23:13:35.683"></status>
</kw>
<kw name="Log" library="BuiltIn">
<doc>Logs the given message with the given level.</doc>
<arguments>
<arg>${bike_json}</arg>
</arguments>
<msg timestamp="20200331 23:13:35.684" level="INFO">{'thumb': 'elleven.jpg', 'name': '', 'brand': 'Shimano', 'price': '15'}</msg>
<status status="PASS" starttime="20200331 23:13:35.683" endtime="20200331 23:13:35.684"></status>
</kw>
<kw name="Set Test Variable" library="BuiltIn">
<doc>Makes a variable available everywhere within the scope of the current test.</doc>
<arguments>
<arg>${bike_json}</arg>
</arguments>
<msg timestamp="20200331 23:13:35.684" level="INFO">${bike_json} = {'thumb': 'elleven.jpg', 'name': '', 'brand': 'Shimano', 'price': '15'}</msg>
<status status="PASS" starttime="20200331 23:13:35.684" endtime="20200331 23:13:35.685"></status>
</kw>
<kw name="Remove Bike" library="mongo">
<arguments>
<arg>${bike_json['name']}</arg>
</arguments>
<status status="PASS" starttime="20200331 23:13:35.685" endtime="20200331 23:13:36.992"></status>
</kw>
<status status="PASS" starttime="20200331 23:13:35.672" endtime="20200331 23:13:36.992"></status>
</kw>
<kw name="Quando eu faço o anuncio desta bike" library="steps_kw">
<kw name="Choose File" library="SeleniumLibrary">
<doc>Inputs the ``file_path`` into the file input field ``locator``.</doc>
<arguments>
<arg>${thumbnailInput}</arg>
<arg>E:\\qaninja\\robot\\bikelov\\resources/images/${bike_json['thumb']}</arg>
</arguments>
<msg timestamp="20200331 23:13:36.994" level="INFO">Sending E:\qaninja\robot\bikelov\resources\images\elleven.jpg to browser.</msg>
<status status="PASS" starttime="20200331 23:13:36.993" endtime="20200331 23:13:37.061"></status>
</kw>
<kw name="Clear Element Text" library="SeleniumLibrary">
<doc>Clears the value of the text-input-element identified by ``locator``.</doc>
<arguments>
<arg>${bikeName}</arg>
</arguments>
<status status="PASS" starttime="20200331 23:13:37.062" endtime="20200331 23:13:37.117"></status>
</kw>
<kw name="Input Text" library="SeleniumLibrary">
<doc>Types the given ``text`` into the text field identified by ``locator``.</doc>
<arguments>
<arg>${bikeName}</arg>
<arg>${bike_json['name']}</arg>
</arguments>
<msg timestamp="20200331 23:13:37.117" level="INFO">Typing text '' into text field 'id:name'.</msg>
<status status="PASS" starttime="20200331 23:13:37.117" endtime="20200331 23:13:37.165"></status>
</kw>
<kw name="Clear Element Text" library="SeleniumLibrary">
<doc>Clears the value of the text-input-element identified by ``locator``.</doc>
<arguments>
<arg>${bikeBrand}</arg>
</arguments>
<status status="PASS" starttime="20200331 23:13:37.165" endtime="20200331 23:13:37.202"></status>
</kw>
<kw name="Input Text" library="SeleniumLibrary">
<doc>Types the given ``text`` into the text field identified by ``locator``.</doc>
<arguments>
<arg>${bikeBrand}</arg>
<arg>${bike_json['brand']}</arg>
</arguments>
<msg timestamp="20200331 23:13:37.202" level="INFO">Typing text 'Shimano' into text field 'id:brand'.</msg>
<status status="PASS" starttime="20200331 23:13:37.202" endtime="20200331 23:13:37.288"></status>
</kw>
<kw name="Input Text" library="SeleniumLibrary">
<doc>Types the given ``text`` into the text field identified by ``locator``.</doc>
<arguments>
<arg>${bikePrice}</arg>
<arg>${bike_json['price']}</arg>
</arguments>
<msg timestamp="20200331 23:13:37.288" level="INFO">Typing text '15' into text field 'xpath://input[@placeholder = "Valor cobrado por dia"]'.</msg>
<status status="PASS" starttime="20200331 23:13:37.288" endtime="20200331 23:13:37.369"></status>
</kw>
<kw name="Click Button" library="SeleniumLibrary">
<doc>Clicks the button identified by ``locator``.</doc>
<arguments>
<arg>${bikeRegister}</arg>
</arguments>
<msg timestamp="20200331 23:13:37.369" level="INFO">Clicking button 'css:.btn-red'.</msg>
<status status="PASS" starttime="20200331 23:13:37.369" endtime="20200331 23:13:37.433"></status>
</kw>
<kw name="Sleep" library="BuiltIn">
<doc>Pauses the test executed for the given time.</doc>
<arguments>
<arg>3</arg>
</arguments>
<msg timestamp="20200331 23:13:40.440" level="INFO">Slept 3 seconds</msg>
<status status="PASS" starttime="20200331 23:13:37.433" endtime="20200331 23:13:40.440"></status>
</kw>
<status status="PASS" starttime="20200331 23:13:36.992" endtime="20200331 23:13:40.440"></status>
</kw>
<kw name="Entao devo ver uma mensagem de erro &quot;${error}&quot;" library="steps_kw">
<kw name="Element Text Should Be" library="SeleniumLibrary">
<doc>Verifies that element ``locator`` contains exact the text ``expected``.</doc>
<arguments>
<arg>${alertError}</arg>
<arg>${expect_message}</arg>
</arguments>
<msg timestamp="20200331 23:13:40.440" level="INFO">Verifying element 'class:alert-error' contains exact text 'Informe a descrição do anúncio!'.</msg>
<status status="PASS" starttime="20200331 23:13:40.440" endtime="20200331 23:13:40.456"></status>
</kw>
<status status="PASS" starttime="20200331 23:13:40.440" endtime="20200331 23:13:40.456"></status>
</kw>
<status status="PASS" starttime="20200331 23:13:35.671" endtime="20200331 23:13:40.456"></status>
</kw>
<kw name="End Test" library="base" type="teardown">
<kw name="Capture Page Screenshot" library="SeleniumLibrary">
<doc>Takes a screenshot of the current page and embeds it into a log file.</doc>
<msg timestamp="20200331 23:13:40.807" level="INFO" html="yes">&lt;/td&gt;&lt;/tr&gt;&lt;tr&gt;&lt;td colspan="3"&gt;&lt;a href="selenium-screenshot-121.png"&gt;&lt;img src="selenium-screenshot-121.png" width="800px"&gt;&lt;/a&gt;</msg>
<status status="PASS" starttime="20200331 23:13:40.456" endtime="20200331 23:13:40.823"></status>
</kw>
<status status="PASS" starttime="20200331 23:13:40.456" endtime="20200331 23:13:40.823"></status>
</kw>
<status status="PASS" starttime="20200331 23:13:35.668" endtime="20200331 23:13:40.823" critical="yes"></status>
</test>
<test id="s1-t2" name="Nao informa a marca">
<kw name="Anuncio nao cadastrado">
<arguments>
<arg>${no_brand}</arg>
<arg>Informe a marca da sua Bike :)</arg>
</arguments>
<kw name="Dado eu tenho uma ${bike}" library="steps_kw">
<kw name="Evaluate" library="BuiltIn">
<doc>Evaluates the given expression in Python and returns the results.</doc>
<arguments>
<arg>json.loads($bike_string)</arg>
<arg>json</arg>
</arguments>
<assign>
<var>${bike_json}</var>
</assign>
<msg timestamp="20200331 23:13:40.823" level="INFO">${bike_json} = {'thumb': 'elleven.jpg', 'name': 'Rocker 26 marchas', 'brand': '', 'price': '15'}</msg>
<status status="PASS" starttime="20200331 23:13:40.823" endtime="20200331 23:13:40.823"></status>
</kw>
<kw name="Log" library="BuiltIn">
<doc>Logs the given message with the given level.</doc>
<arguments>
<arg>${bike_json}</arg>
</arguments>
<msg timestamp="20200331 23:13:40.823" level="INFO">{'thumb': 'elleven.jpg', 'name': 'Rocker 26 marchas', 'brand': '', 'price': '15'}</msg>
<status status="PASS" starttime="20200331 23:13:40.823" endtime="20200331 23:13:40.823"></status>
</kw>
<kw name="Set Test Variable" library="BuiltIn">
<doc>Makes a variable available everywhere within the scope of the current test.</doc>
<arguments>
<arg>${bike_json}</arg>
</arguments>
<msg timestamp="20200331 23:13:40.823" level="INFO">${bike_json} = {'thumb': 'elleven.jpg', 'name': 'Rocker 26 marchas', 'brand': '', 'price': '15'}</msg>
<status status="PASS" starttime="20200331 23:13:40.823" endtime="20200331 23:13:40.823"></status>
</kw>
<kw name="Remove Bike" library="mongo">
<arguments>
<arg>${bike_json['name']}</arg>
</arguments>
<status status="PASS" starttime="20200331 23:13:40.823" endtime="20200331 23:13:41.119"></status>
</kw>
<status status="PASS" starttime="20200331 23:13:40.823" endtime="20200331 23:13:41.119"></status>
</kw>
<kw name="Quando eu faço o anuncio desta bike" library="steps_kw">
<kw name="Choose File" library="SeleniumLibrary">
<doc>Inputs the ``file_path`` into the file input field ``locator``.</doc>
<arguments>
<arg>${thumbnailInput}</arg>
<arg>E:\\qaninja\\robot\\bikelov\\resources/images/${bike_json['thumb']}</arg>
</arguments>
<msg timestamp="20200331 23:13:41.120" level="INFO">Sending E:\qaninja\robot\bikelov\resources\images\elleven.jpg to browser.</msg>
<status status="PASS" starttime="20200331 23:13:41.120" endtime="20200331 23:13:41.151"></status>
</kw>
<kw name="Clear Element Text" library="SeleniumLibrary">
<doc>Clears the value of the text-input-element identified by ``locator``.</doc>
<arguments>
<arg>${bikeName}</arg>
</arguments>
<status status="PASS" starttime="20200331 23:13:41.152" endtime="20200331 23:13:41.179"></status>
</kw>
<kw name="Input Text" library="SeleniumLibrary">
<doc>Types the given ``text`` into the text field identified by ``locator``.</doc>
<arguments>
<arg>${bikeName}</arg>
<arg>${bike_json['name']}</arg>
</arguments>
<msg timestamp="20200331 23:13:41.179" level="INFO">Typing text 'Rocker 26 marchas' into text field 'id:name'.</msg>
<status status="PASS" starttime="20200331 23:13:41.179" endtime="20200331 23:13:41.628"></status>
</kw>
<kw name="Clear Element Text" library="SeleniumLibrary">
<doc>Clears the value of the text-input-element identified by ``locator``.</doc>
<arguments>
<arg>${bikeBrand}</arg>
</arguments>
<status status="PASS" starttime="20200331 23:13:41.628" endtime="20200331 23:13:41.661"></status>
</kw>
<kw name="Input Text" library="SeleniumLibrary">
<doc>Types the given ``text`` into the text field identified by ``locator``.</doc>
<arguments>
<arg>${bikeBrand}</arg>
<arg>${bike_json['brand']}</arg>
</arguments>
<msg timestamp="20200331 23:13:41.662" level="INFO">Typing text '' into text field 'id:brand'.</msg>
<status status="PASS" starttime="20200331 23:13:41.662" endtime="20200331 23:13:41.724"></status>
</kw>
<kw name="Input Text" library="SeleniumLibrary">
<doc>Types the given ``text`` into the text field identified by ``locator``.</doc>
<arguments>
<arg>${bikePrice}</arg>
<arg>${bike_json['price']}</arg>
</arguments>
<msg timestamp="20200331 23:13:41.725" level="INFO">Typing text '15' into text field 'xpath://input[@placeholder = "Valor cobrado por dia"]'.</msg>
<status status="PASS" starttime="20200331 23:13:41.725" endtime="20200331 23:13:41.799"></status>
</kw>
<kw name="Click Button" library="SeleniumLibrary">
<doc>Clicks the button identified by ``locator``.</doc>
<arguments>
<arg>${bikeRegister}</arg>
</arguments>
<msg timestamp="20200331 23:13:41.799" level="INFO">Clicking button 'css:.btn-red'.</msg>
<status status="PASS" starttime="20200331 23:13:41.799" endtime="20200331 23:13:41.884"></status>
</kw>
<kw name="Sleep" library="BuiltIn">
<doc>Pauses the test executed for the given time.</doc>
<arguments>
<arg>3</arg>
</arguments>
<msg timestamp="20200331 23:13:44.888" level="INFO">Slept 3 seconds</msg>
<status status="PASS" starttime="20200331 23:13:41.884" endtime="20200331 23:13:44.888"></status>
</kw>
<status status="PASS" starttime="20200331 23:13:41.120" endtime="20200331 23:13:44.888"></status>
</kw>
<kw name="Entao devo ver uma mensagem de erro &quot;${error}&quot;" library="steps_kw">
<kw name="Element Text Should Be" library="SeleniumLibrary">
<doc>Verifies that element ``locator`` contains exact the text ``expected``.</doc>
<arguments>
<arg>${alertError}</arg>
<arg>${expect_message}</arg>
</arguments>
<msg timestamp="20200331 23:13:44.889" level="INFO">Verifying element 'class:alert-error' contains exact text 'Informe a marca da sua Bike :)'.</msg>
<status status="PASS" starttime="20200331 23:13:44.889" endtime="20200331 23:13:44.906"></status>
</kw>
<status status="PASS" starttime="20200331 23:13:44.888" endtime="20200331 23:13:44.906"></status>
</kw>
<status status="PASS" starttime="20200331 23:13:40.823" endtime="20200331 23:13:44.906"></status>
</kw>
<kw name="End Test" library="base" type="teardown">
<kw name="Capture Page Screenshot" library="SeleniumLibrary">
<doc>Takes a screenshot of the current page and embeds it into a log file.</doc>
<msg timestamp="20200331 23:13:45.250" level="INFO" html="yes">&lt;/td&gt;&lt;/tr&gt;&lt;tr&gt;&lt;td colspan="3"&gt;&lt;a href="selenium-screenshot-122.png"&gt;&lt;img src="selenium-screenshot-122.png" width="800px"&gt;&lt;/a&gt;</msg>
<status status="PASS" starttime="20200331 23:13:44.907" endtime="20200331 23:13:45.250"></status>
</kw>
<status status="PASS" starttime="20200331 23:13:44.907" endtime="20200331 23:13:45.250"></status>
</kw>
<status status="PASS" starttime="20200331 23:13:40.823" endtime="20200331 23:13:45.250" critical="yes"></status>
</test>
<kw name="End Session" library="base" type="teardown">
<kw name="Close Browser" library="SeleniumLibrary">
<doc>Closes the current browser.</doc>
<status status="PASS" starttime="20200331 23:13:45.266" endtime="20200331 23:13:47.496"></status>
</kw>
<status status="PASS" starttime="20200331 23:13:45.266" endtime="20200331 23:13:47.496"></status>
</kw>
<doc>Anuncio
Para que eu criar novos anuncios para locação
Sendo um usuario que possuo um cadastro
Quero poder incluir um anuncio</doc>
<status status="PASS" starttime="20200331 23:13:24.953" endtime="20200331 23:13:47.496"></status>
</suite>
<statistics>
<total>
<stat pass="2" fail="0">Critical Tests</stat>
<stat pass="2" fail="0">All Tests</stat>
</total>
<tag>
</tag>
<suite>
<stat pass="2" fail="0" id="s1" name="Campos Obrigatorios">Campos Obrigatorios</stat>
</suite>
</statistics>
<errors>
</errors>
</robot>
