<?xml version="1.0" encoding="UTF-8"?>
<robot generator="Robot 3.1.2 (Python 3.7.4 on win32)" generated="20200405 20:46:46.987" rpa="false">
<suite id="s1" name="Api" source="E:\qaninja\robot\bikelov\tests\api">
<suite id="s1-s1" name="Bikes" source="E:\qaninja\robot\bikelov\tests\api\bikes">
<suite id="s1-s1-s1" name="Post Bike" source="E:\qaninja\robot\bikelov\tests\api\bikes\post_bike.robot">
<test id="s1-s1-s1-t1" name="Create bike">
<kw name="Create Session" library="RequestsLibrary" type="setup">
<doc>Create Session: create a HTTP session to a server</doc>
<arguments>
<arg>bikelov</arg>
<arg>${base_url}</arg>
</arguments>
<msg timestamp="20200405 20:46:47.267" level="INFO">Creating Session using : alias=bikelov, url=http://bikelov-api.herokuapp.com, headers={},                     cookies={}, auth=None, timeout=None, proxies=None, verify=False,                     debug=0 </msg>
<status status="PASS" starttime="20200405 20:46:47.267" endtime="20200405 20:46:47.267"></status>
</kw>
<kw name="Get user ID" library="services">
<arguments>
<arg>telverneck@hotmail.com</arg>
</arguments>
<assign>
<var>${user_id}</var>
</assign>
<kw name="Convert to Json" library="helpers">
<arguments>
<arg>{"email": "${email}"}</arg>
</arguments>
<assign>
<var>${payload}</var>
</assign>
<kw name="Evaluate" library="BuiltIn">
<doc>Evaluates the given expression in Python and returns the results.</doc>
<arguments>
<arg>json.loads($target)</arg>
<arg>json</arg>
</arguments>
<assign>
<var>${result}</var>
</assign>
<msg timestamp="20200405 20:46:47.275" level="INFO">${result} = {'email': 'telverneck@hotmail.com'}</msg>
<status status="PASS" starttime="20200405 20:46:47.269" endtime="20200405 20:46:47.275"></status>
</kw>
<msg timestamp="20200405 20:46:47.275" level="INFO">${payload} = {'email': 'telverneck@hotmail.com'}</msg>
<status status="PASS" starttime="20200405 20:46:47.268" endtime="20200405 20:46:47.275"></status>
</kw>
<kw name="Post Session" library="services">
<arguments>
<arg>${payload}</arg>
</arguments>
<assign>
<var>${resp}</var>
</assign>
<kw name="Create Dictionary" library="BuiltIn">
<doc>Creates and returns a dictionary based on the given ``items``.</doc>
<arguments>
<arg>Content-Type=application/json</arg>
</arguments>
<assign>
<var>&amp;{headers}</var>
</assign>
<msg timestamp="20200405 20:46:47.276" level="INFO">&amp;{headers} = { Content-Type=application/json }</msg>
<status status="PASS" starttime="20200405 20:46:47.275" endtime="20200405 20:46:47.276"></status>
</kw>
<kw name="Post Request" library="RequestsLibrary">
<doc>Send a POST request on the session object found using the
given `alias`</doc>
<arguments>
<arg>bikelov</arg>
<arg>/sessions</arg>
<arg>data=${payload}</arg>
<arg>headers=${headers}</arg>
</arguments>
<assign>
<var>${resp}</var>
</assign>
<msg timestamp="20200405 20:46:47.276" level="INFO">POST Request using : uri=/sessions, params=None, files=None, allow_redirects=True, timeout=None
headers={'User-Agent': 'python-requests/2.23.0', 'Accept-Encoding': 'gzip, deflate', 'Accept': '*/*', 'Connection': 'keep-alive', 'Content-Type': 'application/json'} 
data={"email": "telverneck@hotmail.com"} 
json=None</msg>
<msg timestamp="20200405 20:46:48.629" level="INFO">${resp} = &lt;Response [200]&gt;</msg>
<status status="PASS" starttime="20200405 20:46:47.276" endtime="20200405 20:46:48.629"></status>
</kw>
<msg timestamp="20200405 20:46:48.630" level="INFO">${resp} = &lt;Response [200]&gt;</msg>
<status status="PASS" starttime="20200405 20:46:47.275" endtime="20200405 20:46:48.630"></status>
</kw>
<kw name="Convert To String" library="BuiltIn">
<doc>Converts the given item to a Unicode string.</doc>
<arguments>
<arg>${resp.json()['_id']}</arg>
</arguments>
<assign>
<var>${user_id}</var>
</assign>
<msg timestamp="20200405 20:46:48.631" level="INFO">${user_id} = 5e7d69dc666656001781452f</msg>
<status status="PASS" starttime="20200405 20:46:48.630" endtime="20200405 20:46:48.631"></status>
</kw>
<msg timestamp="20200405 20:46:48.631" level="INFO">${user_id} = 5e7d69dc666656001781452f</msg>
<status status="PASS" starttime="20200405 20:46:47.268" endtime="20200405 20:46:48.631"></status>
</kw>
<kw name="Convert to Json" library="helpers">
<arguments>
<arg>{"name": "Elleven Rocker", "brand": "Shimano", "price": "15"}</arg>
</arguments>
<assign>
<var>${payload}</var>
</assign>
<kw name="Evaluate" library="BuiltIn">
<doc>Evaluates the given expression in Python and returns the results.</doc>
<arguments>
<arg>json.loads($target)</arg>
<arg>json</arg>
</arguments>
<assign>
<var>${result}</var>
</assign>
<msg timestamp="20200405 20:46:48.633" level="INFO">${result} = {'name': 'Elleven Rocker', 'brand': 'Shimano', 'price': '15'}</msg>
<status status="PASS" starttime="20200405 20:46:48.632" endtime="20200405 20:46:48.633"></status>
</kw>
<msg timestamp="20200405 20:46:48.633" level="INFO">${payload} = {'name': 'Elleven Rocker', 'brand': 'Shimano', 'price': '15'}</msg>
<status status="PASS" starttime="20200405 20:46:48.632" endtime="20200405 20:46:48.633"></status>
</kw>
<kw name="Remove Bike" library="mongo">
<arguments>
<arg>${payload['name']}</arg>
</arguments>
<status status="PASS" starttime="20200405 20:46:48.634" endtime="20200405 20:46:49.895"></status>
</kw>
<kw name="Post bike" library="services">
<arguments>
<arg>${user_id}</arg>
<arg>${payload}</arg>
<arg>elleven.jpg</arg>
</arguments>
<assign>
<var>${resp}</var>
</assign>
<kw name="Create Dictionary" library="BuiltIn">
<doc>Creates and returns a dictionary based on the given ``items``.</doc>
<arguments>
<arg>user_id=${user_id}</arg>
</arguments>
<assign>
<var>&amp;{headers}</var>
</assign>
<msg timestamp="20200405 20:46:49.896" level="INFO">&amp;{headers} = { user_id=5e7d69dc666656001781452f }</msg>
<status status="PASS" starttime="20200405 20:46:49.896" endtime="20200405 20:46:49.896"></status>
</kw>
<kw name="Get Binary File" library="OperatingSystem">
<doc>Returns the contents of a specified file.</doc>
<arguments>
<arg>E:\\qaninja\\robot\\bikelov\\resources/images/${thumb}</arg>
</arguments>
<assign>
<var>${file_bin}</var>
</assign>
<msg timestamp="20200405 20:46:49.897" level="INFO" html="yes">Getting file '&lt;a href="file://E:\qaninja\robot\bikelov\resources\images\elleven.jpg"&gt;E:\qaninja\robot\bikelov\resources\images\elleven.jpg&lt;/a&gt;'.</msg>
<msg timestamp="20200405 20:46:49.908" level="INFO">${file_bin} = \xff\xd8\xff\xe0JFIF\xff\xdbC
	
		
%!'&amp;$!$#).;2),8,#$3F48=?BCB(1HMH@M;AB?\xff\xdbC?*$*??????????????????????????????????????????????????\xff\xc2
\xb0...</msg>
<status status="PASS" starttime="20200405 20:46:49.897" endtime="20200405 20:46:49.908"></status>
</kw>
<kw name="Create Dictionary" library="BuiltIn">
<doc>Creates and returns a dictionary based on the given ``items``.</doc>
<arguments>
<arg>thumbnail=${file_bin}</arg>
</arguments>
<assign>
<var>&amp;{files}</var>
</assign>
<msg timestamp="20200405 20:46:49.920" level="INFO">&amp;{files} = { thumbnail=\xff\xd8\xff\xe0JFIF\xff\xdbC
	
		
%!'&amp;$!$#).;2),8,#$3F48=?BCB(1HMH@M;AB?\xff\xdbC?*$*??????????????????????????????????????????????????\xff\x...</msg>
<status status="PASS" starttime="20200405 20:46:49.909" endtime="20200405 20:46:49.920"></status>
</kw>
<kw name="Post Request" library="RequestsLibrary">
<doc>Send a POST request on the session object found using the
given `alias`</doc>
<arguments>
<arg>bikelov</arg>
<arg>/bikes</arg>
<arg>data=${payload}</arg>
<arg>headers=${headers}</arg>
<arg>files=${files}</arg>
</arguments>
<assign>
<var>${resp}</var>
</assign>
<msg timestamp="20200405 20:46:49.921" level="INFO">POST Request using : uri=/bikes, params=None, files={'thumbnail': b'\xff\xd8\xff\xe0\x00\x10JFIF\x00\x01\x01\x00\x00\x01\x00\x01\x00\x00\xff\xdb\x00C\x00\n\x07\x08\t\x08\x06\n\t\x08\t\x0c\x0b\n\x0c\x0f\x1a\x11\x0f\x0e\x0e\x0f\x1f\x16\x18\x13\x1a%!\'&amp;$!$#).;2),8,#$3F48=?BCB(1HMH@M;AB?\xff\xdb\x00C\x01\x0b\x0c\x0c\x0f\r\x0f\x1e\x11\x11\x1e?*$*??????????????????????????????????????????????????\xff\xc2\x00\x11\x08\x03\n\x04\xb0\x03\x01\x11\x00\x02\x11\x01\x03\x11\x01\xff\xc4\x00\x1c\x00\x01\x00\x01\x05\x01\x01\x00\x00\x00\x00\x00\x00\x00\x00\x00\x00\x00\x04\x01\x03\x05\x06\x07\x02\x08\xff\xc4\x00\x1a\x01\x01\x01\x01\x01\x01\x01\x01\x00\x00\x00\x00\x00\x00\x00\x00\x00\x00\x01\x02\x03\x04\x05\x06\xff\xda\x00\x0c\x03\x01\x00\x02\x10\x03\x10\x00\x00\x00\xec\xc0\x00\x00\x00\x00\x00\x00\x00\x00\x00\x00\x00\x00\x00\x00\x00\x00\x00\x00\x00\x00\x00\x00\x00\x00\x00\x00\x00\x00\x00\x00\x00\x00\x00\x00\x00\x00\x00\x00\x00\x00\x00\x00\x00\x00\x00\x00\x00\x00\x00\x00\x00\x00\x00\x00\x00\x00\x00\x00\x00\x00\x00\x00\x00\x00\x00\x00\x00\x00\x00\x00\x00\x00\x00\x00\x00\x00\x00\x00\x00\x00\x00\x00\x00\x00\x00\x00\x00\x00\x00\x00\x00\x00\x00\x00\x00\x00\x00\x00\x00\x00\x00\x00\x00\x00\x00\x00\x00\x00\x00\x00\x00\x00\x00\x00\x00\x00\x00\x00\x00\x00\x00\x00\x00\x00\x00\x00\x00\x00\x00\x00\x00\x00\x00\x00\x00\x00\x00\x00\x00\x00\x00\x00\x00\x00\x00\x00\x00\x00\x00\x00\x00\x00\x00\x00\x00\x00\x00\x00\x00\x00\x00\x00\x00\x00\x00\x00\x00\x00\x00\x00\x00\x00\x00\x00\x00\x00\x00\x00\x00\x00\x00\x00\x00\x00\x00\x00\x00\x00\x00\x00\x00\x00\x00\x00\x00\x00\x00\x00\x00\x00\x00\x00\x00\x00\x00\x00\x00\x00\x00\x00\x00\x00\x00\x00\x00\x00\x00\x00\x00\x00\x00\x00\x00\x00\x00\x00\x00\x00\x00\x00\x00\x00\x00\x00\x00\x00\x00\x00\x00\x00\x00\x00\x00\x00\x00\x00\x00\x00\x00\x00\x00\x00\x00\x00\x00\x00\x00\x00\x00\x00\x00\x00\x00\x00\x00\x00\x00\x00\x00\x00\x00\x00\x00\x00\x00\x00\x00\x00\x00\x00\x00\x00\x00\x00\x00\x00\x00\x00\x00\x00\x00\x00\x00\x00\x00\x00\x00\x00\x00\x00\x00\x00\x00\x00\x00\x00\x00\x00\x00\x00\x00\x00\x00\x00\x00\x00\x00\x00\x00\x00\x00\x00\x00\x00\x00\x00\x00\x00\x00\x00\x00\x00\x00\x00\x00\x00\x00\x00\x00\x00\x00\x00\x00\x00\x00\x00\x00\x00\x00\x00\x00\x00\x00\x00\x00\x00\x00\x00\x00\x00\x00\x00\x00\x00\x00\x00\x00\x00\x00\x00\x00\x00\x00\x00\x00\x00\x00\x00\x00\x00\x00\x00\x00\x00\x00\x00\x00\x00\x00\x00\x00\x00\x00\x00\x00\x00\x00\x00\x00\x00\x00\x00\x00\x00\x00\x00\x00\x00\x00\x00\x00\x00\x00\x00\x00\x00\x00\x00\x00\x00\x00\x00\x00\x00\x00\x00\x00\x00\x00\x00\x00\x00\x00\x00\x00\x00\x00\x00\x00\x00\x00\x00\x00\x00\x00\x00\x00\x00\x00\x00\x00\x00\x00\x00\x00\x00\x00\x00\x00\x00\x00\x00\x00\x00\x00\x00\x00\x00\x00\x00\x00\x00\x00\x00\x00\x00\x00\x00\x00\x00\x00\x00\x00\x00\x00\x00\x00\x00\x00\x00\x00\x00\x00\x00\x00\x00\x00\x00\x00\x00\x00\x00\x00\x00\x00\x00\x00\x00\x00\x00\x00\x00\x00\x00\x00\x00\x00\x00\x00\x00\x00\x00\x00\x00\x00\x00\x00\x00\x00\x00\x00\x00\x00\x00\x00\x00\x00\x00\x00\x00\x00\x00\x00\x00\x00\x00\x00\x00\x00\x00\x00\x00\x00\x00\x00\x00\x00\x00\x00\x00\x00\x00\x00\x00\x00\x00\x00\x00\x00\x00\x00\x00\x00\x00\x00\x00\x00\x00\x00\x00\x00\x00\x00\x00\x00\x00\x00\x00\x00\x00\x00\x00\x00\x00\x00\x00\x00\x00\x00\x00\x00\x00\x00\x00\x00\x00\x00\x00\x00\x00\x00\x00\x00\x00\x00\x00\x00\x00\x00\x00\x00\x00\x00\x00\x00\x00\x00\x00\x00\x00\x00\x00\x00\x00\x00\x00\x00\x00\x00\x00\x00\x00\x00\x00\x00\x00\x00\x00\x00\x00\x00\x00\x00\x00\x00\x00\x00\x00\x00\x00\x00\x00\x00\x00\x00\x00\x00\x00\x00\x00\x00\x00\x00\x00\x00\x00\x00\x00\x00\x00\x00\x00\x00\x00\x00\x00\x00\x00\x00\x00\x00\x00\x00\x00\x00\x00\x00\x00\x00\x00\x00\x00\x00\x00\x00\x00\x00\x00\x00\x00\x00\x00\x00\x00\x00\x00\x00\x00\x00\x00\x00\x00\x00\x00\x00\x00\x00\x00\x00\x00\x00\x00\x00\x00\x00\x00\x00\x00\x00\x00\x00\x00\x00\x00\x00\x00\x00\x00\x00\x00\x00\x00\x00\x00\x00\x00\x00\x00\x00\x00\x00\x00\x00\x00\x00\x00\x00\x00\x00\x00\x00\x00\x00\x00\x00\x00\x00\x00\x00\x00\x00\x00\x00\x00\x00\x00\x00\x00\x00\x00\x00\x00\x00\x00\x00\x00\x00\x00\x00\x00\x00\x00\x00\x00\x00\x00\x00\x00\x00\x00\x00\x00\x00\x00\x00\x00\x00\x00\x00\x00\x00\x00\x00\x00\x00\x00\x00\x00\x00\x00\x00\x00\x00\x00\x00\x00\x00\x00\x00\x00\x00\x00\x00\x00\x00\x00\x00\x00\x00\x00\x00\x00\x00\x00\x00\x00\x00\x00\x00\x00\x00\x00\x00\x00\x00\x00\x00\x00\x00\x00\x00\x00\x00\x00\x00\x00\x00\x00\x00\x00\x00\x00\x00\x00\x00\x00\x00\x00\x00\x00\x00\x00\x00\x00\x00\x00\x00\x00\x00\x00\x00\x00\x00\x00\x00\x00\x00\x00\x00\x00\x00\x00\x00\x00\x00\x00\x00\x00\x00\x00\x00\x00\x00\x00\x00\x00\x00\x00\x00\x00\x00\x00\x00\x00\x00\x00\x00\x00\x00\x00\x00\x00\x00\x00\x00\x00\x00\x00\x00\x00\x00\x00\x00\x00\x00\x00\x00\x00\x00\x00\x00\x00\x00\x00\x00\x00\x00\x00\x00\x00\x00\x00\x00\x00\x00\x00\x00\x00\x00\x00\x00\x00\x00\x00\x00\x00\x00\x00\x00\x00\x00\x00\x00\x00\x00\x00\x00\x00\x00\x00\x00\x00\x00\x00\x00\x00\x00\x00\x00\x00\x00\x00\x00\x00\x00\x00\x00\x00\x00\x00\x00\x00\x00\x00\x00\x00\x00\x00\x00\x00\x00\x00\x00\x00\x00\x00\x00\x00\x00\x00\x00\x00\x00\x00\x00\x00\x00\x145Yb\xc6\xe9\xa9P\x00\x00\x00\x00\x00\x00\x00\x00\x00\x00\x00\x00\x00\x00\x00\x00\x00\x00\x00\x00\x00\x00\x00\x00\x00\x00\x00\x00\x00\x00\x00\x00\x00\x00\x00\x00\x00\x00\x00\x00\x00\x00\x00\x00\x00\x00\x00\x00\x00\x00\x00\x00\x00\x00b\xce\x0b\x8d\xda^\xfd\xbeyP\x00\x00\x00\x00\x00\x00\x00\x00\x00\x00\x00\x00\x00\x00\x00\x00\x00\x00\x00\x00\x00\x00\x00\x00\x00\x00\x00\x00\x00\x00\x00\x00\x00\x00\x00\x00\x00\x00\x00\x00\x00\x00\x00\x00\x00\x00\x00\x00\x00\x00\x00\x00\x00\x00s)yd\xd6\xc1\'|\xden\x00\x00\x00\x00\x00\x00\x00\x00\x00\x00\x00\x00\x00\x00\x00\x00\x00\x00\x00\x00\x00\x00\x00\x00\x00\x00\x00\x00\x00\x00\x00\x00\x00\x00\x00\x00\x00\x00\x00\x00\x00\x00\x00\x00\x00\x00\x00\x00\x00\x00\x00\x00\x00\x00\x14&gt;s\xce\xf5d\xefVo6z*\x00\x00\x00\x00\x00\x00\x00\x00\x00\x00\x00\x00\x00\x00\x00\x00\x00\x00\x00\x00\x00\x00\x00\x00\x00\x00\x00\x00\x00\x00\x00\x00\x00\x00\x00\x00\x00\x00\x00\x00\x00\x00\x00\x00\x00\x00\x00\x00\x00\x00\x00\x00\x00\x16\xcbg\xcc8\xb1j\xa6]~\x95\xd6jT\xa8\x00\x00\x00\x00\x00\x00\x00\x00\x00\x00\x00\x00\x00\x00\x00\x00\x00\x00\x00\x00\x00\x00\x00\x00\x00\x00\x00\x00\x00\x00\x00\x00\x00\x00\x00\x00\x00\x00\x00\x00\x00\x00\x00\x00\x00\x00\x00P\xa8\x00\x00\x00\x00\x1c\x96^y\x1e\xcc=\x9e\x04\xbblZk\xa4k=\x12\xca\x80\x00\x00\x00\x00\x00\x00\x00\x00\x00\x00\x00\x00\x00\x00\x00\x00\x00\x00\x00\x00\x00\x00\x00\x00\x00\x00\x00\x00\x00\x00\x00\x00\x00\x00\x00\x00\x00\x00\x00\x00\x00\x00\x00\x00\x00\x00\x00\x00\x00\x05\n\x82\x877\xc6\xb9\xddk\xd6u\x0b/\x1a\xe4b-\xeb2nu\x18\x9e\x00\x00\x00\x00\x00\x00\x00\x00\x00\x00\x00\x00\x00\x00\x00\x00\x00\x00\x00\x00\x00\x00\x00\x00\x00\x00\x00\x00\x00\x00\x00\x00\x00\x00\x00\x00\x00\x00\x00\x00\x00\x00\x00\x00\x00\x00\x00\x00\x00\x00\x144|\xeb\t/D\xde9\xc4s\xe9p6e\xcf\xa7\xaa\xa5\x0e\x7f\x1b\xe5]\x00\x00\x00\x00\x00\x00\x00\x00\x00\x00\x00\x00\x00\x00\x00\x00\x00\x00\x00\x00\x00\x00\x00\x00\x00\x00\x00\x00\x00\x00\x00\x00\x00\x00\x00\x00\x00\x00@\x8cl\xb2\xac\xcaW\xb0\x00\x00\x00\x00\x00\x00\x00\x00\x00\x00\x00\xf2|\xef\x9d\xe3\xd2jcm\xc8\xd6\xc73\xbaV\xecT\x1a\xd4K3T\x00\x00\x00\x00\x00\x00\x00\x00\x00\x00\x00\x00\x00\x00\x00\x00\x00\x00\x00\x00\x00\x00\x00\x00\x00\x00\x00\x00\x00\x00\x00\x00\x00\x00\x00\x00\x00\x16\x0e)\x8b\x04\x8c\x97\x0c\xd5e\xcc\x95e\tE\x0f%K\xc4\xe3#U\x00\x00\x00\x00\x00\x00\x00\x11\x8e%.\xb55b\xcb\x97&gt;c8t#&lt;^=\xd4\tv+$\x00\x00\x00\x00\x00\x00\x00\x00\x00\x00\x00\x00\x00\x00\x00\x00\x00\x00\x00\x00\x00\x00\x00\x00\x00\x00\x00\x00\x00\x00\x00\x00\x00\x00\x00\x00\x00\x01\xe4\xe7\xcb\x8dMS,|c\x8f%\xc8\xb9WOMzJ\x1e\x97\xc9\xb6\xd7e\xd6j\x00\x00\x00\x00\x00\x00\x01C\x99c|\xbe\xd8\xb79{0)\xd8M\xce2U$\xb4r\xdc\xde\xad\xa9P\x00\x00\x00\x00\x00\x00\x00\x00\x00\x00\x00\x00\x00\x00\x00\x00\x00\x00\x00\x00\x00\x00\x00\x00\x00\x00\x00\x00\x00\x00\x00\x00\x00\x00\x00\x00\x00\x00\x18\xa3\x85\x10\xe3\x0f\x9b\xe5nKr\xbc\xd9\xeei\x12+!]\x1a\xe3\xa4YP\x00\x00\x00\x00\x00\x00\x01C\xe7\x19\xbcjt\xf6k],\xb4c\xcc\xd9\xae\x98h\xde\xe8\x00\x00\x00\x00\x00\x00\x00\x00\x00\x00\x00\x00\x00\x00\x00\x00\x00\x00\x00\x00\x00\x00\x00\x00\x00\x00\x00\x00\x00\x00\x00\x00\x00\x00\x00\x00\x00\x00\x02\x86\xbc|\xf7\x16e\x89W\xe3!\x8dn\xdb\x9d{Y\x92y=\x95*\x00\x00\x00\x00\x00\x00\x00\x00\xe53\\\xddk3\xf4\x96\xa4\xb3\xc1\xad\xcbv\xcdH\xe8\xe4\x80\x00\x00\x00\x00\x00\x00\x00\x00\x00\x00\x00\x00\x00\x00\x00\x00\x00\x00\x00\x00\x00\x00\x00\x00\x00\x00\x00\x00\x00\x00\x00\x00\x00\x00\x00\x00\x00\x00\x00P\xc5\x1cb0\x96\xc7:\xd4tD\xf5@\x00\x00\x00\x00\x00\x00\x00\x00\x00r)\xad|\xc2\xcb\xd7\xf5\x9d\xe1-\x1c\xfc\x86ofT\xa8\x00\x00\x00\x00\x00\x00\x00\x00\x00\x00\x00\x00\x00\x00\x00\x00\x00\x00\x00\x00\x00\x00\x00\x00\x00\x00\x00\x00\x00\x00\x00\x00\x00\x00\x00\x00\x00\x00\x00\x00\x8es\xb5\xd0\xe5\xfa\x12\xe6\xe0\x00\x00\x00\x00\x00\x00\x00\x00\x01C\x08c\xca\xdch^\xaf\x0f\xa5\xa7\x93\xe8ts\xc9\xa2\x1d\x10\xcc\x80\x00\x00\x00\x00\x00\x00\x00\x00\x00\x00\x00\x00\x00\x00\x00\x00\x00\x00\x00\x00\x00\x00\x00\x00\x00\x00\x00\x00\x00\x00\x00\x00\x00\x00\x00\x00\x00\x00\x00\x00\x068\xe0\xf2\xf5\xab6\xf0\x00\x00\x00\x00\x00\x00\x00\x00\xf2`b\x05D\xf4\xf8u_W\xcf\xc6g\xae\x99\xe7\xf7\xe6\xbd_7\xdc\xeb\xdd\xfeo\xd7\xd7\tf\xdc\x00\x00\x00\x00\x00\x00\x00\x00\x00\x00\x00\x00\x00\x00\x00\x00\x00\x00\x00\x00\x00\x00\x00\x00\x00\x00\x00\x00\x00\x00\x00\x00\x00\x00\x00\x00\x00\x00\x00\x00\x00\x02\x87(\xcfHW\x9fe\xa0\x00\x00\x00\x00\x00\x00\x00\xf2k\xe4;\x9cw\xb7\xe5h\xdd\xb8_\xf3{s\xdeo|O\x7f\xc8\xc5}/\x81\xefx\x8b;\xe4\xff\x009\xfb.\xbf\x9da\r\x8c\x00\x00\x00\x00\x00\x00\x00\x00\x00\x00\x00\x00\x00\x00\x00\x00\x00\x00\x00\x00\x00\x00\x00\x00\x00\x00\x00\x00\x00\x00\x00\x00\x00\x00\x00\x00\x00\x00\x00\x00\x00\x05\x0e}ZLw2\xe8\x00\x00\x00\x00\x00\x00&lt;\x1a\xf9\x02\xe3\x1b\xee\xf9:&gt;\xf9\xdb\xf1\xfd\\\xf7.\xf7zr\x83\xf6\x7f\'3\xd9\xf2\xad\xcd\xeb\xdf7\xf48\xcf\x9f\xf6\xb2&gt;\x7fg\xd0\xb7\x1a\xc9\xb3\x80\x00\x00\x00\x00\x00\x00\x00\x00\x00\x00\x00\x00\x00\x00\x00\x00\x00\x00\x00\x00\x00\x00\x00\x00\x00\x00\x00\x00\x00\x00\x00\x00\x00\x00\x00\x00\x00\x00\x00\x00\x00\x18\xc3\x8b\x9d\x1c\xdd\x00\x00\x00\x00\x00\x02\x85\xa3\x02c\xee0^\xcf\x9b\xa8\xd9\xb4\xf9&gt;\x9fB\xc6\xf2\x06\x97\xe8\xf0\xea_s\xf1\xd7\xbby\xf1~o\xa1\xaf\xfc\x7f\xd6G\xf3\xfa\xac5\xea&gt;\x9dMd\xda@\x00\x00\x00\x00\x00\x00\x00\x00\x00\x00\x00\x00\x00\x00\x00\x00\x00\x00\x00\x00\x00\x00\x00\x00\x00\x00\x00\x00\x00\x00\x00\x00\x00\x00\x00\x00\x00\x00\x00\x00\x00\x01\xc3\x9a\xbb\x1d\xb2\xe4\x00\x00\x00\x00(G0f\x1e\xe3[\xf4\xf8p\xcb\xbay\xbe\x86\xf7\x12\x81\xa0z|:\xdf\xdd\xfc]\xdd\xf2\xd7~w\xe82\xbf\'\xf4\x9d\x1b;\x9c|\xc7\x1e\x97:\x9e\xeb\xe8b`\x00\x00\x00\x00\x00\x00\x00\x00\x00\x00\x00\x00\x00\x00\x00\x00\x00\x00\x00\x00\x00\x00\x00\x00\x00\x00\x00\x00\x00\x00\x00\x00\x00\x00\x00\x00\x00\x00\x00\x00\x00\x01\xcd\x97\x98\xcd}\x1dq$\x00\x00\x00\x02\x11\x8c\x8dwY\xd4\xfd\x1e[i\xbey\xfd\xbb|^\x00\xc2\xdc\xf3\x1f\xb7\xf9\t^\xdf\x95\xab|\xbf\xd2\xec\xff\x003\xf4=/,\xa88\x95\xbc\xfd./\xa9{\xcb;x\x00\x00\x00\x00\x00\x00\x00\x00\x00\x00\x00\x00\x00\x00\x00\x00\x00\x00\x00\x00\x00\x00\x00\x00\x00\x00\x00\x00\x00\x00\x00\x00\x00\x00\x00\x00\x00\x00\x00\x00\x00\x01\x00\xf9\xbf;\xec\xb7;\xd5\x80\x00\x00\x18\xf3\x19\x1a\xc9\xa7\xeed\xb7\xcf\xa1r\xeb\xb0E\xca\xa8(A\xb3\x8f{~F?\x9f\xaa\xef\xb3\xe4\xec\x1f+\xf4\x9d&amp;2@\x10\xce\x075\xb3f\xcc6\twn\x9c\xc0\x00\x00\x00\x00\x00\x00\x00\x00\x00\x00\x00\x00\x00\x00\x00\x00\x00\x00\x00\x00\x00\x00\x00\x00\x00\x00\x00\x00\x00\x00\x00\x00\x00\x00\x00\x00\x00\x00\x00\x00\x00\x07\n\x9b\xf4\x9d\xce\xe4\x00\x00\xc5\x98\xc8\xd4\x97W\xad\x91z\x039S\xd8\x00\x1e\x0eQ\xea\xf9\xfa\xcbP\xf7\xcb\xa0\xf8\xfe\x97@\x96X\x00\x1a\xaen\x99\x8e\xbb\x0e\xb9\xe0\xb3\xb8\x1b\xc7_\xd6d\x80\x00\x00\x00\x00\x00\x00\x00\x00\x00\x00\x00\x00\x00\x00\x00\x00\x00\x00\x00\x00\x00\x00\x00\x00\x00\x00\x00\x00\x00\x00\x00\x00\x00\n\x03\x1acb)l\xb8I\xac\x94d\xab\xd1B\xa0\x00\x009\xe2\xf2y\xbe\xf1y\xe5\xc9\x85\x01\x8911\xa7M`\xd7s\xb9\xdel\x98z\x00\x00P\xd37\xcb\x99\xf7\xf3\xc1\xb8\xdb\xfc\xde\xfe\x9d\x9b\x90*\x00\x05\x83\x90\xe3\xa6\x7fX\x83\xcb\xae\xa3\xd3\x1b-\xcf]\xb2\x80\xb6G=\x17\x8b\x80\xa8\x00\x00\x00\x00\x00\x00\x00\x00\x00\x00\x00\x00\x00\x00\x00\x00\x00\x00\x00\x00\x00\x00\x00\x00\x00\x00\x00\x00\x00\x01\x10\xd3\xf3u\x05\xd5\xe3\x1fg\x91\x15\x00\xa2\xe4l\xd9\x13l\xb7s\xb3 \x00\x00\xf0si\xaeW\x9d\xec\xfa\xc7l\xb9\x96a\x93\r.\x995\x12\xcd\xec\xdb\xec\xbeT\x00\x00\x0698\xaf\xa7\xcbk\xd3\xf3-\xf8~\xdfi\xc6\xf3QP\x00\x05\r\x17\x1a\xd6\xe6\xb3W8\xf9\xaeq\xac\xf4K\x9c\x01\x82\x88Qa}\x8a\x9a\x99\xb5\xd9\xebpM\x8e\xbd\x15\x00\x00\x00\x00\x00\x00\x00\x00\x00\x00\x00\x00\x00\x00\x00\x00\x00\x00\x00\x00\x00\x00\x00\x00\x00\x00\x00\x00\x80sl\xdd\x06k\x1a\x9eO\x14\x8a\x1e\x91U=-"\xa7\xa4\xf0\xb2\x8d\xbe\xce\xa1\xa9\xb0\x15\x00\x1aR\xf2u\'bg\x1bZ~u\xab/^\xb3rK\xc0\x00\x00\x00\xa1\xc8:s\xd7\xfb\xf81\xbc\xbd\xfds\x97M\xd6*\x00\x00\x03\x07/\x1b\xe7\xd3e\xd6 \xe3\xa74\xeb\xca\xe2\xcb\xb2\xdc\x88\xb6\x16\x96x\xa1X\xf7\x19\x86\xba3=\x13I`\x00\x00\x00\x00\x00\x00\x00\x00\x00\x00\x00\x00\x00\x00\x00\x00\x00\x00\x00\x00\x00\x00\x00\x00\x00\x00-\x9c\xea^]\x9d@O\x05\xbb&lt;\x14k\xdb^\xe4\xaaTUR\xb2\xf8JT\x84\x95\x10\xad\xba\xbb\xd5\x9dr\xe6p\x05\x0eK*1\x04[w\x1b7\xb4\x9eT\x00\x00\x00\x144\xba\xe7?G\xe0\xe2|\x9fWu\xe3\xea\xebRz\x00\x00\n\x16\x0e\\\xbc\xbdm\x9b\x16n\xa9s\xe4\x93f\\\xc9\x92\x96\xc9\xaf\x93\x93\x0cX.d\x97\xc9\x91:\xc6\xa7F\xaf@\x00\x00\x00\x00\x00\x00\x00\x00\x00\x00\x00\x00\x00\x00\x00\x00\x00\x00\x00\x00\x00\x00\x00\x00\x00c\x8e3\x9b\xa8\xe7V,\xf1V\xc4\\..\xcdY\xe4\xc8\x9e\xcfU\x8b\x8cl\xba\xea\xe3\xcaY\xe5\x15Q&amp;Y{\x0e\xb3\xb9\x9e\rR5h\xe6\xcb\xbfi\xd8\x92\xa0\x00\x00\x00\x00c\xce-\xe9\xf1D\xe9\xca\xff\x00\x9f\xdb\xdbyu\xc8\x00\x00\x05\rh\xe2\xe6\x12\xa9l\x1c\xae["L\xb4l\xf6M\x96I\xe6\xcfE\xb9q\xe6\xebf,\xd6cK!\x95)[|wZ\x9c\x00\x00\x00\x00\x00\x00\x00\x00\x00\x00\x00\x00\x00\x00\x00\x00\x00\x00\x00\x00\x00\x00\x00\x00\x01\x858F5\x87-\x96J\xd5\xd8\xdal\xde\xac\xdf\xeaX\x042a\x0c\x96P\xc0/?\xcd\xd1"=\xb6\xd2\x95I.\xd7UL\xd9\xa2\xc7B\xd3\x8a\xcd]_\xa4.=\x00\x00\x00\x00\x0f\'!\xe9\xc7^\xf4x\xaf\xfa|=;\xe5\xfe\x87k\x8a\x80\x00(s\xf8\xe4$]\x15\xe4\xd9\xb2\xc6\xc7a\xad\x0c\xdd\xcd\xc0\x96\n\x10\xc9f\xbcc#@\\\x9aX9\xc1\xe6\x15\x94;\xf1\xb0P\x00\x00\x00\x00\x00\x00\x00\x00\x00\x00\x00\x00\x00\x00\x00\x00\x00\x00\x00\x00\x00\x00\x00\x06\x128\x0c\xd62[I\xe6\xcb\xc6l\xeb\x95\xb7\xd9\xe4\xf6^\x00\x86K!\x93@ \x9e\xceY5\xa3\x17\xeb\t\x19\x04\xe8i\xa0K\xde5\'\x9c\xb1t\x0c\xef\xbd\xdcl\xf6\x00\x00\x00\x01CL\xb3\x97t\xe5\x1f\xd5\xf3\xf7\xcf\x0f\xd7\xe9\xf2z\x00\x00P\xe6\xd6\xf29&lt;\x9e\r\xbe\xb3\xc6\x88\xb8(\xd9\xd3\x13/\xd3\xb6Z&amp;\x80c\xc9\x00\xbes\xfe\x1dd\xf6\xe7\xc8\xa3\x00xK\x87\xa3&amp;}\x03\xa6t\x00\x00\x00\x00\x00\x00\x00\x00\x00\x00\x00\x00\x00\x00\x00\x00\x00\x00\x00\x00\x00\x00\x00 \x9c\x0b7_\x96\xcayY\x07@\xd6{\x1d_ \x93\xc8$\xe0\x08D\xd2\x190\x16\x0f\x05\xd21\x00\xe6\xb2\xc5YRh5\x8f\x8e\xc9]B\xcd(\xe2Y\xdfB\xb3\xb0\xdc\x80\x00\x00\x01\x068oLC\xf4xs~o\xa3\xd7\xb2\xc9\x80\x00(h\x0b\xc6.\xa93i3\x06\xc9]R9\x12\xe8%\xf4\x90}4T\x9c\n\x10\xcbFD\x18\xa3,c\x0eW\x1c\xce[ip\xa9\x97&gt;\x92\xd2AP\x00\x00\x00\x00\x00\x00\x00\x00\x00\x00\x00\x00\x00\x00\x00\x00\x00\x00\x00\x00\x00\x01C\x8a\xe6\xe8Y\xb6\xec\xb2\xb7\xce\xa3\xa7Y\xb9\xa8 \x93H$\xf0\x08d\x92\x11\x90(@\'\x98\xe3"y49t\xf9\xa81\xa6\xeb(\xa2\xfd\r\xac\xcb8\x94\xd5\xa9~\x8f\xd6=\x00\x00\x00\x1eNDj\x9e\xaf\x9b\x8a\xf3\xfd.\xbf\x9b\xd0\x10\x00\x00\xd6\x17\x82\x96\x0f\t\x90\xac\xb4\xbd\xe1-\x98\x05\xf9\xd4\x92nVmQ\xd1\xc9\xa5H\xa7\xa2\xd90\x02\xd1`\xf6sh\xe4\x19\xb6j\xe1\xe97S\xbdi\xe8\x00\x00\x00\x00\x00\x00\x00\x00\x00\x00\x00\x00\x00\x00\x00\x00\x00\x00\x00\x00\x00\x00iQ\xc2\xf3l\xcb\xe6\xafY\xd1l\xeb5t\x90\x0f\x04R\xe9R\xf8&lt;\x11\xcf$\xd2\x19|\x8cJ-\x1c\xfa]5\xad\xdd\x9dAu\xf90\xcbd\xcb\xd9\xf4]\x9cf\\&lt;\xdfe\xd66\xa4\x00\x00\x00\xe7\xd2\xf3_G\x8a\x16=\x1dO\x1b\xe8r\xfa\x00\x00F&gt;~\x9b\xc1jx\xb3/&amp;N^\xde\x92J\x15&gt;fk\x18\x9d\x01/\x9d\x88\xa9(\x84y\'\x15\x00\xc6\x93\x88\x06H\xe5\xb1\xc8\xa5\xb2{JGu\xd3\x7f\xa0\x00\x00\x00\x00\x00\x00\x00\x00\x00\x00\x00\x00\x00\x00\x00\x00\x00\x00\x00\x00\x00&lt;\x1f8\xe6\xe1\xa2\xdd\x97\x17b\xae\xf3d\xe2)l\x9cT\x80N \x93\xc0!\x94&amp;\x10K\xe7\x82\x04s\xb9u\x95\xea\xf6f\xec\xf4ry\xac\x1c\x9a\xa4\xbe+\xac\xd9\xd0\xec\xf9\xcb;\xdf\x93\xb2k5\x00\x00P\x8ap\xbe\xbe|oo&amp;\xdf\xe7\xf7t\xdcu\xca\x80\x00(r\xea\xe57^\xa3\xd5\x99I&gt;\x82\x89\xa4\x02a\x0c\xe6\x8dr\x14\xcd&amp;\xd5gE\x97b\'\x10J\x13\xc0-\x91\x08\xe6\\\x1eN\x17\x1a&amp;un\xcfI\x96&gt;\x96\xd2\xf8\x00\x00\x00\x00\x00\x00\x00\x00\x00\x00\x00\x00\x00\x00\x00\x00\x00\x00\x00\x00\x004(\xe2\xf9\xb1\x8d\xf6\xcd^\xde\xf1fp\x88J=\x10I\x87\x83\xd1\x1c\x9e\x01\x0c\xf4Y\'\x10\x0c\x04\xbc\xe6\\Rv\xadI\xc4\xc3\xc9\xad\x1aFn\x80\xb0\xea\xe9\xf4\xad\xcf\x18\x9a\xc2\xe7_I\xef\x9d\xc0\x00(x9o\xa3\xc1\xa55:o\xa9\xf0\xf5\xed)P\x00\x06&lt;\xf9\xc6\xea=Y\x89\'y\x99\xda\x81C\x16O0\x87\xcd\x91\xec\xe9z\x96%\xeb&amp;L\xc2\x99\x93\xd0\x068\xf0d\x0b\x80\xa1\x8b&gt;n\xc5\x81g\xb1\x1d\xb3N\x8d@\x00\x00\x00\x00\x00\x00\x00\x00\x00\x00\x00\x00\x00\x00\x00\x00\x00\x00\x00\x00\x14&gt;\x7f\x8dj[R\xf4\xfb5\xfco\xa7\xf4\xc6\xd9`\x8cX\'\x91\n\x02\xf1\xe8\xbc\x08\x07\x82A\x10\xd1%\xd1&amp;\xae\'p\xd6n\x13\x0b%\t\xa7&amp;\x97\x14h\x12\xf9:\xcd\x93+\x93\xe7]\xda\xe7m\xb0\x00(i\x89\xa2~\x8b\xf1\x11\xb8{w\x7f\x89\xfa\xcd\xfd=\x00\x00(r\xf5\xe5\x16\xd6\xa9&amp;\xe8v\xa9%\x00y1\xe5N\x03n\xad\x1bZd\xab\xaeFt\xc4\x19\x90\x0f&amp;\x1c\x9cK*P\xc7\x9e\x8etrl\xa3\x17\r\x96\xbe\x8c\xaa\x80\x00\x00\x00\x00\x00\x00\x00\x00\x00\x00\x00\x00\x00\x00\x00\x00\x00\x00\x00\x00\xc5\x9f7\xc5\xb9w\x02\xc2\xf5\xdb2\x16d\x80(@.\x17\xccA\x98"\x13\xc1\x08\x80z9\x14\xba\xec\xbb\x05\x9d\xb2\xcb\x04\xd2\x19,\x90\x0c\x19\xcd\xe3\x9c\xcbd\xcb\xd7\xd0\xd6|\xdf\x9d\xefvv{\x9a\x80\x0b\x07\x11\xfa_\n\xe7\xd4\xf89\xaf\x83\xfb\x1e\x91\xe7\xf5O\x00\x00\x0bG\xce\xf6\xe2\xaa1{/\xa3\x13&amp;F*K=\x96\x08g\'9t\xb9\x1a\xe979\xd9v\xb3"I\x00\xc5\x9e\xcc\x801\xa5L\x89\x14\xc7\x9f:\xa4\x08\xac\xb5&gt;\x9a\xd30\x00\x00\x00\x00\x00\x00\x00\x00\x00\x00\x00\x00\x00\x00\x00\x00\x00\x00\x00\x00\x03\x9d\xc7\x1f\x969\xd7\xab\x04\x9d\x8a\xa4\x80\x00-\x11\x0b\xe68\xf4e\xc1\x861+\xc9W\x19\x1b\xeb=r\xa0\x92\x08fH\xb8\x01C\x92\xcb\xabF\xb8\xb6O\xa2\xf5\x9eQ\x1a\xe4\xd7\xd2\xfa\xcd\xd0\n\x1c\xab|\xf5O\xbb\xf9i\xbf7\xedu/\x0f\xd4\xd8\x90\x00\x00\x1a\xea\xfc\xf0{\xafvly\xbd\xcd\x04\x93\xd9\x0c\xf0]0%\xe3\xe7\\\xdb\x1an6lrm\xab\xb9\x15\x05\x0c\x11\x9d \x96\x0b\xa5OD\x92\xe1\xc1\x93R \xe6\xfb;V\x9d \x00\x00\x00\x00\x00\x00\x00\x00\x00\x00\x00\x00\x00\x00\x00\x00\x00\x00\x00\x00\x07\x1a\x8d\x0361\xdc,\xc2\xdb\xd4l\xb2\t\'\xb0\x00"\x18\xe2y\xaf\xe6\xc3\xce\xf4\x8a\xd4\xf5\x12\xf4\xa6w\x9b=\xd9 \xb0e\n\x94-\x16A\xce\xa5\xc3\x9aNl+:\xdd\x96W\x94e\xdc\xf6\xde\xd0P\xd2NQ\xe9\xf2\xf9\xe9\xcf\xaax\xbd\xdb\xd9P\x00\x00\x1c\xc9\xaeE\xa9\xe8\xf4\x9d\x7f.\x8e\x08\xa7\x82\x85K\x86\xb6F8\xb5\xb8\x8c\xdc\xc5\x99\x9b3r\xf4\x13dK\x86\x10\x94C%\x97\t\xa7\xa0\x01\xcc\x8eS\xac\xe3\xb9\xeb\xd9\xd0\xeb\xb7P\x00\x00\x00\x00\x00\x00\x00\x00\x00\x00\x00\x00\x00\x00\x00\x00\x00\x00\x00\x01C\x81f\xea\xf2\xe4\xec\xd8\xcd\xabS|$\x821l\xb9\x12j\xa0\xa1\x18\xc1\xcb\xa4s\xeb\x8d\xde54\xf2d\xf538\xdd\xfdM\xae\xe7eI\x80\xf6x/\x17\xca\x9a\xb9\xcd\xe5\xd2%\xb0t\x14\x877\xa3\\\xef\xf5\xdc\xeeF8\xe0Sp\xb57\xd9:\xb2_*\x00\x00\x03\x89\xdb\xa1\xd9C\xdc\xbfGI\x98\x00\x14\x043\x8f\x17+_1y\xb8\xfa\xad\x9d\',\x83SM\x9e\xe6\x15g\xe2iP\x00\x00\xd5\x8e\x13\xbex\xae}=\x9bU}\x0cT\x00\x00\x00\x00\x00\x00\x00\x00\x00\x00\x00\x00\x00\x00\x00\x00\x00\x00\x00\x01C\xe7L\xb0d\xba\xd8\x97\xa8\xd9\xb4\x11ABY\xe4\x8c\x08\xc40r\xect\xd6b\x05\x91\x96N\xb1~\\\x9aE\xad\xf0\x96\x9b\xb5K=\x9e\x8a\x82\x84s\x97G&lt;\x9b\xb6\x9b\r\x9bUjV\xe2\xb3&gt;\x9c\xb2\xe9\xc4f\xf5s5s\xd7\x93&gt;\x00\x00\x00\x0f\x9f\x97Z\xd2&lt;\xb3\xe3\xe9\xc6}\x80\x00\x06(\xe6\xf5\x8c\xd4\xe7\xd9\xbe%\xbdd\x89{zE\x96A\xba\xd9p\x00\x00\x00\xc4W\xcf\x1b\xe7\x8a\xce\xeb\x9b\x9c\x8f\xa5j\xa0\x00\x00\x00\x00\x00\x00\x00\x00\x00\x00\x00\x00\x00\x00\x00\x00\x00\x00\x00\n\x1f4\xe5\x8c6\x1a\xf4\xbd\x92\xb64\x02\x840P\xc3\x1e\xc9\xc4\x13\x8cr\xed\x8b\xd6&lt;\xd65ogV5\x8bw\x1b\x14\xd6\xd1fV\\\x9e\xf3\x97\x8aW\x98\xbex\x07\x83Q]"#[\xea\xa7\xdc\xd7H9\xd6\xd7&amp;@\xe7Ssd\xeb\xf7\x1b\xc1P\x00\x00\x00|\xde\xb8k|Y\x94\xcb\xe8\xe4\xbc{*\x00\x06\x18\xe3\xda\x98\xf2\xd4\xb8(\xb7/\x95\x97\xa7E\x93fM\xec\xa8\x00\x16Hg\xa2\xa4\x13\x80\xf4\xe7\x8d\xce\xedb\xe5\x8f\xa6\xea\xa0\x00\x00\x00\x00\x00\x00\x00\x00\x00\x00\x00\x00\x00\x00\x00\x00\x00\x00\x00\n\x1f8\xe5\x846R\xe5u\xca\xd9@(D(b\x0fe\xe2\xa6\x0e]C\x9f[\xdd9\xeb\t\x82\xce\xb1\xf3Y\xab\x8b\xda\xcevkQ\xd3?&amp;y=[\xb0\xa4\xd8\xcaVX\x92`\xe3Y\xae=m\xf2\xcaf\xb5#K\xe6%\xd9\x8d_R\xed\xf1\xd9\x12H\x00\x00\x00\x07\xce+\x84\xd5&amp;G/\xa5\x92\xc1l\xf2z\x00\xf0A5\xba\xd6\xa5\xcc\'&lt;\\]\x98\xdc\xda\xd4\xe3\xad\xa6\xfcN,\x16\x01\xe4\xba^-\x141\xa7\x07\xe9\x8cFuo\x170}3U\x00\x00\x00\x00\x00\x00\x00\x00\x00\x00\x00\x00\x00\x00\x00\x00\x00\x00\x00\x00P\xf9\xdf7]\x8c\xce\xa6l\xe8U\xb5\x03\xc9\xe8\x90E5\xf5\xd8RX01\xcd\xb1\xd3T\xb9\xcc\xe9\xacMU6\xfb\x9c\x82\xe7\xa3\x17d\x02*C\\1\x89O1qn\x1e\xab\xa4Y\xcb\x0c\x9d]\xabFrkV\xb9\x97W%\x9d\x9bz\xce\xf7$\xa0\x00\x00\x00\x0f\x9c\x97\x03\xa9\xe62r\xfd\x1e\x9eOG\x93\xc9\xec\xf6{ \x144\xa9\xad\x92\xe7\x02\xbc\xe6\xb5I=\x19\x93\xb5\x92\x8bd\xb3 T\x15/\x1e\xcff\x08\xe2]\xb8\xeb\x9c\xfa\xdb\xc5\xd9\x93\xe8\xbbj\x00\x00\x00\x00\x00\x00\x00\x00\x00\x00\x00\x00\x00\x00\x00\x00\x00\x00\x00\x00\xa1\xc3\xa5\xd1\xe2M\x9b\xb1\x95\xb7\xaa\xa0\xb0Y\x04\xb3\x06e\x89%\x08Q\xa5\xf3\xdf&lt;\x9a\xc2\xb7&amp;\xcf;\xe7kPHI\xbb\xe7{\xa7+\xdd\xfc\xbe\xfby\xaf\xf4\xf3\xd7|a\xb2&lt;\xe7Qq\xdaN;bq\xdf\x15\xe2\xfay\x19\xb9\x0b\x1ak\xd6U&lt;\\\xc4\xab\x15\xd737\xb2\xd1\x1e\xa2\x92cc*\x00\x07\x00]Q-\x17\x8f\xa9\x8f`\x02\x84"\xc9|\x82X\x97N\x9a\xd8\xec\xf7s\xa6\xae\xb3\x1d\x16\xcd\xf0\xf6G"\x9e\xcf$\xf3\xd8\x00\xd1\xec\xe5\xfdx\xeb\x1c{y\x8d\xe5{\xbdT\x00\x00\x00\x00\x00\x00\x00\x00\x00\x00\x00\x00\x00\x00\x00\x00\x00\x00\x00\x009Tr\xd9l\xd7U\xd4\xd7\x0e\xdd\x02\xf9x\x02\x86\xa6l\xc62^o\xcfr32\xfd\'=\xa9\xb3[\x82lz\xcc["\x18\r)\xd3\xcf^\xdc=\xf4\xe5w\xa7\x1f\x1a\xe2\xb3\xcc\xdf\x9dc\t&amp;\x0f\xcb\xee\xc4\xf9\xbe\x87\x99\xd2d\x93k\x1c\xbe3\xad\x965\x99\xab\xf5#R\xe9\x96\xcb\xc2k\xf2\xda\xa9\x07Pg![\xcc\x80P\xe3+\xcf,\xf0x&gt;\x95\x8c\xd8\x05\xa2!,\xb4Y\'\x951\x86\x935X\x8fS\xeew\x13\xd94\x141\xa5\xe3\xc1Bq\xec\x1cn\xb5\xce\xbcun\x1d|\xcb\xd6k\xac\xd0\x00\x00\x00\x00\x00\x00\x00\x00\x00\x00\x00\x00\x00\x00\x00\x00\x00\x00\x00\x0053\x84f\xf8]\xff\x00SK\x93\xe9\x1a\x94\x00\x00\xf0j\x85\x8c\xdd[7-\x8dk\xf2\xf3\x9e\xd8\x85gl\xd4\xe9\xd1PZ0\x86L\x98T\x16\x88\xa5N&gt;i\xf5\x8d\x8bF\xd7\xb9&lt;\xb5\x9dkmH\x92\xdc\xd5\xca\xbbf\xd0\x9b\x0ck&amp;\x036\x87\x9b2v\xe7\xd3\xb22\x00\xe7+\xc6\xf5\x05\x98\xec\x91\xd3\n\x10\x0b\xa4\x92\x01 \x92\n\x18c(bL\xb9\x18\x84y3\x85@"\x11\x8c\x89\x10\xf2K&gt;u\xd4\x91\xd3:\x97\r\xd6&gt;\x86\xd3m\x00\x00\x00\x00\x00\x00\x00\x00\x00\x00\x00\x00\x00\x00\x00\x00\x00\x00\x00\x00\x01\xe0\xf9\x8f++&amp;\xb2\xf6t#\xa1\x80\n\x10J\x1e\x8f\x042Lk\xc7\x10\x97\x1d[\x9e\xa7\xd01P\x08\xa4\x12\xf9\x90*\x01d\xf9yb\xa7\xa2J\xf4\xadg\x13.?;\x93f^\xe7X\x9a\xba\xb05\x9e\xfb\x99\x9655\xd2Z\x84xL\xf2o\xa9\x97\x00\xa1\x85&gt;u\xb7\xcdZM\x92^\xfd%\xa2id\x8cO*T\xa1\x00\x02\xc9\x95\x06\x1c\xb4I2\x85@(c\xcb\xa4\xb3K\xb3\x91o8\xac\xea&amp;,\xe3\xe9\xea\xbc\x00\x00\x00\x00\x00\x00\x00\x00\x00\x00\x00\x00\x00\x00\x00\x00\x00\x00\x00\x00\x02\x87\x1c\x8ew-\xa3}\xe9\x9c.o\xd0\xa5\xd2\x84#\xc90\xc7\x13\x8b\x05I\x87\x93\x1aj\xb1\xaaWJ6\x00\x01\x00\x16L\xa1Ps3\x8b\xc5\xd2\x87G\xae\xb2r\x1d#\xcb\x12\xc8\xd6Ck?&amp;\xf7\x1b\xdcT\x00\x00\x00\x03\xc9\xf3\xb6\x98B\xc9f&gt;\x93\x8c\xf1\x04\xb8J*\n\x10IF4\x96[2\x00\x82G%\x90\x8c\xa1p\x02\x84r)\xc550\x1b\xce7\x9e\xe9\x97E\xae\xd4T\x00\x00\x00\x00\x00\x00\x00\x00\x00\x00\x00\x00\x00\x00\x00\x00\x00\x00\x00\x00\x00\xc0\x9f;\xe6\xf8\xad\x9fM\xdaI&amp;\xecy&amp;\x91\x8b\x06D\xa1\x04\xf6M\x07\x83\x90F\xd5[\t$\x9aT\x141d\xf3\x1cd\xcb\x07\xcc\x92\xc3\x8fE\xd4\xeb\xdaf*=\x98\xb3\x05m\xfa\x95\x96\xf1\x1b$T\x00\x00\x00\x00P\xe7\x07!\xd0E\xcbt^\xda\x93\x0f`\x14 \x92\xc8\xe4#$\x0b\xe0\xc6\x97O\x05\xe2\x11&lt;\x90\x004\xea\xe3]1\x8a\xce\xad\xe6\xd3/\xa4+`\x00\x00\x00\x00\x00\x00\x00\x00\x00\x00\x00\x00\x00\x00\x00\x00\x00\x00\x00\x00\x00\x05\x0e\'\x96\x8c\xb6\xad\xea\x17:\xac\xd7e\xb3&gt;\x98\xc2Q(\x10J\x93\n\x83^\x97\x8fs\xf6oz\xc7A\xdf\x97\x18d\x8b\xe0\xa01D\x93S5\x18\xd1\x16\xe5\x896\xbb{Q \xa8(x=\x95\x00\x00\x00\x00\x00\x08\x87\xce\x1aE\x8b5\x1d~\x80\xcc\xdc\x80(@%\x96\x8bg\xa2\x84\xb3\xd0 \x15&amp;\x18\xf2Q\x10\x92J(D8\x16\xe6E\x8d/;\xaen\xe9]\xdc\x00\x00\x00\x00\x00\x00\x00\x00\x00\x00\x00\x00\x00\x00\x00\x00\x00\x00\x00\x00\x00\x00bO\x9e1a\xaeOsc\xb3\x0b\x9b\xdb\xac\xce\x9e\x81\xe4\x86y2\x00\xa1\xcfq\xd7\x96\xf2\xf7g\xf1\xee\xee\xbe\xbf\xcfb\x0c`,\x16\xa2\xb5\xea+Z\xd2\xf2\x1c\xdb\xb5\xee\xcfR}\x1bY\xe2\xa0\x00\x00\x00\x00\x00\x00\x00P\xe6\xf5\xc9)Q\xa2L}!\x19B\x84\x12Qh\xb4O \x94\'\x15\x04\x12Y\x1c\x96c\t\xc4c\xd1$\xe4\x15\xb4\xdc\xf2\xf3\x01\x9bU\xfa&lt;\xcc\x00\x00\x00\x00\x00\x00\x00\x00\x00\x00\x00\x00\x00\x00\x00\x00\x00\x00\x00\x00\x00\x00\n\x1c\xf68\xcc\xbe\x16OI\x9d\xed\xce\xff\x00\rv\xf9r\x00\x80M!\x93\x805\xe9y_\x1f~w\xa7\x9b`\xd7\t50\xbcf\xca\x80hK\xc2#\xdc{_GV\xb9\xea\xf4\x00\x00\x00\x00\x00\x00\x00\x00\x0bG\x01\xac&amp;\x91\xe24f\x97\xe8i(J&lt;\x11\xcc\x81B!BiPA&amp;\x90\x0c\x81C\x16d\x88g\'M\xe2\xb9\xbe\xae\x9f\x9c\xdb\x97\xb1/I\x00\x00\x00\x00\x00\x00\x00\x00\x00\x00\x00\x00\x00\x00\x00\x00\x00\x00\x00\x00\x00\x00\x00P\xe31\xcfe\xf1l\xce\xbc\xf6\xbe\xbcq\x9c{\xf6\\]\x84\x86^\x04\x80\x08G\x82ap\xa1\x00\xbeZ\'\x1eN^q\xcc\xef\xda\\&lt;\xa6\xe5\xa7yK\xa0\x00\x00\x00\x00\x00\x00\x00\x00\x06\x0c\xe0\x15\xe4\x89\x11\x9a\xcb\xc9\xdfl\xcb\x90\x8c\x98!\x92\x08&amp;H\x03\x1cd\x08$\xf0P\xc1\x9c\xc1q\x96ent*\xf1\x8b\xb8\x1d\xe1}\x00\x00\x00\x00\x00\x00\x00\x00\x00\x00\x00\x00\x00\x00\x00\x00\x00\x00\x00\x00\x00\x00\x00\x05\xb3\x83\xc6\xa9\x14\xd2\xee\xa6g\xaf)\x99\xd6\xd1\xcb\xa7L-\x13\xc0\x04\x02\x84\xd3\xd8!\x92\x08$(\xe3\x06\x9f-\xd5\xba\x0c\xf5\xcf\xd054\x00\x00\x00\x00\x00\x00\x00\x00\x00\x03O8\x85y"Kl\xb8u\xb4\xe9\xe7\xa0@\'\x98\xc3&amp;\x01\x00\x9ec\x8c\x89CN9\x82\xed\xd7&lt;\xe0\x81T6L\xdf\xa0\xcf`\x00\x00\x00\x00\x00\x00\x00\x00\x00\x00\x00\x00\x00\x00\x00\x00\x00\x00\x00\x00\x00\x00\x00\x05\x83\x8b\xc6\x93\x15\xa6\xdb\x07Ny\xe9`s\xde{7\xa0Y\x96*\x08`\x96T\x1eMD\xd0%\xe71Yo\x1e\xae|[\xb4\x9d\xd2\xcc\x90\x00\x00\x00\x00\x00\x00\x00\x00\x00\x00\xa1\xa4\x1c^\xbcDb\xd2\xf86\x19:\xa5oDRy\x00\x9e\x01\x8e2\x06&lt;\xd7#\x9f\x97\xaba\xb3\x9dK\x8a&lt;V\xd5\x1d\xd4\x96\x00\x00\x00\x00\x00\x00\x00\x00\x00\x00\x00\x00\x00\x00\x00\x00\x00\x00\x00\x00\x00\x00\x00\x00\x01\xe4\xe5q\xcc#\xd6\x94\xd2f\xa4\x85\xf7\xcf\xa7\xbc2\xa9\xb1\xa4\xedK\xe7\xa3\xd9\x0e]}t\xa5\xc2\xa5\x0b\xcb&amp;KvxM\xf6\xce\xcfR\x00\x00\x00\x00\x00\x00\x00\x00\x00\x00\x00\x1453\x8aTJ\xb5\x16"\x87\x99\xa9)\xb8.\xd9d\xe31g\x98\x84a\xcc\x14\xb8\xa4\xcc&amp;wY\xd3\x1a\xd5\x0fR\x8d\xe4\xec\xc4\x80\x00\x00\x00\x00\x00\x00\x00\x00\x00\x00\x00\x00\x00\x00\x00\x00\x00\x00\x00\x00\x00\x00\x00\x00\x00(j\xd1\xc7W\x06z\xb2\xabH\xa4\xa5\x95\x9d\xdf\x8a%\x92=\x90\xec\xf0\x97,\xac\xb7\xe1^jU\x9d}:\x05T\x00\x00\x00\x00\x00\x00\x00\x00\x00\x00\x00\x00\xc5\x1c|\xd3\xb4\xa9o+\x01j\xbd\x15\x99\x05\x8b6\xe4\x9a`Lz\xe3k\x04`e\xf7\x02Q\xd8M\xe8\xa8\x00\x00\x00\x00\x00\x00\x00\x00\x00\x00\x00\x00\x00\x00\x00\x00\x00\x00\x00\x00\x00\x00\x00\x00\x00\x00\x0bg&gt;\x8eda\xcfR\xd2)*\xab\x1e\x14\x9e\x8a\xa5\xb5\xf7eKd\xea\xe9Vt\xca\x92\x00\x00\x00\x00\x00\x00\x00\x00\x00\x00\x00\x00\x00(h\xc70\xac\x14P\xf2\x0fe\xea\x92R\xdbRDJ/\xa9\x9a\xddx\x8b\xc7F:\x91,\x00\x00\x00\x00\x00\x00\x00\x00\x00\x00\x00\x00\x00\x00\x00\x00\x00\x00\x00\x00\x00\x00\x00\x00\x00\x00\x00\x00x5C\x9dK\xa7DY}\x02\xb0.\x1e\x12\xd5\xb7\xec\xdb\xcd\xf2\xcd\xda\xaf\x15\x00\x00\x00\x00\x00\x00\x00\x00\x00\x00\x00\x00\x00\x00P\xf2jf\x84j\x04\x02\xf9\xe1=%\xab\xaa\t(\x97\x17j]\xd8\xdf\xcb\xe5@\x00\x00\x00\x00\x00\x00\x00\x00\x00\x00\x00\x00\x00\x00\x00\x00\x00\x00\x00\x00\x00\x00\x00\x00\x00\x00\x00\x00\x14\x07\x93\x01\x1a\xe2\xe3\xa2\xc5T\xbb\x13k.mVH\x05@\x00\x00\x00\x00\x00\x00\x00\x00\x00\x00\x00\x00\x00\x00\x00\x05\xa3\\5c\x05\x1eJ\xd6P\x96e\xcd\xb4\x96T\x00\x00\x00\x00\x00\x00\x00\x00\x00\x00\x00\x00\x00\x00\x00\x00\x00\x00\x00\x00\x00\x00\x00\x00\x00\x00\x00\x00\x00\x00\x00\x00\x00\x00\x00\x00\x00\x00\x00\x00\x00\x00\x00\x00\x00\x00\x00\x00\x00\x00\x00\x00\x00\x00\x00\x00\x00\x00\x00\x00\x00\x00\x00\x00\x00\x00\x00\x00\x00\x00\x00\x00\x00\x00\x00\x00\x00\x00\x00\x00\x00\x00\x00\x00\x00\x00\x00\x00\x00\x00\x00\x00\x00\x00\x00\x00\x00\x00\x00\x00\x00\x00\x00\x00\x00\x00\x00\x00\x00\x00\x00\x00\x00\x00\x00\x00\x00\x00\x00\x00\x00\x00\x00\x00\x00\x00\x00\x00\x00\x00\x00\x00\x00\x00\x00\x00\x00\x00\x00\x00\x00\x00\x00\x00\x00\x00\x00\x00\x00\x00\x00\x00\x00\x00\x00\x00\x00\x00\x00\x00\x00\x00\x00\x00\x00\x00\x00\x00\x00\x00\x00\x00\x00\x00\x00\x00\x00\x00\x00\x00\x00\x00\x00\x00\x00\x00\x00\x00\x00\x00\x00\x00\x00\x00\x00\x00\x00\x00\x00\x00\x00\x00\x00\x00\x00\x00\x00\x00\x00\x00\x00\x00\x00\x00\x00\x00\x00\x00\x00\x00\x00\x00\x00\x00\x00\x00\x00\x00\x00\x00\x00\x00\x00\x00\x00\x00\x00\x00\x00\x00\x00\x00\x00\x00\x00\x00\x00\x00\x00\x00\x00\x00\x00\x00\x00\x00\x00\x00\x00\x00\x00\x00\x00\x00\x00\x00\x00\x00\x00\x00\x00\x00\x00\x00\x00\x00\x00\x00\x00\x00\x00\x00\x00\x00\x00\x00\x00\x00\x00\x00\x00\x00\x00\x00\x00\x00\x00\x00\x00\x00\x00\x00\x00\x00\x00\x00\x00\x00\x00\x00\x00\x00\x00\x00\x00\x00\x00\x00\x00\x00\x00\x00\x00\x00\x00\x00\x00\x00\x00\x00\x00\x00\x00\x00\x00\x00\x00\x00\x00\x00\x00\x00\x00\x00\x00\x00\x00\x00\x00\x00\x00\x00\x00\x00\x00\x00\x00\x00\x00\x00\x00\x00\x00\x00\x00\x00\x00\x00\x00\x00\x00\x00\x00\x00\x00\x00\x00\x00\x00\x00\x00\x00\x00\x00\x00\x00\x00\x00\x00\x00\x00\x00\x00\x00\x00\x00\x00\x00\x00\x00\x00\x00\x00\x00\x00\x00\x00\x00\x00\x00\x00\x00\x00\x00\x00\x00\x00\x00\x00\x00\x00\x00\x00\x00\x00\x00\x00\x00\x00\x00\x00\x00\x00\x00\x00\x00\x00\x00\x00\x00\x00\x00\x00\x00\x00\x00\x00\x00\x00\x00\x00\x00\x00\x00\x00\x00\x00\x00\x00\x00\x00\x00\x00\x00\x00\x00\x00\x00\x00\x00\x00\x00\x00\x00\x00\x00\x00\x00\x00\x00\x00\x00\x00\x00\x00\x00\x00\x00\x00\x00\x00\x00\x00\x00\x00\x00\x00\x00\x00\x00\x00\x00\x00\x00\x00\x00\x00\x00\x00\x00\x00\x00\x00\x00\x00\x00\x00\x00\x00\x00\x00\x00\x00\x00\x00\x00\x00\x00\x00\x00\x00\x00\x00\x00\x00\x00\x00\x00\x00\x00\x00\x00\x00\x00\x00\x00\x00\x00\x00\x00\x00\x00\x00\x00\x00\x00\x00\x00\x00\x00\x00\x00\x00\x00\x00\x00\x00\x00\x00\x00\x00\x00\x00\x00\x00\x00\x00\x00\x00\x00\x00\x00\x00\x00\x00\x00\x00\x00\x00\x00\x00\x00\x00\x00\x00\x00\x00\x00\x00\x00\x00\x00\x00\x00\x00\x00\x00\x00\x00\x00\x00\x00\x00\x00\x00\x00\x00\x00\x00\x00\x00\x00\x00\x00\x00\x00\x00\x00\x00\x00\x00\x00\x00\x00\x00\x00\x00\x00\x00\x00\x00\x00\x00\x00\x00\x00\x00\x00\x00\x00\x00\x00\x00\x00\x00\x00\x00\x00\x00\x00\x00\x00\x00\x00\x00\x00\x00\x00\x00\x00\x00\x00\x00\x00\x00\x00\x00\x00\x00\x00\x00\x00\x00\x00\x00\x00\x00\x00\x00\x00\x00\x00\x00\x00\x00\x00\x00\x00\x00\x00\x00\x00\x00\x00\x00\x00\x00\x00\x00\x00\x00\x00\x00\x00\x00\x00\x00\x00\x00\x00\x00\x00\x00\x00\x00\x00\x00\x00\x00\x00\x00\x00\x00\x00\x00\x00\x00\x00\x00\x00\x00\x00\x00\x00\x00\x00\x00\x00\x00\x00\x00\x00\x00\x00\x00\x00\x00\x00\x00\x00\x00\x00\x00\x00\x00\x00\x00\x00\x00\x00\x00\x00\x00\x00\x00\x00\x00\x00\x00\x00\x00\x00\x00\x00\x00\x00\x00\x00\x00\x00\x00\x00\x00\x00\x00\x00\x00\x00\x00\x00\x00\x00\x00\x00\x00\x00\x00\x00\x00\x00\x00\x00\x00\x00\x00\x00\x00\x00\x00\x00\x00\x00\x00\x00\x00\x00\x00\x00\x00\x00\x00\x00\x00\x00\x00\x00\x00\x00\x00\x00\x00\x00\x00\x00\x00\x00\x00\x00\x00\x00\x00\x00\x00\x00\x00\x00\x00\x00\x00\x00\x00\x00\x00\x00\x00\x00\x00\x00\x00\x00\x00\x00\x00\x00\x00\x00\x00\x00\x00\x00\x00\x00\x00\x00\x00\x00\x00\x00\x00\x00\x00\x00\x00\x00\x00\x00\x00\x00\x00\x00\x00\x00\x00\x00\x00\x00\x00\x00\x00\x00\x00\x00\x00\x00\x00\x00\x00\x00\x00\x00\x00\x00\x00\x00\x00\x00\x00\x00\x00\x00\x00\x00\x00\x00\x00\x00\x00\x00\x00\x00\x00\x00\x00\x00\x00\x00\x00\x00\x00\x00\x00\x00\x00\x00\x00\x00\x00\x00\x00\x00\x00\x00\x00\x00\x00\x00\x00\x00\x00\x00\x00\x00\x00\x00\x00\x00\x00\x00\x00\x00\x00\x00\x00\x00\x00\x00\x00\x00\x00\x00\x00\x00\x00\x00\x00\x00\x00\x00\x00\x00\x00\x00\x00\x00\x00\x00\x00\x00\x00\x00\x00\x00\x00\x00\x00\x00\x00\x00\x00\x00\x00\x00\x00\x00\x00\x00\x00\x00\x00\x00\x00\x00\x00\x00\x00\x00\x00\x00\x00\x00\x00\x00\x00\x00\x00\x00\x00\x00\x00\x00\x00\x00\x00\x00\x00\x00\x00\x00\x00\x00\x00\x00\x00\x00\x00\x00\x00\x00\x00\x00\x00\x00\x00\x00\x00\x00\x00\x00\x00\x00\x00\x00\x00\x03\xff\xc4\x00@\x10\x00\x02\x02\x01\x03\x03\x03\x01\x05\x06\x03\x07\x03\x05\x01\x00\x02\x03\x01\x04\x05\x00\x06\x11\x07\x12!\x13\x141\x10\x15 "2A#$0@P`3BQ\x16%4CDapSTq\x17R\x81\x91\xb06\xff\xda\x00\x08\x01\x01\x00\x01\x0c\x00\xff\x00\xf9vg7\xc63\x16\xf3@A\xda~\x1f\xa8T.\xda\x1a\xd7TU\x0f\xff\x00\t\xeeK\xe5\x8c\xc0]\xb6\xbf\x06\xb7K\x93\r\xe7\x99\xb31\x15\x88\xa7[a\x8dv\xd9\xc7\x1b\xfc\xb3\xff\x00\tu\x8b2U\x93C\x18\x93\xd2\x1ek\x19\x8a\xd0-^\xd3\xc1\xbfs\xe6A\x070\xb4!@\x84\x82T=\xab\xff\x00\xc2[\xff\x00&amp;y-\xd5m\xc7\xaf\x8f\x9dt\xbe\x85\x1c&gt;\x04 \xde\x8f~l\x00\xe3\xbc\xc4\x7f\xf0\x8b\xdc\xaa\xe9&amp;\xbc\xc5kU\xca\xce\xa9\x16\x94\xf5\x9a.\x18\xb5\xcc\x1b\'\x04o \xab\xe10Mt\xdc\x841}\xb1\xc9\x06\xe1\xc9\xe7\xaf\xe3h\xdd\xc8\x9a\x91\x061\x11\xc9F\xa0\xa2~&amp;\'\xff\x00\x00\xf9\xee\xff\x00\xb7\xf1z\xab\xbb\x84\xc3\xecj\x07\xaa;\xa3\'\x8f\xc3\\\xc5\x83d\xa9\xd1\xc7\x8d\x86\xd5\xf5^&gt;\xccnV\x9b\x0ew\xa1"P\x8fX$\xea\xf2SPL\x0c\xac\xa2CM\xad\xb8w\r\xb5\x04\xcb\xdb/\xc2\xe4\xf1D\x05i\xf9\x1am\xd8\x19\xec\xe3\xef\x96+##u_\xf83\x7f\xef\x07\xd6t\xe3\xb1M\xd6&amp;\xbd\x1c\xa6\x03.\xdbn\x88\xb3R\xa1\xbc\xa2x\xe26\xbfJ\x12\xfa*~v\xd3\xf8\xdd]-G\x87`\x13\xacOM\xb3\xdc\xda\xbbp&amp;\xb4Z\xdb\xe6\xfb\x04u*\x99\xbb\xa6\xdbe\xd8\x9cl]\xbf\'7-VE\xba\xe6\x8bI\x07+\x17\x88\xc7\xe2\x14k\xc6\xd4]q\xff\x00\xc1\x1b\x8f\xa8th_\x9cf3\x8bw\xb6\xdfQ\xaf^\xddh\xa1\x93\x04\x022\xb9\x8a8\x94\x89\xddo\x13\xb9\xb7\xb5\x975\xc8\xef:\xa9\xbbf_\x0c)\x81\x08P\x02_&gt;\xac\xcc\xab\x1drf\xdd`\xae\xa9\xe6&gt;\xbb\xab\xd6\xdb\x1b\x96\xa6j\x9cL\xd6\xac\xe0\xb3YoT\xf2\xbf\xeel\x8eZ\x8e2#\xde\xbcW1\xbc\xb0\x92\\M\x92\x8dW\xdc\x98k&gt;\x15}:S\x01\xa1\x06\xa3\x13\x1f\xe7\xe7\xe2bu\xb90\x05Ks\xdazO\x8aG\xc2\xae\x03\xd5?\xb6vV\xf9\x9b\x18V\x99-\x82\x99(J\x02H\xb1{c)\x971\n\xf5\x9aG=\'\xb6\x97\xa0\x1d\x99\xa4\x11\xb2\xfa}Kn:m\xda8\xbdw\xeb\xd4\x1a\xc2\xfd\x97|\xff\x00]\x9f$[K\x1b\'\xfd\xcdr\xc0T\xa6\xeb-\xfc\x973%z\xd3\x1e\xe6\xc9\x19\x8ftr\xa3\xed\xd1\xbc\xd5\xe1\xa11\xaa\xb97Vd2\xab\xd8\x93\xab\xbd\xb3\x88\xf8\xbb-\xd2:\x95|&lt;&gt;\xa2\x1d\xa4u5\x1f\xf3\xf1\xa6:GPp\xa7\xe4\xe5\xca\xd4o|\x07\xfe\xeeu;\xdf\x01\xfaZ-N\xfa\xc1\x7f\xeb\x9e\xa3|\xe0g\xfe\xa4\xf4\x1b\xcb\x00\x7f\xf5\xf1\x1a\xad\x9d\xc5Z\x98\x14_A\xccO?\xca\xdfAY\xa0\xf4\x03eG\xbb\xb6\xe6\xe4\xc3`\x116\xed\x03q\xa8\x12\x1a\xc2N\x8e\r\xcf#(Rc\x93^aT+9k\xac\xa71{\xab4-\x96.\xe3\x81\xd8m\xcd\x93=\xeb\x8c\xb3\x93C\xf26\xefe\xb762\xccdnT\xb3(\xff\x00i/~\xbbg)\xa0\xdcG#\xcbp\xd95i;\xa3\x10g\x00\xcb3X\xfa\x8f|)l{\xff\x00\xa9\xd0DU\xc7W\xae1\xc4\x7fr\x98\xc1\x84\x89G#w\xa4\xf8\x87:[R\xf5\xda\xba\x7fL\xb2U\x00\x8e\x8eX-j\xca,\xd4yU\xbfX\xd0\xf7\xd7\x1f2\xb9\xed\x96\xb1\x89.\x0f\x98\xd4\\-E\x9d\x0b\xe7P\xe9\xff\x00]\x0b\xbf\xef\xae\xfe\x7f]z\x9c\x7f\x9bP\xd9\xfd\x0fR\xf6\x07\x98\x9dl]\xe8\xeaw\xd5F\xd1w\xd6\xfeW\xa9\x07|\xf3\xb5\x82q\xae\xbbB\xaeFg%\x15\xca%\x05V\xbc\x9ek\xd9\xb5\x90\x13s\x01g\x11vB\xddXS\xddA\xd0\xe8\x93\x9e#\xa6[z\x90\\\x8c\xbd_\xda\xa3x\xaf\xd5\xd9\xd9a\xd69\xb2\xfceWL\xf3:\xb0\x85XA%\xeb\x06\xae\xd5\x05d\xf7M,eW\x9c\xe3?\xbas\xf8:\xb9\xeci\xd5\xb5\xac\xe5k\x18\x0c\xc9\xe32~\r\x9d\xac\t\x82\xe2E\xeb\xf4\x1d\xdb\xcf",\xd4Y\x11\x9e\x0b^\xf8#Q~$\xe2\x04fd\xaeq\x1cs\x1aL\xb6\xc4\x97d\x8e\x85/\xf8\xfc341\x19\x0b\xac\x05\xa5\x06\xd8\xc0t\xd5\njm_\x99\t\x88\xe28\xfe[\xa98\xa9\xc3o\x07\xc8x\x0c\xd8\x89EL\x82\x8fY|\xbbwf\xd9\xc2b\xa8\xf8\xbfG\xa66\xe4\xc2o\xdeGed*\xadpB\x00AYD\xc5\x8cM\xc4O\xc6\xcb\x7f\xb9\xd9\xb8\x96\xfd7\x8ea\xf8\xecpU\xc6*]\x94\xd8\x18qK\xddk\xc1\xa3\xfb\xabzmz\xdb\x9f\x08uO\x80\xb2\xfcm\xbc.T\xe9\xdf\x82\xae\xf6\xde#t\x8f`\x1e\xa5\xael\xf0 \xcdMk=\x92\x1e\x90H\xd3\xc2&amp;\xc2%\xc7dk#c\xf4\xf3\xedS\x0c\x8eN$1h\xc5\xe3\xeb\x08\xc2(\xd7\x08\x85\x84G\x10\x03\xc4\xa1?\xaa\x83B01\xc0\xc7\x11\xfc\xbf[\xe8\xa0\xe8Q\xbb\'\x10\xea\xd0\xebXQ\xa6\xce%x\x1c\x8d\x8c\x16n\xb5\xc5\x91\x1c\xe3/\'%\x8c\xadv\xb1r\xad0{\xd4c\xae\x9d\x7f\xfe\x13\x1b\xad\xd1\xba\xab`\x10q\x016m\xe3)e]\xe6\xcd\x92\x9d\xc3F\xa2(\xd2MJ\xa1\x0bG\xf7^\x7f\x01C?@\xaa\xdfV\xb7\xae\xd5\xff\x00d\xe1\x12yc|\x1e\x03.\n\xec]Y\xb2\xb3\xc6\xd9;h\xae\xab^\xf6\xc6\xc6\xd84)\xa2.\xe5\x80/\\\x81\x88\x88\xe2?\x9c\xea\xc5D_\xcf\xd1J9;X\xad\xbb#L\xdd\xef\x80cs\xe0\xee\xe1\xde\xb3\xb2\x115\xfaGn\x1f\xb1\x92\xaf\xd7Oz\xab \xdc\xf6\n\x95\xb4\xac\xe5/\xed\xd9\xa5\x86\xec\xadUA@\x9e\x82\xa5P\xedV\xc0\xe2#\x1a\x96\xb5\xe7\x0f\xbf\xfd\xdbr\xa2.\xa0\x93eb\xc0\xdd\xbb\x16\x80:\xb5\xc45\xe8\xa1\x94\xa9;;}Vr#\x84%\xa0\xf4\x03W&lt;\x87\xf3W\xf75\n\xaf\x9a\xc8\x93\xbdp\x95\x9d\xcc\x9f\xef\xaf\x8cE.0\x1bi\x0c\xe2k\xa0\xdf\x92\x9bx\xbfD\xb1\xe2/\xdd;\xa1\x19\x1d\xbcx\xd3\xc6\xa2\x03\xa2\xd9hE\xfb\xf8\xc7\x1c@7q\x8b\xdah\xc1V,\x9b\x91\x80e\xc9\x1b;\x92\xcc^u+\x97.\xda\xbf\x80\xc4\xa0\xec\xd4\xc1`\xc3\x17\x12\xe6\x9f\xafw\xfb\xbfpW}\xbd\xbd\x90ES\xed|\xd1~Sd?\'i\xed}\xfe\x98\xe5\xe3+\xb3P\x06|\xbf\xf9y(\x18\x99\x99\xe2/n\x8a\x80\xe2\xab\x8d\x03\xc8\xdc:Yl\x98\x13s\xd7\xe2\x8dH\xce\xe0\xf0\xa84`\xea\xc3\xcb/\xbd\xec\x1f \xfb\xe2\x9d\x167s\xd9\xc6\xbf%C\nhP[\xb7m\xd3\x0e\xb2s\xaah\x89\xad\xd8\x85\x15\xadBc\x19\x91\xab~\xd8(\xeb\x9eK\x0f\x89\xa0\x8e\x1c\x84\xa19l\x8e\xf4{kcA\xd40\x9b6\x8a1Y\x8c\xfe2\x98B\xd1\xfd\xe1:\x8a\x91\x86\xde\x19\x9c#`=\x87J-\x1e#w\xdf\xc1\xbf\xe7\xf9R!\x01\x922\x81\x1b\x9b\xa1Dd\x8c%c\xcaY}\x1bw\x11/\xdc\xb9@J,nL~"\xac\xa3\x0bU \xac\xde\xee;\xed\xf4\xbb\xd9\x90:{g=\x95O\xaf\x9d\xb8\x18*\x14\x11\xb5\xf6\xda&amp;\xd6\'\x18\xdc\x91\xbbw\xee|\xc70\x00\x18\xba\x95\xb0\xb4\xab\xf9\x85w\x13\xd5\x15\xec\x8bG\xc0\xe4\x05LC\x01\x93\x10=&lt;\t\xceG\xd9s)A\xd2\xa9^\x8d5U\xa6\x90J)p\x8e\xa1\xe4\xd7\xfd\xe5\xd5*\xb0\x89\xc5\xe6\xbeCs\x9bp{\xcb\x1d\x9bW\x86\xd6xY\xaa\xa7\xaabC\xf9&amp;\xb5iY1\xa6 \x0f\xdc\xa5feX\n\x85\x90;\xd4\x01\xa1\xeew^V\x0c2[\xce\xae9\x1e\x865*B.n,\x8ef\xfc\x85\x04&gt;\xf5\x9c\xce\xd0\xcf\x86\x18\xf2\xb9S\x80\x9d\x91\x82\xcf\xc5\x18\x8c]dc\x839\x84\xa9\x88\xb8-\xbb\x9b\xbf\x96\xce&amp;\xab\x98p\xfc\x9d\xa6\xdc~\x9c\xe5 %\x8e1\x00\xc8\xe7!\xb2jB\xfc[2\xbbVL\xe7\x92\xe9\x95\xefa\xbei\xfe\x81\xac\x99\x8dN\xa2a\x0f\xf5\xfe\xf1\xdcx\xc0\xccm\xeb\xd8\xf3\xf8\xbe\xd3\xcal\x05\x19\x84C\xfaW\x95\x8b\xfb=(9\xe5\xdf\xc8Y\xb2\x8a\xa9\'Yp%s\xb8l\xdf9\x0c\x05)r\xefV\xc7\xd61\xb7\xba2~\xed\xf9}\xff\x00\xe8\xa6UIAL\x12\xfc\xe6~\xdc\xc66\xab\xdcx\x8e\x99\t\xcc?7l\xdex\xdc5LuhM4*\xba\xfd5\xc0H\xf6\xc7n\xea\xdd\xa6\x0f&lt;N\x0eD\xedW\xac(\x12\xfcf\xc6\xeb-\x9aF8{c\x86\xbdQ\x90\xcb\xc9\xdco\xe1F\x7f\t\x7f\x05);\xe0a4,\xc7o\xa5 E;y\x89F\xea\xa37\xa4\xc1j0b\xe0\xc0\xa0\x83w\xf2\xac\x9e\xdd\xb9\x1f\xde{\xc2\xb1\xe0w\xed\xca\x9f\x14\xbaQ~q\xbb\xc1\xd8\xd3\xf0\x1f\xc6\xb9z\xad\x04K\xae\xd8R\x179\x9c\x96Pg\xecZ^\x822G\x85\xc3\x9c;=x\xf2\xb9L\xf6\xff\x00\xb8|\xa6\xb4\xfb\x11\xc7b\xb7\x06\xe2q\x1d\x14\x1a\x11\x80\xe9\xbe6\xa9\xc3o\xcc\xdfmj)Ba`\x00\x0b\x88\x88\x8e#\xe9\xbcwK\\\xf6\xe0\xf0\x87"\xda\x95\x95Q\x10\x94\x0f\x03\xac\x9ee\xaf\xb5\x141\x00Nz6MjR\x81\xcc\xc3\xaf\xe6v\xee\xd8\x1a\x06\x17/\xc8:\xee\xe2\xc2R\xcccX\x16\xeb\x03\x9b\xc9\xd0\xca\x171\xe6\xc5\xc51\xe6h\\\xabT\xb7~s\x11\n@d\xad(3\x19|\xcd{\xe9yd^\xd9\xc4\xde^O\x13V\xf2|\x07\xf7\x8fZqr\xfd\xba\x8c\xa0~s\xb6ur4s5\xa6`\xe8Z\x0b\xd4\x11m3\xc8\x7f\x0f#\x94\xa5\x8cT\x1d\xdb\x02\xa8;\xd9\x8b\xfe(\xd6\x8crne\xf6\xee\x0e\xd7\x0fs\xb3\x19|\xee\xfb\xcad\xe6k\x01\xfb \xc5l\xfc\xf6\\!\xa6\x11\x8d\xa7\x80\xd88\x8c_\x07(\xf7o]p\x11\x88\x98\xe7\\}w\x1em\x18|s\x1e\xddS\xbeW\x9a\xf6\xbc\x16\x0f\x99\xe25\x96\xca\xb2\xfd\xa8\xc7c\x9a \x1b\x01$\x14%\x18\x1a@Y\x9c\x1e\n\xa6\x1d%\xe9w\xba\xcf\xd3|l\x0bTg#\x99Q\xa8\xea\xd7\xb0!\x13&amp;\xae\'\'\x01aI\xb6\xa9\xe4.[e\xbced3\xcb:a\xee\xc7d\xd4\x0b\xaa\x90\x9f\xef\x1c\xd69Yl5\xba\x0f\x8eB\x14\xc0\xa1n\x83\xfc;\xa4\x99X\xbd\xb4F\xa1\x9f-\xfe\r\xfc\xc5\x1a\x07\x0b{\xb9s\xec\xe6.\x84\x97!\x86\xadoum\xcc)\x94\xe3\x80\xf2w\xb2;\x9f=\x9f|\xa2\x1a\xd9\x0cGOr\x96\xbc\xe4\x8c1\xc8\xc2m\x1cV\x1c#\xd9\xd2\x010H\x0c\xf3\xc73\xf72\xd9\x14c(\xb2\xd5\x96v+1\x90\xb3\x9b\xbe\xfb-/\xc0\x16"\xb1C\xe2ue\x97s\xb90\xc2a\x06L\xe9l\xdcm\xe8V\'\x14\xa8=`\xf0\xf4\xf0x\xc0\xa3@$S\xf5\xcaQVK\x17f\x93\xbf!\xec,\xb5l\x9a\xa9\xe4\xcd(\xd6\xce\xda\x98\x1bM\xbd\x87\xbe\x93i\xed\xecEJ\x87\x7f\x08h\x00\x9e\x9c^\x93\xa7f\x8b\xfc?\xfb\xcb\x7f\xe3c\x0f\xd4R|\x87\x14\xfa]~q[\xdah4\xf8\x0f\xbfw7J\xab\xa5\x02Eb\xd5\xbb\x19\x16\x81;\'qxz7\xb7\xae\x17\x13\x06;z\xa7\xae\xf3\xbd\xb97s\xa4\x07\xd7\xb7\x18N\x9a\xc9\xf9\xcd\xbfX\xac\r\x1cR\xbb(UUQ\x05\x82\xff\x00(\xfd\xe3\x98\x11\xe6u\xbc3\xa5\x97\xba\xd4Uo5\x96\xdf@\x85\xa1\xf1}V,\xe5SG\x16\x1e\xbb0x9\xc6\xaav\xf6\x18\xf9\xbb\x8c\xc7\xd5\xc5\xd0]:)\x84\xa3\xee\xef\xba\x12\xfcX\xdb\x08\xe4\xdf\x7f\xec\xec\xfe33\xfan\xa4\xcd,\xfd{\xc9\xfc\x99\xe3\xb7\x89\xccZ\xb5\x87|\xa0\xb0\xddK\xca\xd6r\xa3$au8\xfb\xb5\xf24\x95n\xa3!\x89\xfe\xdd\x92\x88\x89\x92\x9e"\xe6\x7f\x0fK\x8fu\x92\xac\xbd7}m\xc5\x1fd\xdf\xd1\xf5\x17o\x07\x98;Z&gt;\xa3\xe1!@p\x16\xb5\x1dE\xdb\xdf\xab_\xa4o\xad\xb8\xeex\xbf!\x14\xf7\x0e\x1e\xe8\xf3["\x83\xd0\x18\x98\xc1\x01A\x0f\xf0\xba\xcb\x8b\xf7{N/\x87\x96\xfb\xb3\xafn\x86Y\x1f\x9d[\xcb\r(\xab\xfb\xcf\xabo\x17\x92\xa9\x96\xa0\x17(\xb2M?[Y\xea\xc0\xd3E ;\xf6\xb26\xda\x15\xa5\xfb\x87*\xbcul\x96\xfd\xabD\x0e\xb6\xda\xa4\x0b\x00\xa1\xb9\xf7s\xfdc\x87\xbc0\xbd8\xa0\x8e\x0f"g}\xd4\xb1\xa8\xa8\x98RV\tX\x88\x84p1\x11\x1f\x7f\x7fg\xa6\xa2\x03\x19P\xe4_\xf8\xe0\xff\x00g\x1c71f\x103(\x9e\xe0\xd9\xf8gb*\xa0\xc09\xdc\x98\\U|=\x01\xab_\x92\xfb\xf6\xd06j5%\xf1\x9c\xc7\x1b\xb09\n\x103\x0e\xc0\xde-\xd1\xd3u:|\xde\xc9\x8c\\\xdbC`?\x19\xe6v\xa2)\xe0*e\xf1\xa6r\x8e\x8fg\xce.?\th\xfc}J\xc2D\xfb\t\xc1\x059\\tD\xcc\xdf\xad\xa9\xc8\xd1\x18\x19\x9b\x88\x8dE\x84\xc9\xc8C\x82J\n&amp;9\x89\xe7\xfbN\xfeJ\x9692\xdb\xd6\x94\x80\xcau/\x16\x8f\x18\xd4\x9d\xc6\xdf\xea^e\xef\x90A\x85@\xbd\x9b\xc8_3\x9b\x97\x1a\xe5K\xbb\x8b\xb9l\x91\x19lX/\xdbD\xce\x89\x9e\xb9p\xe1\xe6%\x92_\xb2dG\xa7\xea\x1f\x10\xa0\x8e\x00\\U\xa2D"t6J\x16^\xb3%\x9a\xc5\xe5\xef\xd3\x7f5\xdei\xd6/\xa9\x19\xba\xa70\xd7\xc5\xedbz\xa1I\xde2\x95\r\x07C3\x8c\xc9x\xa3y/\x9f\xbc\xc3\x15\x81\x19\xcf\x03\xbaz\x87\x8b\xb2\x87\xe2\xa9\xd5\x9ba\xdc\xaa\xb5\xe1\x10s#\xd2\xe0\xb3ss&lt;)\xbei\xeb\x15\x8d\xad\x8a\xa3\x15jA@\x11@\x8f%1\x10\xfc\xfa\x8c\xc98\x94\x96E\xf9\x9b\xf5\xeb+\x9d\xd1\x97\x05\x86G\xa8O\x80\xf6{z\x98RM\r\xa3\xb8s\xf6}\xed\xf94\x06\x0fab(H\x1c\xa6n\xb8*\x87\x11\x07\xf8\xbf\x85\x9b\xca#\x11\x8a}\xdb%\xc0\xdc\xb0\xfb\xb7\xddj\xd1~\xf3u\xbcU}\xc9\x8e\xd9\xda4f\xcd\xd3\xca\xdbI6\x9e\xde\xc5\x9d@;\xb7\xf8&lt;\x9f\xf07Mh\xab\x9e\x07\xc8\xfe\xc3aY\xfb\x13zY\xc4\xbf\xc2k\xa8hflP\xb3\xe6\xbe\xdc\x00\x84f6\xfeM\x90\x00\x17\x0f\t\xb9S~\x84\xc4\xcd\xce\xad\x1f\xaf1K\x1a\x12\x87\xf5\x13=i.\xe2\xff\x00f\x9f\x9f\xca\xdb\x98;W-\x19\xb6\xf5\x97\xbe^\xf6rb\xe3\x89\xe6J;}\xcbg\x8f\xdaO\xa7\xef\x1d,\x93\xf5fb\xae\xe0\xc9\xd4T\xa6\xa5\xe7\x02\xabu#qU\xf4\x82-\xc3\x83\x15\xd5\x9f\'\x19j\x9a\xc5\xef\x8c\x15\xfa\xa2\xd9\xb8\x15\x8c\x18\x0c\x1e@\xa0\xa3\xfb3+\x96\xa3\x88\xa8vo\xbcT\x19\xbe\xa7\xb5\xfc\xab\x0c\x1e\x80\xdb\xc9Z{\x9bj\xc3\xe6\xc3=o\x13#\xca\xcf\xbb\x90\xe2g\x9d\x01\xf6\xf8\x8f\x89ds\xf1\xe2\x1b\xc6\xbdY\xd4\xb0\xb5\x0c\xd7t\x90\xcc\x16\xbch\xbb\x08;g\xe5F\xc5\xcf*/\xc4=\x81#&amp;\x13:\xa9z\xd2^-\xaad\xb6\xe0\xfa\x93\x99\xa1\xe2\xe3F\xfap[\xbf\x0f\x9a\x90R,\xc0[\xfb\xb6\xbau\x8d\xb7\x92u\xc7\xda|\xce\xe2\xc3\x86\xde\xde\xd7(\x04O\xa1\xb72\x07\xb7\xb72r_*V\xee\x9c\xa7`\xe01\xcf\xb7\x19\xdb\xd4)\xfe=\xd5\x95\xf7\'\x94\xdf\xf9+\xbcS\xc1#\xd8\x86F\x85\xb4\x046\xdd\xaa\xc3g\xa7\xb8j!\x80\xadq4!6\xc1\x00\x05\xdd&lt;\x99\xff\x00\x0fy\xe7\xa37\x95\xf4\xd0\\\xd2a\xc4\x87\xa8Q=\xc9U\x8c\xc6J1\x95Y\x0b\r\x93\x85\x0e\xca\xd7\xe4$)\x7f\x07u\xd1\x9b\x98\x82 \xfc\xf9\xebf9jv\x90Q\x16]\xbb\xb1\xdb\x93-\x05R\xbb\xd0\xed\xf7N\\\x03u\x1e\n[\xde\xb9\x19\xf0u\xe7\xd4dy\x8e\x18\xb0\x99\x89\xe7\x89&gt;\xde8\x99\xd7x\xfcx\x9dL\xc6\xbb\xe3\x8e4S\xccj?\xf8\xd7\xc7\xc6\x86f5\x07?\x13\xc8\xc6\x1bte0\x96\xa5\xf8\xe7\xf0X\x1e\xaa\xd5\x94@g\x14p\xfa9\x1aw\xc2J\x9d\x95\xbe?\xb2\x1c\xe5\xa1&amp;\xe7\x18\x82\xf7/R\x90\x1c#\x00b\xd3\xbb\x92\xb5j\xcb\xac\xbe\xc4\xbc\xc8\xff\x00\x0f\x13\x11\xa9g\xe9\x1e"KRz\xf3\xa1Y\x1c|\xeb\xd0\x18\xf9lN\x85j\xff\x00S\x9dzi\xfd}Mv\'\x8f\x06|\xc0G\x1e\x1e1\xafE\xb23# z8`\x7f\x88\x122\'\xfe\x85\xa57\x8f\xce0z\xb2\xdaOB"\xbaI\x0c\x88\xed\xfc\xd3\xdd\xaa\xf6\x9e\x87\x0bR\xc9\x03\xda\xfdC\xbf\x8e\xe422y\x14\xe32\xb4\xb2\x95\xc5\xb4\x9e\x0c\x8f\xb9\xd4t\xa33\xbc*V\xc6\xab\xdd_\x0c&amp;\x13i\xd2\x8b\xfb\xa5\xa3r\xe6O{\xe73\\\xd4\xc2\xd5:(\xa1\xd3\xed\xcb\x95\xfcf\x89\xac\x18^\x93\xd3\xad\xc1\xe5/\x1b\xf5C\x0b\x8b\xc7"\x13J\x85d\x87\xf1:\x85\x9f\x9aU#\x15L\xb8\xb2#\x0c\xa7\xda\xb0\x10;\x97}\x13\x89\x81\xef\x8d\x93\xb5\xe0\xe6h&lt;4\x03\x00\x10#\x11\x03\xfc\x0b\xd7\x11B\x93mY&gt;\xc4\xee^\xa6\x9bB\x03\x08\xa9H=\xc6a\xcfqs\x8ea"\xf8&gt;\x19#63\xf7r\xf5\x02\xb9\xc9H\xdbos\xa0\xe2\x07Q\xca\xcaGI\x16\xbeg\xd0[]5\xf6\xbez\xca%\xf1\x8d4\xa6\x86\xc0\xcf]\xaa6`\xe8\xa1H\xe9\xbe]\xfc\xcc^\xa5\x00\x9d\x83z\xcd\xb3EL\x95W\xe8\xb0\x99H\xcd\x16&amp;j\xcc\\\xbd\xb3\xb3\xf4S.m0$\xd9\xa9j\xacD\xda\xaa\xf4@\x97?\x1eu\xdd\xcf\xce\xa2$\xb9\xec\x89\x9dG\x88\x9e|\xeb\x11\x9c\xc9b\x1f\xeb\xe3l\x12\x1b\xb5\xfa\x99E\xe8\xabW3&amp;7\x80\xc4\xc6\x08\n\n?\xb1syj\xd8lc\xae\xdb\xe6Cuo\\\x96b\xdbA\x0e:\xf4$\xfb\xc6y\x11\x8d\x11Dx\x1d\x14\xc7\x1a\x82\x9e9\xe3\xc4\x0c\x97\x8f3\xa1W\xfa\xce\x90\x82q\xc2\xeb\xa8\xd8\xca\x1b\x0br]\xf2\x18\xd2P\xd5\xe96`\xfc\xda\xbdI\x1aOH\x7f\xf5\xf3:\x0e\x93R\x97\xcag0\xed\x1fH\x11\xfeL\xc3u\xff\x00\xd2{\x86o\x04e\x913o\xa6;\x96\xb7\x90U[Q\x7f\x13\x98\xc4\xfe\x1b\xb4\xec\xd6\xd4\x90\x1cpJ\rB\x82x\x95;\xb6X\rK;\\\x12\x13\x0c\xef\xe7Q\x1f\xae\x82;x\x9e5\x86\xce\\\xc4d\x95r\xa7\x86m\r\xf9O4\x10\x8b\xf2\x15/\xc6\x9c\xe5\xa1&amp;\xd7\x18\x82\xee^\xc8n \x95b\x8c\xe8c\x1f\xb8h\xe1\xe3\xec=\x9dK\xde_\xb7v\xe5\xeb\xecu\xc7\x1b\xadtf\xf2\xa3/z\xa3\xfc\xd9\xfe6o(\x8c&gt;%\xf7\xec\xfeG\xbe\xc6J\xe5\x8bW\x0b\x9b\x87`\xeb\x98\xb9`e;_\x1d6\xef\xfd\xac\x15\xa5\xb3\x84\xc6\x06\'\x18\xba\xa0]\xe7\xfc\r\xd3\xbb\xe9`+x\xe2\xd5\xac\xfe{#\x98\xbe\xe7\xbd\xe7\xc1\x11\xf6\xf6\xcc\xf7KDy\xd3fbg\x8dWi\x0cw\x04\xce\x8b\x16\xd1\xb2\xc0("G\xfb\x1d\x91\x9d\xaey\xf3z=\x0cn\xf8\xc6V\xc3Q\xaa\xda\x0fs\x95\x99\xcf\xe5.\xc5\xccV\xd9&gt;\xc3\xa9\xd4{\xef\x13\x9a\xb5\x92\x17v\xdfQo\x84\x83\xefV\xec\xfb\x0f\xa9JG\xa4\x16\xa9\xea\x1b\xd4\x1c\\\x80\x1e%\x0f\x83\xdc\xf7\xe8]s\xb3\x9bl\xceqy1\xce`\xd7|\x1c\xb4U\xb5\xb7v\xe6Z\xac\xfb\\\\&lt;\xaf\xf4\xce\xca\x90n\xa7\x92F\x9e\x8b\xb8\xde\xf0r\xcdA3\xaf\x13\xf1\xa8\xe4u\xb4\xb7\xdd\xfd\xbb\xc8vE\xaa\x98\xac\x9d\\\xa5$\xd8\xaa\xd08\xfe\xc3\xdc\xdb\x8e\x96\xdb\xa1\x16\xefA\x9cnL\xe33\x99\xa7[i\xbaC\xbaFy\x92\x99\xd1\xb3RS&lt;\xf1\xa1\x02(\xd4\x04\x0f\xcf\x9d`v6{7\x02i\xad\x15\xabb\xfag\x8c\xc6\xda\xa8yS\x9b\xf1G\x1bG\x1c\xa8]\nh\xac\x1fR\xfc9u\xfd*\x07m\xcb\xbfB\x111\x91(\x89\x8c\xae\xcb\xdb\xd9_/\xc6\xa8\x0f9\xd2\x9bh\x83v\x1e\xe8&lt;.\xd4\xc9b\x0e\x11z\xab\x13\x12\x15\x1f\xf9\'\xdb4\xd6hgc\xe2Fy\xe7E$PZC\x98\x87\x03\x80\xe6\x0bco\xd30uL\xc9\xb6\xcbs\x16\xd4\xa0\x8c\x8e\xeb1U\\\x8e\xe1\xcbo\x1c\xa7\xd9X\xa1\x90F\xdd\xdbTv\x8e\x11\xd6\xcc\x01\xd7r\xb5\x1fCp\xc3-DF\xb6\xed\xf9\xc2\xee\xcaW~\x00J\x0c`\x86y\x8f\xe2L\xf1\x1c\xebyg#?\x9f\n\xd5[\xfb\x87t\x81L\xb6;!On\xe10\xa3Ve\x01\xb3qP!\x19#O\xa4\x1f~|kzo\xf0\xc6\x9cS\xc3\x9a^\xebV\x8a\xc3\xd8\xc6\x94\xeb\x88\x95\xc4\x0cv\xc4\xcf\xe8:B\x9bj\xd2\x90\x80&amp;9\xfb.)V\x97\xdd\xb6\x07;r1Uw\x95X\xba\x08\xb7\x8d\xbf\x8c\x8c\x96\x14\xb1\x90\xb0\xaa\x18\x1d\xd1\x8a\xa7\xb1\xed\xe23r~\xbfLqj\x8e\x9eV\x93@z\xf8\xc3\x93\xc7"O\x89?\xab9&lt;\xbaG\xf4!\x12\x8e\n"b\xde\xda\xc0f\x9c\xf9\xb3\x8bT\xc1\xec\xfb\xf8\xda\x07[le\xa2\xaa\xb2\x87\xbb\xb6\xb5\xf8\xb7\x9d\xe2\xea\xaa\xefLfR\x02\xb1\xa5\x14#)\xd3\xcagC\xdd\xd0\xca!GaER\xd1\xa1\xa4\x12Q:\xf3\xfaO\x1a\xdb\xd9\xdb\xbb{%\xefh\x9cA\xedM\xd5CrS\x82\xac\xd0\x8b_\xd8;\xabp#nbf\xe3\x80\xd8y\x8c\xc5\xac\xbd\xf6\xdb\xb73&amp;s1\xcf\x1a\x93\xd4\xf2s\xfa\xe9j\x88\xfc\xda\xdb\xbbo+\xb8\xdf!\x8dO\xe0\xc0t\xf7\x13\x85@\xbd\xc9\x8b\xf7\xea8_Um\x08\xed\x8b\xe9\x97\xd2`\x0f\xe7\xaa\xf1\xb3Un\x0ex\xfa\xdc(]\xbaG\xf4\xae_\xefk\x81\xf7-\xc7\xba\xb05&gt;W\x7f\x1dK%VQ~\xaal\xabvt\xd2\x12`{t\xf9\x9a\xb4\xdc\x198\xc5e\n*\x0b\xb6\xaeAO\xb4*\x088\x89\x19\x18 .c\r\x86\xb7\x9a\xbc\x15\xa9\xaaL\xa5\xf8N\x9eP \xe0-\xe6\xae\xe4\xef\xe7\xb3\x00w\xef\xc0;im\x8cv\xdb\xc6\x8a\xa9\x04\x1b\xb3\xa97\xe0/\xa5\x7f\x9f\x7f\xe3\x86\xd6\xc4\xc0\xe7\x92\x1c\x1d\xaf\xc6\xa0h\xeb\xa7\xb9o\xb5\xf6\x8539\xe5\xdf\xc4\xea\x1e\xe2\xfb6\x84cj7\xb2\xf4\xaa\x11\x12\xaf\x89\xbe\xd9uD\x8a\xa6Ygk\xed\x8e\xc9\x1c&gt;\x84`c\x81\x8e#\xefL\xc4D\xeb~o\x89\xacqG\teG\xa6\x19I\xcc\xf8\xe0g\xe4\x9b\x1e\x08\xf9(\x88\xd6\x0bd=\xf0m\xcd\xa6\xfdT\xd2\xc0\xe10\x19A\xb2\x07\x94\x97\xee\xcb4_v\x13F\xe5\xdb:LK\xab6&lt;\xf7\xabqe\xb3\x8f\xf67\xf2FJ\xdb\x18\xe0\xca\xeeJ8\xcbg\xe9\x05\x1a\x88\xa1E5*\x84\x02(~\x06\xdbD\xc8\xfd\xcaG\x0f\xc9\xdfw\xe9z\xc7\xb5\xa6m\x88\x92*5\xfd\xb55\xa6|\x96\xaef*\xee-\xf1\x18@\x02j7\x1fM\xf0\xf9P6\xd1\x08\xa1oqm\xbc\xbe\xdd(\x0c\xa2?bA\x1f\xe5\x88\xd4Oih\'\x98\x89\xd7\x1a\xdb\xd9\xdbx\x0c\xa8\xdf\xa2+\x96\xedM\xc5Wqb\xc1\xea`z\xff\x00\xd7\xf3\x19J\x98|co^9\x04\xee\xbd\xc9\x7f;\x92|\xb6\xd9\x9d&gt;\xef\xd6t\xc2\xd0\x0c\x94\xfcrB"\xb1\xe7\xe4\xb6OO\x1f\x97\xe2\xf6j\r\x14iR\xadB\xa8W\xa6\x80BuS\x8a\xf7\xdfW\xe05G\xf66l\xd5\xfd&gt;\xb99\x80B\xd9#\xcf\xd0x\x1c\xcbc\xf5\xfa[\xb0\x15\xab\x93O\xce\xa8W$"e\xb3\x04\xf7\xb9u\xd0nq@\x86=L)+vG\x87nM\xad\x8b\xdcUd.\xa0a\xe1C1\xb4\xb7f5\x193\'\xe2\xae\xed\xf5fs\x15hb\xd4\x11w-\xb8\xf1\xbbJ\x81b\xf6\xc4\x89\xda\xbdbH\xe0\x9c\x06W\x00\x8a\x0eJg\xcfMw\xbb\xee\x9f\xd9\x99\x97\xab\xe8t\x02\xce/=\xb4\x9d\xaa\xb0EU\x89lp\xce\x8c\xe5}+\xf6\xf1F~?\x87\x98\xc9#\x13\x8a\xb1z\xd4\xf0\xbc\x8d\xeb\x19+\xed\xc8\xdf\x8e\x1da\xb35H\xb9\xe5\x9b;\x19(Dg\x9e\x88m\xdc\x16(1\x18\xe8@\x94\x9b~\xff\x00Qwl\xe3S8\xca\x1e\x91\x9b&amp;g\xcf\x7f1\x03\xf3\'3:"\xfd"y\xd6\xde\xc7\xc3oC_\x90U\x01\x0b\x99\xfd\xc9\x94\x90\xda\x97\xf2\xe1W\x03\x82\n\x15@\xec^\xb3\x93\xb1\xd5\xec\x10bs\xe1r\xb0@!N\x9a\xb7E\xb1\x1c\x8bB\x10\xe9\x05\x19v\x99\x9e3)N\xf5f\x94\x96\x13$\xac\xbe\x16\xa5\xf4\xfeB\xfd\x96`\x0b\x8f\x1fI\x9e#\x9dbFb\x80\x99DA6F\xdeah\xf9\x0f\xa6/n\xe2\xf1W\xec\xdc\xa3V\x16\xfd_M|\x9b\xe7\x1df\xba\xdf_{\xf4\xd4\xe8A_\xc0A\xb9\x06\x11&lt;\xc4\xc4\xc1DpS\xf3\x04\'\xcf\xd3m\xe7\xef\xed\xdc\x8c[\xa0Z\xa1h.\xd0E\xa5\xf8\x1f\xeb\xddO\xdcv\xae\xe6\x8f\x16\x8b1\x14J"9\xf3\xce\x8b\xc4j#\x99\x8f\x1c\x90\xc7dx\xf9\xe9\xe6\xc2\xf5`2\xd9\xd4\xea#\x88\xe2&gt;\xb9\x18\x85B\xaeD~(\x9eb&amp;5n=\x1b\xf5l\xc4\xcc\x0f\xd7+=\xb8\xab\'\xfa\xa4\xbb\xd2\x07\xa7\x17f\xe1\xab\xfe\x9fE\x94^\xbcE\xf2\x8f\x8dD\xfd\xa1{\xf5\x8a\xbaa\x8a\xc0\x8c\xca\x043\x99s\xdd!g\x1b\x8c\xec\x0c-\xfc\xe4\x18N\xdc\xd9a\t\xa9S\x07Z\xee\x06l\xe1\x1b\x0e\xba+\xe0\xa7\xb8f%\xb1\x13:Ce.\x03\x8e&amp;v\x16\xe8\x9d\xc9\x893\xb3\x00\x16\xf7=cP+5I|\xdd\xdd^\xd47\x93\xec\xd0`\x1d\x1d\xbc\xf7\xe2\xf7U;\xc9I\x18\x81\xc1\x80\x98\xcf#\xfc\x1eu\xd4\x1c\xf9\xe5\xf2\xde\xc2\xaf\xfc\x07|\x18Mx\x88\xee\xede\xd6\xf0\x1d\xf0\xbe\x9a\xd3}\xaaq\x91\xbf\x07\x1f\xc0\xde\xbb\xa1[r\x84~\x02;/p\xb6f\x08\xa2u\xc0x.4RG0!\xf9\x8e\xa0ci\x8b\xac\xf0w6f\xd1\xb9\xba\xaf\xcb]2\x14qX\xbaX\x8a\x01O\x1e\x81J*\xf1J\xd9T\xf8WS0\xbflm\'HG.1\xe5S\xcf\xc8\x9f\xa9@\x0e~gm\x05\xfe\x9e\x85\xfa\xb7\xfdWt[;\x07E\xd8g|\xe4\xe3\xb1J\xb1\x03\x13?L\x93\xa1\x18\xdb\r\x99\xe3Q!N\x84z\x85\xc0c\x16CS\xd5h\xf0\xef\xad\x87\n\x10m?\xcb\x8dA*\xb4\xb1\xbf\xe3\xdc\xb6\x15\x13\xdeq$[\xf3`M\xd4\x9e[\x10\x98\x0b\x86\x1eH\x0e$O\x89\x19\x98)\xf2%\x13\xa9\x88\x98\xd7MwW\xd89R\xaa\xf86\xd6\x89\x89\x18\x98\x9ec\xfa\xe7R\xb7\x10\xe1\xf0\xb1N\x02I\xbd\x80#\xe3\x89\x19/:\x1eO\xfe\xf0#\xd83\xcf\x92\xe9\x9e\xcc\x8c\x91\xc6c&amp;\x1f\xb0xYI\xfa\xd5K\xd4\x1a\xd6\x95d&amp;T^~\x8c\x01j\x8dg\x1c\x8e,\xa6+\x15s\xfc\xf7\x91\xee)5Q\xf3M\xe3f\xa2\x9e?\x1fF\x845&amp;\xb2\xf8\xc5\x9c\x1e.\xb4\x8e\xad\x079*-\xfa_y(\x01I\xff\x00\x1e\xbaA\x08\x04\xaa8\x0b\xccc\x0ciV&gt;\xc6\xa5@\x94\x82\x94=\xa1~\xf5luC\xb3u\xc2\xa4\xe5\xb2G\xb8j\x1d\xdc\xabg\x1b\xb6\xf39\xcb9\xd8]\n\x08\x9a\x98\xad\x9f\xb0\x81\x01\x16\xb2\xc1\xad\xd9\x82~\xcc\xccM\x9a3/\xc7e-\x86R\xa2\xed\xcd8M\xd9/\x1a(\xd6\xd8\xca\x1e#;R\xe0\x99\xc4Tz3x z\xbb\xa1\x1b\xc3`\x1e\xdd\xc3\x9eR/M\xa3Fr\xf5\x0ca\x85"\x01\x1e\x9df\x0f1\xb5\x12n&gt;\xf7\xff\x00\x07}g\xf2x\xa7\xd9P8S\xaa\xf0+\x8fo\xe6\x01\xa1e\xb7B\x9aBJ\xde3\x07\xe8(6\xc2\n\x0e\x00\x04\x02\x04c\x81\xfb\xd7\xee\xa3\x1dI\x96\xed\xb2\x16\x8d\xd9\x9b~c4\xf75\xa6k(\x83\x99\xe2&lt;\x19\xf8\xd6=K\xc5\xd1\x1c\xa5\x90\x83n\xcd\xda\xf6\xf7~l\xec\xdd\x93\x8ae\x8d\n\xb4\x10\x9c`\x02&amp;\x9d\x91\xb4\x88d\x0c\x81]D\xbd\x1c\x04\xc46\xb3\x82\xe5H&gt;\xdf\x1b\xab\x138]\xcbr\x84\xfeLo\x1e\xf2k\xb6b\x03\xa4\xf9(E\xdbX\x8b~\x02\xe6.\xb6\xd0\xdf\xf8\xa7\xd1\x8fB\x9c\x10\xe41\x85\x12&lt;F5\xd2\xfczXq\xc1k!\x12gU1\xc7\x17\xf9}\x84S\xff\x00$}\xcb\x9c\xdb\xc8&amp;\x97\xfc\xa6\xb0\x12\xa2c\n\x04(\x03-X\xf7\xf6F\x07\xe9\xd4\xfd\x97\x06\r\xcec\x03\xf6\xa6\x1d\xe3\xc7\xeb\x0513\xccq1\xa9\xe3\x99\x89\xd7J7\x10dp\x03A\xf6\xa0\xee\xff\x00[k\x01*6\xb4\xe0\x17\xbar_k\xee{\xd7}_TY\xe3\x98\x8d"\xb3\xee\xdaUZ\xab\x969K\x85\xc7%\x1a\xd9\xdbm\xdb\x8f0!\x1e+RzS\xdbJS\xed\x8bV\xa9\x8b\xccZ&amp;Jz\xae\x1a\x9d\x08\xbe0\xb3\xfa2e\x19e\x97\x1c\x86\xa8\x0f\xa1f\xddo=\xbf\\d\xc7\xa0\xd0\x88\xe22\x05"\xda3\x1a\x99\x81\x89\x99\x98\x88\xc7\xf3a\x87x\xe2cWm\rDK&amp;$\x8a\x85Y\xae\x06M&gt;\xf7\xee-\xc5O\x01R\x19fd\xdd\x9a\xc8p\xf0\xcbn\xce\x1a\xfb/\xc9n\xac\xb2\x99b\x08\xcfhl\xe4\xe1\x00l\xda\xe1\xb7\xac\xd8m\xa7\x9d*E\xdb\xab\x18\x9av0\xec\xc650Uh\xa06\x9e\xe5=\xbd\x9f\x00~7zmta%7\xb1\xae\x97\xe3Dy-H\xf6L\xeb\xa4\xfb\x8c\xe5\xdfd[\xb5\x10\x1b\x87\x1f\x19\\M\xaa\x07\xf1V\nR\xd428gF\xb2~\x8eb\xde8\xfe?\x81\x91\xbc\x8cu\'[\xb4p\t\xb9\x94&lt;\xa6q\x99{\xc1\xccZ8\xac\x0ch\x1c\x14l\xdcq\xe3qa\xb8\xed\x07\xad\x92\xdb\xd8\xa8\xc4c}\x13d\xb9\xff\x00\x7f\xaa\xbb\x91\xe99\xc2\xa7\xc2e\x92^8\xf2g\xc0\xf6j\x9a\x96\xd3&amp;\xd82\x1a\xf8&lt;]\xad\xdd\xb9B\xaa\xbfe\x18|elF-\x14)\x87juql\xac\xe9\xbdXd\xa5-[\xd2-Q\xc1\x84\xf1K#\xdd3\x10\x9e\xb6a\xfcS\xcb\xabD\x1d\xce\t\xe7\x88\xa1\x91f?;G0\x9do\xf4\xc6[\x03\x8d\xdc\xd5R\xf1\x1e\x9ff\'#\x82\xaag&gt;hD)\xf6\xd1\x03\xc4h\xca\x0f4\xb0\xfdq\xb0N\']?\x9f\xab\xda\x08A\xb5\x93\xc0bRc\\\xac\xd8\xf1c\x9f\xb5\xeeH\xf9\xf6_B\x88(\x98\x98\xe6:\x95\xb5\xa7\x07\x94\x9b\xd5\x06}\x8b\x83\xc7x\xc7:\x13\xfd&gt;u\x1f\x8b\x9dm\xac\xdb\xf0\x19\xa5_\xaa\x00gR\xcan\xd4U\x9a\xc7\x0cO\xf5\xae\xaa\xe7G\x1d\x84\x8cl(\x0e|~\x9aiO?\x1a\xe9M\x00\xf7\xf6\xaf\xbc&amp;\x0f&amp;*\xb1\x9e\xb4\xaa\x1c\x9a\xf6V\x04v\xfe\xdeM_\x97\xbd+z\xa5n\x081\x80\xb5K\xf2IZEk*\xb2\xbe\xf4\x970\xc5\x83\x96@\xc0\x13\x0e\xcb\x18\xe8\x99Wu\x8a\xb5l*\xd2!\xa8&gt;\xe0\xbe\x99}3\x10\xfc\xf5,\x05\xaa\x8bz\xf9\xed\xb9\xca/\xd5\xb3\x1f\x93\xebL\xb8\xb5qz\xbd1\x00\xa9\x9d]\x99\xb5`h\x07\xc1H\x80I\x14\xc0\x8d8+\x8f\x8b\xcd\x8e\x03so\x01\xa2\xf8\xc7a\xd5\xef2W3!\x89\xb6\xe7\xc3\xa3#\x9d\xc5\xe3.\xe63^\xd8bndv\xb6\xd8\xad\xb7\xaa\xcf\x98}\xdb6\x19m\xe7J\x91H\xea\xb5eU@%\x03\x02\x16\xed\xaa\xa2\xa0\x9b3%\xbc\xb6\xe3\xb7&gt;\x00\xa0\xe0\x13{nE=\xd7\x84~\x0e\xf9\x1d&lt;\x9eF\x93\xf1\xf9\x1b\x14l\xc7\x0f1\x8dP\x7f\xb5\xbe\x97\x8c\xcc\xce\x17(9\x8d\xbdO&amp;\n\x95GP\xb1\x91\x87\xdf\xd6d&lt;#\x11t\xb0\xfb\x86\xb5\xb0\xd2\x18.@4\'\x90\xfb\xcc0\x01\x89a\xc0\xc6\xfe\xccNs2\x18*\x85\xc5l\x94{[F\x99\xfc\x9bO\x1a9\xfb\x90\x17b\x03\x1b\xb7j}\xa9\x7f\xfd\xa1xH.&gt;\xfeo(\x8c6%\xd7\xec\xc1J\xf2Vf\xcd\xf76g\x92\x0ex&amp;\xf1\xc4O&amp;|Ds\xabE\x11\xd9I&gt;u\xb0v\xc0m\xdc\x18w\xc4{\xef\xa4\xe8\xe3\xec\xbb2\xd1\x1eiYH\xd9A\xa4\xe6b3\x14?\xda-\xb1s\x1c\xfe"\xc3\x96J6\xac\xe3\x82\xa6~\xad\'"u\xb4\xa5\x19\xfd\x85s\x15k\xb3\xd5\xe9m\xe3\xa9v\xfe\t\xfe-\x03\xc0\xf2U,\xaa&amp;W\xa6\x9b]b\xe0(\xf8%\x80\xadb\x01\x1c\x0f\xd6\xfc\xcd\x9bI\xa1\x11\xf82-m\x87F6\xa4\xf6\x1a\x12\xba\xe8ZR0+\xfa\xeeJ528\x1bU\xaf\x18\xad7*\x9d+\xad\xaa\xdf\x96/\xb0\xe4t\xa2\xd4\xfeng]\x1f\xce"\xd6\x0eq\x12s\xee\x7f\xado\xfc\x90\xdf\xdeW\x0c]\x0e\x03\x9e\x06t\x9a\xee\xbbmUP2M\xdc\xc6\x8c&gt;\xd1\xa8t\x0c\xd7;\x03\rv\xceK\xedz\x89\x83V\x0f}c2\xb7\xa2\x91\xc1\xd7\xb3\xf4\xb3L\x1e^\xa0\x91)\xfe\xf5\x94\xfcdF "`\xa2&amp;&lt;\xc5\xaa=\xec\x97\xd5?B\xca/~\xde*\xda\x0fF\xcd?\xd8\xdc\xb3[\xe0n\xa6lRj\x86x*\xad\xf5\xea)\xbfU\xc0\x86q\xf1\xfa\xe7O\xd2\xc5\x9b8\x99\x9a(4\xa8\x8d\xd3\x04\xfb\xad\x0bM4\x99\xc0S\xdc\x9b\xd9\xd9):x9\x94V;\xe5\xd94\xb0\x90\xc1\x9d\xb3\x84\xb5\x9e\xc8\xcd&lt;4\xf6kn`(m\xdcdT\xa0\x1a\xb4\xf6\xday\xd1\xa523Z\xb2\xaa\xa0R\x91\xed\x0bw\xbd\'Ed\x07\xadj\x95\x0f@\x89\xf6\x19/\xb5\xc6\xb7\xbd(\xda\xdb\xd2\xae}\x01\xcd\x1e\xa5b\xa3\xf0f\xeb;\xd6P\x8f~\xb8\x80\x1dt\x8b0\x07\x16\xb1\x0f~\xba\xc5\x8b\x9b[n\x9e]_\x9e\xcc\xc1\xa1M\xd7M2\xdfjm\x14\x0c\xf9?\xbd\xd4l\x9a1tj?\xc9\xdd\xc5\xd3\xf6Ux?.\xccT&lt;\x89\xd5\xa3T{\xee\xe2p\xe8)N\xd8\xa5\xe6\x80\x8c\x0cD\x0cDG\xdf\xea\xdee\xea\x94b\xc0\xf8G\xe22\x9e\xd0\xe0\x9b21\xe9\x96\x93&gt;\x8cK\xff\x00^\x96a\x0e\xde`\xf2\xa7Z]Z\xad\xea\xf6fD\x0f\x86}L\x04\xc6D\xe2$j\xcc\xd1x\xd3q\xc9*\xe7\x14\xed\x05\xd8\xf0\xbe\xa4VM]\xef|+y\n\xad\xf6\xd7@\xff\x00\xc9\xb3r1\x83\xdda\x06a\x15\xf7\\\x8e\x03\x7f\xd2\xce\xd104KV\xa5\xf7\xaayL\x94@\xcc\xcf\xc6\x0e=y\x9b\x7f\xe4\xfa\x99\x88\x01\x19\xcf\x02\xbb2\x94M\x99_71\xd4\x86\x9a&amp;9\x93w\xd2f"&amp;g^\xfc\xedr8\xe5Ca8\xe1\x93\x16\xdc9\xb4\xee\xb1`9Jsh\xf9`\xfa\x89\xee\x1f\xcd\x13\x11&gt;?,y\x8eu\xb03\xb3\x80\xdd\x08i\xc8Eo\xeb;\x93$8\x8c\x05\xdb\xe4\xafV"W&lt;\xc2\xc7\xb4[&gt;5\xd2\xaa`y\xdb7\x8f\xe7\xa81l3\xea\xa2\xef(\xd8\xd8\x88\xc3\xedJ\x88\xf8a\xe0\xb1L\xca/$t\x137&gt;\xbcF\x8e\x93+\x94\xb3\x1cp\x12\x8b\xe0n\x84&lt;%\x16\x1e\x85XL\xad\xc1\x06\x17\x06\xc69\xaa\xb7&lt;\xbe\xbaZ\x0fP\xb5F&amp;\x14yM\xabU\x8b\x8e&gt;\x8d\x80\x0c\xbdc\xff\x006O\x9b\x91`\xe7\xfc\r\xcb\x9c\xaf\x84\xa1\x06\xf7B\xd9\x9f\xdcO\xc9\x08\xa7\xcdz\x06\xc3\xb2\x13\x04p\xba\xfbSi[\xdd\'\xe2\x0e\xa6\x17\x15\x8c\xa7\x88\xa0\x14\xf1\xe8\x14\xa2\xe5\x97Yy\xd1\xa2R%V\xba\xaa\xa0R\x91\xe0\x1dm\xb6\xcc\xeb\xe3\xa7\xc5J\x89\xa8\xb9\x04\xc4\xf3\xf4\xde\x18X\xcf\xed\xabt&gt;\x1b\xb6+\xc6\x7ff_\xc5\x04\x82\xb2\x8cK+=\x88lv\xb4\xe3\xf1\xebh\xde\xfb3s\xe3\xae\xfaR\xd8\xc9Q\x0c\x9e\x16\xfe9\xbeE\x0b0\x17\xd3tp\xde\x8e\xe4\xfd\xb6u\xf4\x0c\xfc}\xdbvUN\xa3l\xd8d-6\xf2m\xdc9\xd6\xe5\xeeD\xc2\x9ft\x10\x83kK\x80\xc0R\xb7B\xb0]\x10\x89\xcf\xe1\xb1\x89\xc4\xe3UQ3%\xfc\x0b\r\x14Wc\x8f\xf2\xee\xdc\x88e7\x15\xbb\xa8\x82\xf4\xabG\xec\x9c\xc9\xe64\xc9\x92/\xf5+K(\xb4\x14\xd4=\xec\xda\x98p\xc1\xed\xbat#\xf3\xbe\xbal\x0c\x0b\x96\'\xafke\x1cM;2C9\x08H\xf3u\'^\x16\xc0j\xc5\x8a10\xd5\x9a\xca\xb4\x82S\xa3\x91M\xa8\x84&gt;\xbeS\xb6\x0f?\x88\x8b\xfb\x00\xefzR7\xcf\xc8\xc1i,\xe5\x15\xad\xf0\' \x8cfO\x0e\x8b\xae\xd8\x96\xa46\x13\xdb{i\xb6\x8d\x90h];\xc3\x1bZ\x1c\x072t*.\x85\x04TO\xe4\xfa\xe6l\x82\xd4)d\xcc\x06=\x06FWm\x84\r\x8f\xa4\xe5!\xe4K\xc6+\xdd\x98c\xa5\xf3\x07\x93o\xb9(\x8e#\x88\xd3\xf25P\xe9L\xb6\r\xf9\x94X\xccb\xec\xd0\x8ap*\x15\x1d[\xad\xa8\xff\x00\x06\xd0\xf4\x8d\x81\xa1\x99\xf3\x1a\x9eg[S&amp;\x9c\xbe\xda\xa3q\x07\'\x1f\xd6:\xc7jU\x80\xa6\x8f\xd2&lt;\xc6\x9cZ\xd94%\x1b.\xa4\xd6\x08\xf7\x93\x94\x9d\xe1\xbe1\xd5b\x9f\xa5Q\x16\xd0\xdf\xc0%\xd8\x7fy\xe8U\x85\xca\xdc\x10c#n\x99~\xcaJ\xcdu\xb5\x17\x12b%\xccR\xac\xd8S\x0e\xb1\xc2n\xcd\xe8\x1b\xc8\',\xd2\xfdIDG31\x1a\xcd^P\x1d C\xd5\x16w6\xe3\xc5`\xf0\x87J\x1d\x0f\xb5\x9a\xce\xdc\xca]\x9b\xb9\'\xf7\xb5\xae\xf5?x\xbb2\x0b\xd9\xbb\x01\xf9I\x0b\xfb\x912\x8ahR\xd0\x91R\x80Av\xad1\xef\x9a4\x0f\x86\xa5U\xf1\xd4\xe6"EI\xe5\xf9Y\xf1\xde\x9a\tP%"\xa5\x04\x00}\xc3\xa88&gt;\xb1\x1a|\xa6\xb7P\xe86\x96\xeesL b\x11\x06\xa9/\xd5g\xe9\xbc$y\x89\xd9W\xe7#\xb6\xa8&lt;\xdf\xeb\xb7\xa9x\xd8\xc4o\xc6\xbc\x03\x84cm\x9e/:\x8b\x8b\x9e&amp;\xb3\x82\xc5e=s\x12\x1fs\xa99\xff\x00\x7fp0T\x1f\xfb\x01l\x00\x8c\x04p8\n\x88\xc9YnK+\xc8\xe1\xb6\xce5\xf1,\xcce\x03\x8c\x97\xf07\xdd\xf7\xe3v\x8d\xd7\xd5\xf0\xd6\x1f%?\xe9\x070\x8e\xcdc f\xf7\xac|J\xbaa\x88\x9c\xce\xf1\x07?\xc8s}G&lt;\x82\\\xbf~\xb0\xe6\x1e\xa7#Jr]\x1c\xa5\xa0q\xa3\xc7\'\xbeM\x12u\xcf\xbf!^x5\x8d\xa5"\xfdw\x17d\x1c\x83w\xf8\x91\xed\xefA\x1e.]R.\xe2dA\x13\xac\xcd\x19\xc7e,\xd39\xe7X\xf2\xfcm\xaeS\xe3e_\x80\x06\xd3i\xcau\xb7\xb2\x91\x8a\xdf\xd5N-\x1bP5\xea\xa3&gt;\x18h(h}f`bff"1\xaa\x9c\xa5\xf6d\xde3\x08\xd3\xb2#\xdcJ\xa6\xb2\xb4\xe9\xa4v\x02\x19\x98|H\x8eF\xa0\x8c*\x98\x93\xf5\x07\x93q~\x04\xa6\xb0}\x9f\x07\x11\xee\xac9\xf2\x84&amp;\xb8v!@\xb1\xd7U\xb1\xb1\x8e\xdd\xc4\xf4\x87\x03\x92\\CR\xc8\xfc\x8b\x9f\xff\x00e\x13\x1a\xe8\xc6_\xdd`\xac\xe3\x0e\x00\x0f\xfa\xc7X\xac\xd6n\xe2\xa6\x91\x96\xfa\xf3\xe0tq\r`\xaeK\x88\xccd\xe8\xed\xdaJ\xb6}\xc5[\xa5\xff\x00\xef}\xdb\x97\xcdJ\x05:ut\xbe8r\xc4\xf5\xed\xde\x98\xfd\xd9\xfc\xc4[%DE\xa4\x9a\xf4\xb6\xad\xa3\xdc\xa3\x13\x1f\xbbb\x92\xdc^\xa8\xcc\xa9\xf1i\xb8\xec\xa0\xceDDW\x92\xa4\x9c\x8d\x12Q\xc4N\x9f\xb8\xddB\x98\xf7\x89\xd8\xd0dr\x19i\x13\xa8\xe0\xb2\x19\xcc\xf4)\xed\x8a\xc7\r\xb2\xeb,k\x8c\xa4\x8d\xf6\x15B\xed\xc4\xb4\xd0\x89\xb1\x1b\x1fi\xe2\xeb[+\xf9\xbbAr\xf6k4\x18\xc5,\x86\x01\xa4y\t\xbd\x02\x9c;\x94\xd9\xe6\xa6&amp;\x9cG3\x10\xba\x8d\xc8\x1c;$&lt;+\xea\xcb5\xd5\x1c\xb5\xeb\x08\x9c\x8d\x7f\x85\xfa\x8e\xd4\xda\xb0RP\xaaL\xd7W\xaa&gt;q\xb8\xec\xa9\xa4Bz\x84\x0f&lt;%\x07\xb8\r\xeaI|\xc6\xad\xc4Cg\xc6\xba9r\x0f\x15m\x1c\x1c\x9fTrX\x8c\x8b\xd5N\x10o\xb9\'\xcc\xc8\xc9s=,\xdc1\x94\xc0\xc5\x03\xff\x00\x1b\xeb\xd4-\xd8Xj\xbe\xca\x81G\xbcH\xfbt\xcc\x99~:j\xb7\x9a\xc9+\x1b@\n]\xb6\xf15o\xbd)\xac\xaf\xf7\x17\xf0z\xc3u^\xd2\x9d(?\xda\xf9\x98\x9e\x07M\x88\x8f\x1f\x1a\x89%\xe2O\x8dtg\x1b(\xc0Z\xbea\xc1\xfd\x1bB\xab\nJR"sQ\xe1\xcc\xd6\xb8q\xa8u\xf5s\xebV\x06\xc4d\xebD\xf0\xfe\xfa\xfab\xaa\xdd\x08\xef\x85\xb8r\xd5,N\xe9\xc2\xd6\xa8di\xc9n\x9a\x14\xb2\xa5\xcc\xf1\x95\xdd\xd9:\xb9\x9c\xb3/RC\x125\xeb\x9bY&amp;\x13"\x14o\xbb\x13\x98\x1bi"\xe35\x9d\xc6\xda\xa5\x0e\x04\xbdvh\xe6\xa0-\xe2\xf2\xd5\x8e\xcf}\r\xd4-\xef\x97\x88JP\xf5XT5\x0c\x13\re\xdewm/\x15T\xb8\x17\xe4iP\x18\xae\x042`\xcb7\xe3\x97\x83\x88+V\xbb\n\x15\xc4\xa2\x92c\x17Zf%\xfd\xf6dD@`B G\xeeu\xaa\x847\x15F\xef\xea\xc8\x9b\x18\t(\xf2S\xe1\xc51\x1e\x0b\xc0k\xa2\xf6\xd4\x9d\xd1m\x06|O\xf5\x8e\xa3\x9f;\xeb#\xa2/\x1a\xd9\xa8\x0b;\xc7\x1c\x07\xe4:\x86v\x11C\x15E\xd0\x10\xae\x92\xa4\xea\xedF\xbd5\xa5\xa67\x91\xcc\x0bfRq11\xccLLi\x94Rl\xf5C\xb9M"\xbc\x8f\xd0-\x02\xaf \xcf\xb0\x8aT\xcf\xb9\x90L\xbe\x93\x00?&gt;R\xdcb\xb1!n\x8b \x02\xaeF\xb7\xbc\xbc\x0f\xbe\xc0N{x\x08 \xf1{vJ\xb5\x1a\xa8e\xd3`V\xf8\xdc+\xa1\x8a9\xa1I\xd3j\xcfO.\xe0q\xd6\xae\xda\xcf\x9e\xb0Y\xe8\xbff\x0f\xbc*GP[;\x8c\xe9\x85f\xc3\x8fg\xddV7jV\x90\xa0\x9a\x97)\xb6\xac\xd8\xf7.\xb37-\xcd\xc7H\xf2\x8a.-\tdX\x11&gt;\x9dt\x17\xb6\xb2e2\xcb\xa7\x11\x18\xc4Ir\xd3se4\xeb {T\x80\x18\xfau"\xa4\\\xd8Y@\xfdr\xb6\xef\xbf\xa4\xb8\xd0\x0e]US1\xdaS\xabQ\xc1\xc9\xeb\xa3\xd6\x9e7r5\x81\xc1\x01\xb8\xad{\xec\xcbXtb\xb1\xd8\xaf\xedH\x03\xd6[c\xa37\xc2\xa6\xe7u#\xf8\xfagr\xa9\xc3b]u\xf3\x1c\\\xba\xec\xaeI\xb7\xad\x1fq\xdb\x7fl\x7f\xa9m\xac\r\x9cu0\xc6\xa3\xc6^\x95DQ\xa4\x9a\x95B\x01\x1f\xc1\xea\xd5\xe3n\xe8\x9a\xc6\x12\x00\x99\x99li\xe5%%\xfe\xb7\xff\x00eZ\x92\xbegiR\x8cv\xd3\xc5\xd5\xfd~\xec\xc4Lq1\xcc7\x17M\xa5\'\xe9v\x19\xdb\xf4:\xa5l,\xdd$\x86\xe1\x94\xd5\xdd\x18l\x8d\x9b\xd5\x9dWr\xed\xc0\xc4\xe6\r\'\'\xec\xb2v!M\x86\x81\xb2b,\x1d\xd4\x196#\xd4\x81\x86\xe3\xdc\xaf\xf3\xf4\xae\xda\x03k\xdfI\x98\xc1\x9a\x90\xfc\xfd\x9a\x98\x887P\xc5g\xfd\x85\xe9a\x94\xeb#\x9b\xb1\x06\x15\xa8U\xef\xb5\x82\xc5]\xb9\x05j\xf5\xbfI41Tq\xe1#R\xb0\x07\xf0z\x8f[\xdc\xec{\xff\x00\xeb\x86\tuk\xb5\xf53\xc8\xa0\xb5\x1eFu\xd3+*\xa9\xbehz\xaa\x83\x9f\xeb\x1b\xc6BwnG\xb2\xdc[\xd1\xeboQ\xbf\x91\xcc\xad\x18\xd9\x91\xb1\xd4\xeb\xb3g&gt;\x84\xccq=5T+c\xd2\xd1\x08\x90\xc8\x94D\xc1PW=\xc9#A~\xfc\xaf\xfd\'\x88\xe4\x15\x1f\xf1 u\xa4HJ9\x12\x82\x86\xa9m\x0e\xc6\x80\x98\xc52D\xcc\xd4y\x06\xbd\xd3\x93&lt;Y\xae\\_\xdc8\xba\x01\x1e\xa5\x98c\x95\x7fp\xe4c\x9ax\xc4\xe3\xd4x\x0b\xf79\x9c\x8e\xe1\xbb\xad\xc9\xec\xe9dmU\x007\xa7 \xb8\x0bF\x8f@U\xab\x1c\xa12C1\xc5W8\x1c#\x0e\x81\x85-O\x0f\xc6\x80\x98\xf6\x15\x1d\x10\xe5\x81\xfaC3C\x1a\xacb\x01P\xe1\xac\xd8\x87\x85k@\x01\xb2\xb3\x8a\xa3@Q}\xe8\x86\xdd\xdf\xf7j\xe6}\x1a\nS\xa9\xd7\xc8E\xa3\xedFr\x83\tsa\x83\xdc\x19$\x1cz\x17\x7f\xf7\xd1\xa8E\xae?\xe3gQ^\xcf\xebt\xf5\xed\xdf\xff\x00\xbdn\xa6\xa3\xa7\xfe\xbe\xc4j\xd5\x02,u\xb5\x1d\xb7\xba6C\x9a[#\xdaY\x00\x8aK\x8e\xc8\x80\x9dZ\x18\x91\xee\xd7LMQ\xbe\xa8\x03\xe4\xe4w\xee\xd6\xc5\xa7r\xa3\xc9\xd6\xa7\x91F\xdc\x0e\x15R\x1a\xfdb\xf2*\xc7d\xc6\xddU\x1c&gt;\xa5\x80\xb7M\x16U1+\x99\xe29\xd7Q7\x1f\xdb\x99\x88\xa7P\xf9\xa8g\x0b_\x11\xf1\xb3\xb1\xc8/_qeBJ\x96\xd6\xc4\xba\x8a\x1fs"Py?\xe1u \xc4\xf7\xad\xf9\x07z\xd1^|\xc9\xccO\r\xe6y\x8dY\x08\xb3\xb9!\x02&lt;\x8a\xc6\x01B1\xfc\x0b\x98&lt;U\xdb.e\xbc}w\x1e\xe2\xc3m]\xb7\x9aD\x81\x83\'\'\xb9\xa1\x0fu\x1c\x94\x99\xd7s\x8d\xc6M\xec\x01\xd5G\n\xc8\xcb\xd3\x88\x85\xcf\xb5\xb9\x1d\xf1\xacm\xd3\xc4\xe4\xca\xb9\x94\x95:\x13@0\x95\x9f\x8c\x93\xc8\x1e\xf1\xc6\x1c\xd4\x0c\x90\xc8\xa9[q\xd0\xba\x16\xeb!@\x17\xd0\xa1Eu\xa4&lt;\x0f\xf0wT\t\xed|\x90N\xb0\x13\x11\x94 \xfd\x0c$`F#C:\xd9S\x11\xbd0\xf2\x7f\x1f\xd63\x83!\x9e\xbe&amp;plt\xeb\xa7\xaa\xb6{\x89\x87@\xe2,\xef\xeb\xc8\xc8\xee)\xb2\x89\x99\r\x81\xe3ec\xbe\xe4\xc4LLLs\x0c\xc6\xd7#\xef_z\x0f\xb2\xfa\x7f#\x15`&gt;\xd0\x15O\x16\xd2\xda\xfa\xbf\x95\xb9\x94\xbe\xdcV\x04\xa0\x02\x86#\t\x8a\t\x05\x116\xdc;\'\x11\x13U\x12\xe0\xcaf\x1bJ\x9b\xe6\xfd\xa0\xc7\xb5\xd6\n\xc5\xb6\\.\xf6\xe9\x85$~\xa4q2\xc5\x8b\x93\xdb?\x03\xdfY\xd3\x1e\xa4\xacV\xd0\x88\x89\x99\x82\x1bk\x14\xd9\xe7\xb0\x85Ai\xf0`r\xd6D\xe1p\x0e\xca\xd9Oe\xe4\x86\xb7~\x1e\xe6\xdc\xcbQ\xcb\xbb\x18\x92\xc7+\x18\x8d\xd4\x08\xab@QD(`0\xc1\x95\x9c&amp;aVF\xf1l,o\x13\t\xb5qz\xff\x00c\xac\xa9\xd2\xd4gn\xc1F\xdd\xdciH\xa9;\x84\xe7R\x8d\xe2\x97\x19\x85\xaan\x08\xb1\xbdT\x01\x07J\x83\xcc\xf3\xdb\x8d\x06d\xfc\x07\xecOw^P,l\xe0-\xc3v\xc3\x93\x89\xab\x92\xa3q\x13e\x03\x84\xbcj\x96\xa1A*\xb3\x84\xc9\x9ba&gt;\xd7\x93\xc0\xdb\xb9\xb7\xb2\x93j\x02B\xd1\x93\xee^\t\xcc8\xe3WJ\xb5\xfa\x88F13(f6\x92\x1fd\x0e`c\t\xbe.a\xf0\xe7A.\x87\xc6c\x7f\xdb\xb7\xb7B\x95Tp\xe3yW|\x838\x96a(Y\xdcY\x94c\xeas\xad\xb7\x8e\xa7\x92\xbe\x92\xa6\x1c`\xff\x00\x87\xbc\x9a\x0c\xdd9#Tv@\x17 _\xe9\x11\xde\xf5\x0e\xb0\x92\x07\xbf*\xc9x\x08\xc8R\x93\x91\xf7J\x82\x07(\xff\x00#@\xbe\xfe\x7f;S\x02\x98}\xe6\xc2\xc30\x9b\x99\xe3f\xe2\xbc\x95B(\xdc\x0b\x98\xbc\x8e:q%~\xed\r\xa0\xcbsYU\xb2\x94\xe5\x99\xdcu\x9c-\xf7Sx\x0c8\xe2Z\x85\xbb\xbb\xbc\xac\x9f\xac\n/\xf9\x94\xb2\xd9\x0c]\xb9}\x0b\xafD\xed\xed\xdc\x8c\xf6\x05\xf4\xb3\x0e\x85]\xd9\x85\x0e\xcb\xfa\x92\xa9\x14}\xe7YB&lt;\xb9\xeb^\x83.\x87\xf8\xa6\x97\xda\xd4\xb3&amp;\xc8\x9fM\x08F\x8a\x95\x87s\xeb\xdflF_\x0fG\xec[\x92i\x86\x9e\xdc\x08&lt;\xda\xe3W\xa3\xb5\xf6#C\xe7[YHn\xeb\xc6.\xe0\x9c\xa7\xfa\xc6\xebE\x9a\xdb\xa7 \x17\xa4&amp;\xc3u\xd36\x98n\xa3\x90\x0e\xfdu!J\r\xd0f\x9e;:x|\xec\x8a\x1frf"9\x99\xe3M\xc9T\\\xccC}S\xf76\x99\x13\xe8R(\xd6\xe8\xb5\x93\xa7\x853C\xc0,\xd0\xdbX\xacf1 \xe1\x8949\xeb\x89\x0cg7\x01\x8d\xbf1\xfb\xfc2\xba\xb7\xa1![a\xfe\xc1j5t\xdd@y\x17L\x84\x90g2{\x1c\xdf)v6$\xb7&gt;\x080V\xd0u\x1f\xeeq\x8eH\xb0&amp;8\xf3\xc3\x14\\H\xc1\x86+\x08Wg\x1cY\x0f]\x143\xfb\x071\x87\xf5\xc8\x02.\x06\x1db\x94I\xc0@\xa6\xceg)q\x01\x17\xaf\xbd\xe3\xb3\xb7}\xad\xb2\x0f\x8a\x98\xbag\x19.\xa1\xc6^\xa4\xa3\'\x80\x03\xd6\x13\xa9\xf7\xe8\x07\xb6\xc8\xd5+\xa8GUq\xc7\xe4\xe8?H\xean\x00\xfc\x1cZ\rV\xde\xfbm\xfe\x03&amp;\x01\xa4\xe5\xb1\x8f\xff\x00\x03#U\x9a\x86\xaec\x981\x98\xcbo\x1c\x06$\xe0-d\x93.\xdbQj1AW,\x035\xed0\xc6\xe5\xa0\x06\xb2B\x8f\xbf\xb5o\xb9O|\rAe\xab\x8c*l S/Y\xf4\xe1\xf9\x178\x9f\x94\x0c\x95#\xfd\xfc\x19Q\xb5\x90*G\xa9i@Z\xb0\xfa\xcb\xab"\xea`\xb8{\x11\xee\xe1\x95O\xb1\x16\x14a\x10\xbb\x01\xdb;6\x11W\x0b\xf6f9\xe0\x19:\x14\xab\xe3\xa8\xa6\xa55B\x91\xfc=\xee\x0eV\xf0\xc9\xc3\xe4d\xd7\xc4\xc1\xea\xbf\x1e\xfa\xbe\xb6\x87\x9d\xf9\x8b\xff\x00R\x01(\xe0\x86&amp;&amp;\x859\x9ef\xaay\x8c]Hd\x98\x81\x81}\x9e\xc8gz\xf26\xc3B\x9c\x80|\\S \xcf$&lt;v\xaa\xb34vm\x81D}\x9eg\x07\x94Z\xa7\x87V\xb8\x1a\xcd6\x9eC\x1d\n\xf7\x95\x95\xab[s\r\x85\xdb\xb6f\xa4"\xcc\x02ry)\xafV\xb5g.\xae\xd8\xd8W(\xde\xcb\x05\xfe\xc0\xa3\xbd0\xee\xc5\xe5L\xed&lt;\xac&amp;\xab\x15\x14\x1d\x1d\xa1\xdag\x11\xcf\x1aP\xc9\xf8\x19\xe0\xb0\x82\xc8\xcc\xd6\x05\xfa\x90{R\xbb\xb1\xf9i\x83x$\x82\xff\x00\xa4B7\x97\xe8\xea\n&amp;9\x89\x8e\x1d~\xa2\x0b\xb5\xb6T\'\x19\x12w\xfc%+-\xd7\xfb\xd5\xb11\x1e\xd6\xb6\xa7\x1b\xdf\xcc\xdd\xbfa\xf0\x9a\x98\xf4L\x12\xd2\x81#\xb7Y\x7f\x9e\xc2\x87_jc\xbf\xf7\xf5\xb59Z\x11\x1c\xc5\xa0-f\xb3\x14\xcf\ru@g\xdf\xb5G\xbfp$c\xe6\xd1I\xf7\x99G\x91\x9dm*\xe3ow\xe2\x90\xce\xf9\x08\xfe\xb1\xbe\xaa\x1d]\xe9\x93\x83\x81\xe4\xc6u\xb1\xae\xce;v\xd7w\xa4m\x8e\xa9\xd3\x04fQe_\x1d+\xb6\'\xb2\x15\xa9\xc8\xd5\xee\x90\x03\x96\x9f\xafd\xf8\xf4\xeaH\xc4"\xe9\x94Km\xc0\x0cc\xebO\xf8\x82N\x90\x00X\xf0\x03\x01\x07\x92\xae,\x95+\xb9\xee\xdc~\xf2\xce[o\x01\xf1T\x03\x1dXJ\r\x83.g\x1fM\xdf\x88FO\x06\xeeC\xf6\xdb\x02\xdc\xd0\xcf\xc57\x04\xf1\xbc0\xc7\x88\xcb\xfba\x7f\xbaV\xe7\xc9\xd0\xc9m\xec*)\xd4uc\t\xe3\xc4\xf9\x92\\\x1f\xfd\x8b\x19\x97\xc4F\xc6\xb3\x83\xb96R\xf6\xef\x0byLR+($\xb3\x18\x0c\x067q\xe3^w+\xc2\x82\xff\x00F\xd1\xf3\x8c\xca\x18h\xfaI\x97\x0f\xc9\x92\xaaz&gt;\x97nQ\xf8:G\xa7\xf4\xefu\xa7\xe2\x80;W6\xbe\xe1\xa3\xc9\xbf\x0fl4p\xd5\xcf\x0fID\xc3#\xfc\xad!\xd01\xb11\x10Q0\xbc\xa3#\xf0C\xd9\x1a+`Q2Q\xdd;\x0f/\xf6\xae\xd5\x9aW\xe0\xfb\xd8_\xb4aIIh%\x01\x8f\xf6\xf2\xf1\x04T\xf6\xd3P\xc8\x10j\xa3\x8eu\xc1\xca\r\x9a\xc5\xd8{\x95Gm!b\xdb\xdf.\x87%\x16\x956Tu\x8d\xb6q\xcf\x06\xf1i\x83(X\xd8\xb3X,\xc9\n\xad\xa6\xb5k,\\Vt\xd1\xc0&gt;\xde\x14\xd5\x9d\x94C\x17\x8ek\x9dA,\xb3\xe9z\xdf\xc3\xde\xd0\xa1\xddy!T\xf2\x01\xf11\x1a\xe7\xb5\x8b/\xd7o\x1c#|Q?\xd1\xf7e\r\xec\xf6\xb6Y\xa8\xc8\x04\xff\x00\xd3Z\x8d{\xf4\xc4r@\xf1\xd7\xdau#\xe4\xce5\x19\x8c|\xcf\x1e\xe4t9:%\xf1iz\x8b\xd5g\xe2\xc2\xf5\x16Q?\r\t\xd1\xdf\x8b\xc1!C\xd2%\xab\x11\x8c\xf9z\x93a\xb9&lt;zp\xf6\xc0\x10\x83\x07b1\xa7r\x80\xd8\xbb\x91\xb0a\xb8\x862o\xbb\x88K\x8e\xfa\xb3\x1b\'-\x80\x00\x9b1\x06\x96\x8f\xe3\x9d(\xfd1\x98\xed\xe6p\t\x00\xb69\'&lt;T\xbd\xbdB\xf5JF(D\x01F+:\x06\xc2VMCY\x18py2\x13\x92\xba6E\t\xa8q\xee\xfdz\xba\x1cuc\xfc^\xa5\x83\xd4b\xa9\xff\x00\xf6\x1c\xe8\xf1\x18\xf3\xfc\xf5\x16z\x1c]\x00\xf8\xa6\x9d{J\xdf\x1e\xddZ\x04\xa8?"\xc0~\x9b\xd9\xf0\x8d\x9b\x94=l\x15w\xe6\xad;\xf4\xb0PiL\xc6\xa3]&lt;\xac\x16\xb7\xde0\r\xa4\x1f\xd6z\xb3X\xc3xK\xce\xb4\xa9%:\xc1\xda\xf6Y\xfa6\xbe#\xa8\xf4\x148j\x16\xd0da\xd1\xa7\x85\xaa\x16\xe8&gt;!\xb01\x03\x1c\x0cDF\x9dq\x08\x9e\x1a\xd8\x827]w\x8a\xc8\x85\x0cP\x86\xf9\xb8\xe3|\xa9KH@(\x04\x03y!\xa7\x85\x1b\x95BN\xce:\xear8\xf4\\\xacpi\xfa]\xb1%V\xc8\xd2\xb0\x91\xb1\x8c\xf5\xf1\xd7,^\x1a\x8b\x14o\xb4\xa1\x16\xab\x99BSyM\xe6\x03\x93\x895\xac\x1a$"\xafX\x8e\xab\xd7\xe0@\x9b\x02q&lt;\xf6\x94h\x8b\xff\x00\x8e\x11x\xd1\x1c!\x8d^\xa3;r#\x91\xbfr4\x1b\x87&amp;&gt;\x03)\x7fA\xb9\xb3S\xf1\x99\xbf\xa8\xcff\x99\xf3\x9b\xbf\xa0\xc9f\n|\xe7r\x1a\xb1\xef-\x84\x85\xac\xbd\xd7\x0ca\xab\xfe\xadf\xbe\xc3\xad\xff\x00\xaaz&lt;%Y\x8f\xc6\xfd\x1e\x0b\x1f\xcc\x88\xbc9\xad\xeb\xd3\xc7F&gt;\x8d\xe1R\xabc\x8b\x1be\x17B\xedh&lt;\x982\xcd\xb7Zc\x96Z|\xaa\xb5\n\xd5\xd5\xcbSb\xf5\xe9\xa3X\x9f`\xd0\xb3\xb5a\x95\xab\xbd\xa2^\xdcYV\xc4p\xde\xd9\x80\xa4\x90\xfcH(\xd5\xb5Y0\x91\x95D\xea\xfa\xac\x9c"P\xa7\x81\xcc\xdf\x88\t/X\xf5\xd3\r\xcf\x8cF"i\xdf\xe6\x9d\xa9\xdc\x98?\xd7-SG\xbb0\x01\xf3\x97\xab\xa3\xdf\x1bl&gt;rZwP\xb0!\xf9\r\xed\xd6#za\xb2\xb6\xc2\xaa\x1cj|}\xee\xa6V$oK\xdc\xa6\x00Bc\x99\xd3&lt;\x0c\xce\x8d\x83[8/\x89\xe2\x14p\xc4\x81\xc7\x98\xfb\x93\x11\xfa\xc4i\xef\xae\x07\xe8\x82a\xee\x0c`\xbe`\xef\x82\x8e]F\x80\x81\x1bk"\x07\xda\xaa\xe7\x11F\xaa\xd0\x9c\xa6\xda\xa8\xeaS\xed\x90\x1e\xbd\xea\xf3^N\xa2\x11#;Rpo\xa1\xfb\x1fL\x1bo\x19G1\x9b\x8a`\xa1*{\xcfka\xab\x18V\xac\x88E\xda\xf8\\3rUd\x02\xc0\xaa\x96\xdf\xb2\xeaO\x18\x08]d\x1c1\x00\xcf\xa5\xaaI\xb5\xc1\x1cH\xb3\xdc\xbe\x97#\x91\x8fU\x11H`=\\k\xbd\t\xfbA\x95\xb8\x8c\x92}\x18Y\x83\x02\re\x04?s\xab7\xe2\xa6\xcf\x94\xfe\xbb8\xa6\xa6\xd8\xcd\xdf\x9dX\x81\x1f@#Q\xc4\x06\xbaAHmo\x0f^L\xe2c\xfa\xc7Zi\xb8\xe7\x17l\x00\xe5\x11\x111\xe3D\x05\xc4\xfe\x93\xb9Br\xdd7\x8b\x9588\xe9^Lhn\xd1\x06\x9c\x02b\xe9:?sA\xb6"\xbd\x97G\xefV$a5\x90\x8f*P\x8c\xfdf9\x8e4Agj]6\xa4\t\xb8\nv\xeb\xdd\xaa\x16*8\x1c\x9d\xe1z\xc6;id\xaeS\xf0\xfd\xa9B\xcdk\xaf\xbb\x93\xb2\xde\x1e\xdc\xb5\x07qC)0\x0f\xda[_+\x8e3\xb9h\xe2\xeegj\xce-/\xbbB\xd5;\xf8\xbc\x1d\xac\x13\xf1t\xf9\xb6\x11\x94\xc0m\xe6\xdf\x86\xddE\xa0\x02\xad\xb3q\\\xfa\xb9\x14&amp;\xed\x83\xe9\xc6\xd732\x9aM\xd3\xba]\x80?*;\x89\xd6W\xa6\xc8\xa5d!\x17\x1eiOM&amp;\xd0z\xb4\xb3\x00z\xff\x00\xe9vL~2ut\x1d6\xcc\x0f\xfdm-F\xc0\xcc\x84L\xc5\x9adQ\xb4\xb3@\x1c\xd9\x14*U\xb5\xef\xb7\xfc+t\x0bN\xd8\x99\xe3&gt;yD\xe8\xb6&gt;bd\xa4\xe9\x01kq\xd3\xbd\xb6\x92\x0f\xb9\x8b\x85\x05\xd7\xe5b\x8a\xed\xbdG^\xa40$\xa4\xa4\xf9\x96\x1c\xcc\x8c*FK \xabV\x1b\n@\x1bY\x9b\xaa\xc9\xa1V\xa1\xcb\r\xb6\x14\xd0\xc0)\x00\x96\x0b\xb1\x15\xe6\xfeQ\x15\xa0\x80g}\xed8\xdb\x96\xa9\x95K&lt;\x806\xe0\xfc0\xa7Af\xe7\xea"Z\x07\xd8\xfdk\xea\x1b&lt;rk\xed\xd0a[5}WI\x04\xbb\x18([\x89\xb6\x88F\xfd\x9fB|5\x84\x15l\xad\xd6\x81\x0c\x16\x115\xd3Bi=A\xe9\xbe\xeecwa&amp;\xbc\xe4\x
[...]
headers={'User-Agent': 'python-requests/2.23.0', 'Accept-Encoding': 'gzip, deflate', 'Accept': '*/*', 'Connection': 'keep-alive', 'user_id': '5e7d69dc666656001781452f'} 
data=None 
json=None</msg>
<msg timestamp="20200405 20:46:53.186" level="INFO">${resp} = &lt;Response [412]&gt;</msg>
<status status="PASS" starttime="20200405 20:46:52.548" endtime="20200405 20:46:53.186"></status>
</kw>
<msg timestamp="20200405 20:46:53.186" level="INFO">${resp} = &lt;Response [412]&gt;</msg>
<status status="PASS" starttime="20200405 20:46:52.505" endtime="20200405 20:46:53.186"></status>
</kw>
<kw name="Log" library="BuiltIn">
<doc>Logs the given message with the given level.</doc>
<arguments>
<arg>${resp.text}</arg>
</arguments>
<msg timestamp="20200405 20:46:53.186" level="INFO">{"code":1002,"error":"Brand is required"}</msg>
<status status="PASS" starttime="20200405 20:46:53.186" endtime="20200405 20:46:53.186"></status>
</kw>
<kw name="Convert To Integer" library="BuiltIn">
<doc>Converts the given item to an integer number.</doc>
<arguments>
<arg>${expect_bcode}</arg>
</arguments>
<assign>
<var>${business_code}</var>
</assign>
<msg timestamp="20200405 20:46:53.186" level="INFO">${business_code} = 1002</msg>
<status status="PASS" starttime="20200405 20:46:53.186" endtime="20200405 20:46:53.186"></status>
</kw>
<kw name="Should Be Equal As Strings" library="BuiltIn">
<doc>Fails if objects are unequal after converting them to strings.</doc>
<arguments>
<arg>${resp.status_code}</arg>
<arg>412</arg>
</arguments>
<msg timestamp="20200405 20:46:53.186" level="INFO">Argument types are:
&lt;class 'int'&gt;
&lt;type 'unicode'&gt;</msg>
<status status="PASS" starttime="20200405 20:46:53.186" endtime="20200405 20:46:53.186"></status>
</kw>
<kw name="Should Be Equal" library="BuiltIn">
<doc>Fails if the given objects are unequal.</doc>
<arguments>
<arg>${resp.json()['code']}</arg>
<arg>${business_code}</arg>
</arguments>
<status status="PASS" starttime="20200405 20:46:53.186" endtime="20200405 20:46:53.186"></status>
</kw>
<kw name="Dictionary Should Contain Value" library="Collections">
<doc>Fails if ``value`` is not found from ``dictionary``.</doc>
<arguments>
<arg>${resp.json()}</arg>
<arg>${expect_message}</arg>
</arguments>
<status status="PASS" starttime="20200405 20:46:53.188" endtime="20200405 20:46:53.188"></status>
</kw>
<status status="PASS" starttime="20200405 20:46:51.880" endtime="20200405 20:46:53.188"></status>
</kw>
<status status="PASS" starttime="20200405 20:46:51.879" endtime="20200405 20:46:53.188" critical="yes"></status>
</test>
<status status="PASS" starttime="20200405 20:46:47.040" endtime="20200405 20:46:53.192"></status>
</suite>
<status status="PASS" starttime="20200405 20:46:47.035" endtime="20200405 20:46:53.197"></status>
</suite>
<suite id="s1-s2" name="Session" source="E:\qaninja\robot\bikelov\tests\api\session">
<suite id="s1-s2-s1" name="Post Sessions" source="E:\qaninja\robot\bikelov\tests\api\session\post_sessions.robot">
<test id="s1-s2-s1-t1" name="User Session">
<kw name="Create Session" library="RequestsLibrary" type="setup">
<doc>Create Session: create a HTTP session to a server</doc>
<arguments>
<arg>bikelov</arg>
<arg>${base_url}</arg>
</arguments>
<msg timestamp="20200405 20:46:53.212" level="INFO">Creating Session using : alias=bikelov, url=http://bikelov-api.herokuapp.com, headers={},                     cookies={}, auth=None, timeout=None, proxies=None, verify=False,                     debug=0 </msg>
<status status="PASS" starttime="20200405 20:46:53.212" endtime="20200405 20:46:53.212"></status>
</kw>
<kw name="Convert to Json" library="helpers">
<arguments>
<arg>{"email": "jason.toddy@dc.com"}</arg>
</arguments>
<assign>
<var>${payload}</var>
</assign>
<kw name="Evaluate" library="BuiltIn">
<doc>Evaluates the given expression in Python and returns the results.</doc>
<arguments>
<arg>json.loads($target)</arg>
<arg>json</arg>
</arguments>
<assign>
<var>${result}</var>
</assign>
<msg timestamp="20200405 20:46:53.214" level="INFO">${result} = {'email': 'jason.toddy@dc.com'}</msg>
<status status="PASS" starttime="20200405 20:46:53.213" endtime="20200405 20:46:53.214"></status>
</kw>
<msg timestamp="20200405 20:46:53.214" level="INFO">${payload} = {'email': 'jason.toddy@dc.com'}</msg>
<status status="PASS" starttime="20200405 20:46:53.213" endtime="20200405 20:46:53.214"></status>
</kw>
<kw name="Post Session" library="services">
<arguments>
<arg>${payload}</arg>
</arguments>
<assign>
<var>${resp}</var>
</assign>
<kw name="Create Dictionary" library="BuiltIn">
<doc>Creates and returns a dictionary based on the given ``items``.</doc>
<arguments>
<arg>Content-Type=application/json</arg>
</arguments>
<assign>
<var>&amp;{headers}</var>
</assign>
<msg timestamp="20200405 20:46:53.216" level="INFO">&amp;{headers} = { Content-Type=application/json }</msg>
<status status="PASS" starttime="20200405 20:46:53.216" endtime="20200405 20:46:53.216"></status>
</kw>
<kw name="Post Request" library="RequestsLibrary">
<doc>Send a POST request on the session object found using the
given `alias`</doc>
<arguments>
<arg>bikelov</arg>
<arg>/sessions</arg>
<arg>data=${payload}</arg>
<arg>headers=${headers}</arg>
</arguments>
<assign>
<var>${resp}</var>
</assign>
<msg timestamp="20200405 20:46:53.218" level="INFO">POST Request using : uri=/sessions, params=None, files=None, allow_redirects=True, timeout=None
headers={'User-Agent': 'python-requests/2.23.0', 'Accept-Encoding': 'gzip, deflate', 'Accept': '*/*', 'Connection': 'keep-alive', 'Content-Type': 'application/json'} 
data={"email": "jason.toddy@dc.com"} 
json=None</msg>
<msg timestamp="20200405 20:46:53.650" level="INFO">${resp} = &lt;Response [200]&gt;</msg>
<status status="PASS" starttime="20200405 20:46:53.217" endtime="20200405 20:46:53.650"></status>
</kw>
<msg timestamp="20200405 20:46:53.651" level="INFO">${resp} = &lt;Response [200]&gt;</msg>
<status status="PASS" starttime="20200405 20:46:53.215" endtime="20200405 20:46:53.651"></status>
</kw>
<kw name="Should Be Equal As Strings" library="BuiltIn">
<doc>Fails if objects are unequal after converting them to strings.</doc>
<arguments>
<arg>${resp.status_code}</arg>
<arg>200</arg>
</arguments>
<msg timestamp="20200405 20:46:53.651" level="INFO">Argument types are:
&lt;class 'int'&gt;
&lt;type 'unicode'&gt;</msg>
<status status="PASS" starttime="20200405 20:46:53.651" endtime="20200405 20:46:53.652"></status>
</kw>
<status status="PASS" starttime="20200405 20:46:53.211" endtime="20200405 20:46:53.652" critical="yes"></status>
</test>
<test id="s1-s2-s1-t2" name="Wrong Email">
<kw name="Create Session" library="RequestsLibrary" type="setup">
<doc>Create Session: create a HTTP session to a server</doc>
<arguments>
<arg>bikelov</arg>
<arg>${base_url}</arg>
</arguments>
<msg timestamp="20200405 20:46:53.655" level="INFO">Creating Session using : alias=bikelov, url=http://bikelov-api.herokuapp.com, headers={},                     cookies={}, auth=None, timeout=None, proxies=None, verify=False,                     debug=0 </msg>
<status status="PASS" starttime="20200405 20:46:53.655" endtime="20200405 20:46:53.655"></status>
</kw>
<kw name="Convert to Json" library="helpers">
<arguments>
<arg>{"email": "jason.toddy$dc.com"}</arg>
</arguments>
<assign>
<var>${payload}</var>
</assign>
<kw name="Evaluate" library="BuiltIn">
<doc>Evaluates the given expression in Python and returns the results.</doc>
<arguments>
<arg>json.loads($target)</arg>
<arg>json</arg>
</arguments>
<assign>
<var>${result}</var>
</assign>
<msg timestamp="20200405 20:46:53.658" level="INFO">${result} = {'email': 'jason.toddy$dc.com'}</msg>
<status status="PASS" starttime="20200405 20:46:53.657" endtime="20200405 20:46:53.658"></status>
</kw>
<msg timestamp="20200405 20:46:53.658" level="INFO">${payload} = {'email': 'jason.toddy$dc.com'}</msg>
<status status="PASS" starttime="20200405 20:46:53.656" endtime="20200405 20:46:53.658"></status>
</kw>
<kw name="Post Session" library="services">
<arguments>
<arg>${payload}</arg>
</arguments>
<assign>
<var>${resp}</var>
</assign>
<kw name="Create Dictionary" library="BuiltIn">
<doc>Creates and returns a dictionary based on the given ``items``.</doc>
<arguments>
<arg>Content-Type=application/json</arg>
</arguments>
<assign>
<var>&amp;{headers}</var>
</assign>
<msg timestamp="20200405 20:46:53.659" level="INFO">&amp;{headers} = { Content-Type=application/json }</msg>
<status status="PASS" starttime="20200405 20:46:53.659" endtime="20200405 20:46:53.660"></status>
</kw>
<kw name="Post Request" library="RequestsLibrary">
<doc>Send a POST request on the session object found using the
given `alias`</doc>
<arguments>
<arg>bikelov</arg>
<arg>/sessions</arg>
<arg>data=${payload}</arg>
<arg>headers=${headers}</arg>
</arguments>
<assign>
<var>${resp}</var>
</assign>
<msg timestamp="20200405 20:46:53.660" level="INFO">POST Request using : uri=/sessions, params=None, files=None, allow_redirects=True, timeout=None
headers={'User-Agent': 'python-requests/2.23.0', 'Accept-Encoding': 'gzip, deflate', 'Accept': '*/*', 'Connection': 'keep-alive', 'Content-Type': 'application/json'} 
data={"email": "jason.toddy$dc.com"} 
json=None</msg>
<msg timestamp="20200405 20:46:54.093" level="INFO">${resp} = &lt;Response [409]&gt;</msg>
<status status="PASS" starttime="20200405 20:46:53.660" endtime="20200405 20:46:54.093"></status>
</kw>
<msg timestamp="20200405 20:46:54.094" level="INFO">${resp} = &lt;Response [409]&gt;</msg>
<status status="PASS" starttime="20200405 20:46:53.659" endtime="20200405 20:46:54.094"></status>
</kw>
<kw name="Should Be Equal As Strings" library="BuiltIn">
<doc>Fails if objects are unequal after converting them to strings.</doc>
<arguments>
<arg>${resp.status_code}</arg>
<arg>409</arg>
</arguments>
<msg timestamp="20200405 20:46:54.095" level="INFO">Argument types are:
&lt;class 'int'&gt;
&lt;type 'unicode'&gt;</msg>
<status status="PASS" starttime="20200405 20:46:54.095" endtime="20200405 20:46:54.095"></status>
</kw>
<status status="PASS" starttime="20200405 20:46:53.654" endtime="20200405 20:46:54.096" critical="yes"></status>
</test>
<test id="s1-s2-s1-t3" name="Empty Email">
<kw name="Create Session" library="RequestsLibrary" type="setup">
<doc>Create Session: create a HTTP session to a server</doc>
<arguments>
<arg>bikelov</arg>
<arg>${base_url}</arg>
</arguments>
<msg timestamp="20200405 20:46:54.102" level="INFO">Creating Session using : alias=bikelov, url=http://bikelov-api.herokuapp.com, headers={},                     cookies={}, auth=None, timeout=None, proxies=None, verify=False,                     debug=0 </msg>
<status status="PASS" starttime="20200405 20:46:54.101" endtime="20200405 20:46:54.102"></status>
</kw>
<kw name="Convert to Json" library="helpers">
<arguments>
<arg>{"email": ""}</arg>
</arguments>
<assign>
<var>${payload}</var>
</assign>
<kw name="Evaluate" library="BuiltIn">
<doc>Evaluates the given expression in Python and returns the results.</doc>
<arguments>
<arg>json.loads($target)</arg>
<arg>json</arg>
</arguments>
<assign>
<var>${result}</var>
</assign>
<msg timestamp="20200405 20:46:54.105" level="INFO">${result} = {'email': ''}</msg>
<status status="PASS" starttime="20200405 20:46:54.103" endtime="20200405 20:46:54.105"></status>
</kw>
<msg timestamp="20200405 20:46:54.105" level="INFO">${payload} = {'email': ''}</msg>
<status status="PASS" starttime="20200405 20:46:54.103" endtime="20200405 20:46:54.105"></status>
</kw>
<kw name="Post Session" library="services">
<arguments>
<arg>${payload}</arg>
</arguments>
<assign>
<var>${resp}</var>
</assign>
<kw name="Create Dictionary" library="BuiltIn">
<doc>Creates and returns a dictionary based on the given ``items``.</doc>
<arguments>
<arg>Content-Type=application/json</arg>
</arguments>
<assign>
<var>&amp;{headers}</var>
</assign>
<msg timestamp="20200405 20:46:54.107" level="INFO">&amp;{headers} = { Content-Type=application/json }</msg>
<status status="PASS" starttime="20200405 20:46:54.107" endtime="20200405 20:46:54.107"></status>
</kw>
<kw name="Post Request" library="RequestsLibrary">
<doc>Send a POST request on the session object found using the
given `alias`</doc>
<arguments>
<arg>bikelov</arg>
<arg>/sessions</arg>
<arg>data=${payload}</arg>
<arg>headers=${headers}</arg>
</arguments>
<assign>
<var>${resp}</var>
</assign>
<msg timestamp="20200405 20:46:54.108" level="INFO">POST Request using : uri=/sessions, params=None, files=None, allow_redirects=True, timeout=None
headers={'User-Agent': 'python-requests/2.23.0', 'Accept-Encoding': 'gzip, deflate', 'Accept': '*/*', 'Connection': 'keep-alive', 'Content-Type': 'application/json'} 
data={"email": ""} 
json=None</msg>
<msg timestamp="20200405 20:46:54.530" level="INFO">${resp} = &lt;Response [412]&gt;</msg>
<status status="PASS" starttime="20200405 20:46:54.107" endtime="20200405 20:46:54.530"></status>
</kw>
<msg timestamp="20200405 20:46:54.531" level="INFO">${resp} = &lt;Response [412]&gt;</msg>
<status status="PASS" starttime="20200405 20:46:54.106" endtime="20200405 20:46:54.531"></status>
</kw>
<kw name="Should Be Equal As Strings" library="BuiltIn">
<doc>Fails if objects are unequal after converting them to strings.</doc>
<arguments>
<arg>${resp.status_code}</arg>
<arg>412</arg>
</arguments>
<msg timestamp="20200405 20:46:54.532" level="INFO">Argument types are:
&lt;class 'int'&gt;
&lt;type 'unicode'&gt;</msg>
<status status="PASS" starttime="20200405 20:46:54.532" endtime="20200405 20:46:54.533"></status>
</kw>
<status status="PASS" starttime="20200405 20:46:54.100" endtime="20200405 20:46:54.534" critical="yes"></status>
</test>
<test id="s1-s2-s1-t4" name="Without Data">
<kw name="Create Session" library="RequestsLibrary" type="setup">
<doc>Create Session: create a HTTP session to a server</doc>
<arguments>
<arg>bikelov</arg>
<arg>${base_url}</arg>
</arguments>
<msg timestamp="20200405 20:46:54.539" level="INFO">Creating Session using : alias=bikelov, url=http://bikelov-api.herokuapp.com, headers={},                     cookies={}, auth=None, timeout=None, proxies=None, verify=False,                     debug=0 </msg>
<status status="PASS" starttime="20200405 20:46:54.539" endtime="20200405 20:46:54.540"></status>
</kw>
<kw name="Convert to Json" library="helpers">
<arguments>
<arg>{}</arg>
</arguments>
<assign>
<var>${payload}</var>
</assign>
<kw name="Evaluate" library="BuiltIn">
<doc>Evaluates the given expression in Python and returns the results.</doc>
<arguments>
<arg>json.loads($target)</arg>
<arg>json</arg>
</arguments>
<assign>
<var>${result}</var>
</assign>
<msg timestamp="20200405 20:46:54.542" level="INFO">${result} = {}</msg>
<status status="PASS" starttime="20200405 20:46:54.541" endtime="20200405 20:46:54.542"></status>
</kw>
<msg timestamp="20200405 20:46:54.542" level="INFO">${payload} = {}</msg>
<status status="PASS" starttime="20200405 20:46:54.540" endtime="20200405 20:46:54.542"></status>
</kw>
<kw name="Post Session" library="services">
<arguments>
<arg>${payload}</arg>
</arguments>
<assign>
<var>${resp}</var>
</assign>
<kw name="Create Dictionary" library="BuiltIn">
<doc>Creates and returns a dictionary based on the given ``items``.</doc>
<arguments>
<arg>Content-Type=application/json</arg>
</arguments>
<assign>
<var>&amp;{headers}</var>
</assign>
<msg timestamp="20200405 20:46:54.545" level="INFO">&amp;{headers} = { Content-Type=application/json }</msg>
<status status="PASS" starttime="20200405 20:46:54.544" endtime="20200405 20:46:54.545"></status>
</kw>
<kw name="Post Request" library="RequestsLibrary">
<doc>Send a POST request on the session object found using the
given `alias`</doc>
<arguments>
<arg>bikelov</arg>
<arg>/sessions</arg>
<arg>data=${payload}</arg>
<arg>headers=${headers}</arg>
</arguments>
<assign>
<var>${resp}</var>
</assign>
<msg timestamp="20200405 20:46:54.545" level="INFO">POST Request using : uri=/sessions, params=None, files=None, allow_redirects=True, timeout=None
headers={'User-Agent': 'python-requests/2.23.0', 'Accept-Encoding': 'gzip, deflate', 'Accept': '*/*', 'Connection': 'keep-alive', 'Content-Type': 'application/json'} 
data={} 
json=None</msg>
<msg timestamp="20200405 20:46:54.966" level="INFO">${resp} = &lt;Response [412]&gt;</msg>
<status status="PASS" starttime="20200405 20:46:54.545" endtime="20200405 20:46:54.966"></status>
</kw>
<msg timestamp="20200405 20:46:54.966" level="INFO">${resp} = &lt;Response [412]&gt;</msg>
<status status="PASS" starttime="20200405 20:46:54.543" endtime="20200405 20:46:54.966"></status>
</kw>
<kw name="Should Be Equal As Strings" library="BuiltIn">
<doc>Fails if objects are unequal after converting them to strings.</doc>
<arguments>
<arg>${resp.status_code}</arg>
<arg>412</arg>
</arguments>
<msg timestamp="20200405 20:46:54.967" level="INFO">Argument types are:
&lt;class 'int'&gt;
&lt;type 'unicode'&gt;</msg>
<status status="PASS" starttime="20200405 20:46:54.967" endtime="20200405 20:46:54.967"></status>
</kw>
<status status="PASS" starttime="20200405 20:46:54.538" endtime="20200405 20:46:54.968" critical="yes"></status>
</test>
<status status="PASS" starttime="20200405 20:46:53.202" endtime="20200405 20:46:54.971"></status>
</suite>
<status status="PASS" starttime="20200405 20:46:53.200" endtime="20200405 20:46:54.975"></status>
</suite>
<status status="PASS" starttime="20200405 20:46:46.988" endtime="20200405 20:46:54.979"></status>
</suite>
<statistics>
<total>
<stat pass="7" fail="0">Critical Tests</stat>
<stat pass="7" fail="0">All Tests</stat>
</total>
<tag>
</tag>
<suite>
<stat pass="7" fail="0" id="s1" name="Api">Api</stat>
<stat pass="3" fail="0" id="s1-s1" name="Bikes">Api.Bikes</stat>
<stat pass="3" fail="0" id="s1-s1-s1" name="Post Bike">Api.Bikes.Post Bike</stat>
<stat pass="4" fail="0" id="s1-s2" name="Session">Api.Session</stat>
<stat pass="4" fail="0" id="s1-s2-s1" name="Post Sessions">Api.Session.Post Sessions</stat>
</suite>
</statistics>
<errors>
</errors>
</robot>
