<?xml version="1.0" encoding="UTF-8"?>
<robot generator="Robot 3.1.2 (Python 3.7.3 on win32)" generated="20200319 15:32:16.317" rpa="false">
<suite id="s1" name="Criar Anunico" source="D:\qaninja\robot\treinamentoRobot\tests\criar_anunico.robot">
<kw name="Logged with &quot;telverneck@hotmail.com&quot;" library="base" type="setup">
<kw name="Start Session" library="base">
<kw name="Open Browser" library="SeleniumLibrary">
<doc>Opens a new browser instance to the optional ``url``.</doc>
<arguments>
<arg>about:blank</arg>
<arg>chrome</arg>
</arguments>
<msg timestamp="20200319 15:32:16.506" level="INFO">Opening browser 'chrome' to base url 'about:blank'.</msg>
<status status="PASS" starttime="20200319 15:32:16.506" endtime="20200319 15:32:18.761"></status>
</kw>
<kw name="Set Selenium Implicit Wait" library="SeleniumLibrary">
<doc>Sets the implicit wait value used by Selenium.</doc>
<arguments>
<arg>5</arg>
</arguments>
<status status="PASS" starttime="20200319 15:32:18.761" endtime="20200319 15:32:18.762"></status>
</kw>
<status status="PASS" starttime="20200319 15:32:16.506" endtime="20200319 15:32:18.763"></status>
</kw>
<kw name="Go To" library="SeleniumLibrary">
<doc>Navigates the current browser window to the provided ``url``.</doc>
<arguments>
<arg>${url}</arg>
</arguments>
<msg timestamp="20200319 15:32:18.763" level="INFO">Opening url 'http://bikelov.herokuapp.com'</msg>
<status status="PASS" starttime="20200319 15:32:18.763" endtime="20200319 15:32:21.811"></status>
</kw>
<kw name="Input Text" library="SeleniumLibrary">
<doc>Types the given ``text`` into the text field identified by ``locator``.</doc>
<arguments>
<arg>${emailID}</arg>
<arg>${email}</arg>
</arguments>
<msg timestamp="20200319 15:32:21.812" level="INFO">Typing text '"telverneck@hotmail.com"' into text field 'id:email'.</msg>
<status status="PASS" starttime="20200319 15:32:21.812" endtime="20200319 15:32:21.981"></status>
</kw>
<kw name="Click Button" library="SeleniumLibrary">
<doc>Clicks the button identified by ``locator``.</doc>
<arguments>
<arg>${buttonEnter}</arg>
</arguments>
<msg timestamp="20200319 15:32:21.981" level="INFO">Clicking button 'xpath://button[contains(text(), "Entrar")]'.</msg>
<status status="PASS" starttime="20200319 15:32:21.981" endtime="20200319 15:32:22.057"></status>
</kw>
<kw name="Page Should Contain Element" library="SeleniumLibrary">
<doc>Verifies that element ``locator`` is found on the current page.</doc>
<arguments>
<arg>${dashboard}</arg>
</arguments>
<msg timestamp="20200319 15:32:23.416" level="INFO">Current page contains element 'class:dashboard'.</msg>
<status status="PASS" starttime="20200319 15:32:22.057" endtime="20200319 15:32:23.416"></status>
</kw>
<status status="PASS" starttime="20200319 15:32:16.505" endtime="20200319 15:32:23.416"></status>
</kw>
<test id="s1-t1" name="Anunciar bike">
<kw name="Dado eu tenho uma ${bike}" library="steps_kw">
<kw name="Evaluate" library="BuiltIn">
<doc>Evaluates the given expression in Python and returns the results.</doc>
<arguments>
<arg>json.loads($bike_string)</arg>
<arg>json</arg>
</arguments>
<assign>
<var>${bike_json}</var>
</assign>
<msg timestamp="20200319 15:32:23.421" level="INFO">${bike_json} = {'name': 'Rocker 26 marchas', 'brand': 'Shimano', 'price': '15'}</msg>
<status status="PASS" starttime="20200319 15:32:23.417" endtime="20200319 15:32:23.421"></status>
</kw>
<kw name="Log" library="BuiltIn">
<doc>Logs the given message with the given level.</doc>
<arguments>
<arg>${bike_json}</arg>
</arguments>
<msg timestamp="20200319 15:32:23.422" level="INFO">{'name': 'Rocker 26 marchas', 'brand': 'Shimano', 'price': '15'}</msg>
<status status="PASS" starttime="20200319 15:32:23.421" endtime="20200319 15:32:23.422"></status>
</kw>
<kw name="Set Test Variable" library="BuiltIn">
<doc>Makes a variable available everywhere within the scope of the current test.</doc>
<arguments>
<arg>${bike_json}</arg>
</arguments>
<msg timestamp="20200319 15:32:23.422" level="INFO">${bike_json} = {'name': 'Rocker 26 marchas', 'brand': 'Shimano', 'price': '15'}</msg>
<status status="PASS" starttime="20200319 15:32:23.422" endtime="20200319 15:32:23.422"></status>
</kw>
<status status="PASS" starttime="20200319 15:32:23.417" endtime="20200319 15:32:23.422"></status>
</kw>
<kw name="Quando eu faço o anuncio desta bike" library="steps_kw">
<kw name="Click Button" library="SeleniumLibrary">
<doc>Clicks the button identified by ``locator``.</doc>
<arguments>
<arg>${buttonAnunciar}</arg>
</arguments>
<msg timestamp="20200319 15:32:23.423" level="INFO">Clicking button '//button[contains(text(), "Criar")]'.</msg>
<status status="PASS" starttime="20200319 15:32:23.423" endtime="20200319 15:32:24.078"></status>
</kw>
<kw name="Input Text" library="SeleniumLibrary">
<doc>Types the given ``text`` into the text field identified by ``locator``.</doc>
<arguments>
<arg>id:name</arg>
<arg>${bike_json['name']}</arg>
</arguments>
<msg timestamp="20200319 15:32:24.079" level="INFO">Typing text 'Rocker 26 marchas' into text field 'id:name'.</msg>
<status status="PASS" starttime="20200319 15:32:24.079" endtime="20200319 15:32:24.215"></status>
</kw>
<kw name="Input Text" library="SeleniumLibrary">
<doc>Types the given ``text`` into the text field identified by ``locator``.</doc>
<arguments>
<arg>id:brand</arg>
<arg>${bike_json['brand']}</arg>
</arguments>
<msg timestamp="20200319 15:32:24.216" level="INFO">Typing text 'Shimano' into text field 'id:brand'.</msg>
<status status="PASS" starttime="20200319 15:32:24.215" endtime="20200319 15:32:24.304"></status>
</kw>
<kw name="Input Text" library="SeleniumLibrary">
<doc>Types the given ``text`` into the text field identified by ``locator``.</doc>
<arguments>
<arg>css:input[placeholder$='dia']</arg>
<arg>${bike_json['price']}</arg>
</arguments>
<msg timestamp="20200319 15:32:24.304" level="INFO">Typing text '15' into text field 'css:input[placeholder$='dia']'.</msg>
<status status="PASS" starttime="20200319 15:32:24.304" endtime="20200319 15:32:24.374"></status>
</kw>
<kw name="Sleep" library="BuiltIn">
<doc>Pauses the test executed for the given time.</doc>
<arguments>
<arg>3</arg>
</arguments>
<msg timestamp="20200319 15:32:27.376" level="INFO">Slept 3 seconds</msg>
<status status="PASS" starttime="20200319 15:32:24.374" endtime="20200319 15:32:27.376"></status>
</kw>
<status status="PASS" starttime="20200319 15:32:23.423" endtime="20200319 15:32:27.376"></status>
</kw>
<kw name="End Test" library="base" type="teardown">
<kw name="Capture Page Screenshot" library="SeleniumLibrary">
<doc>Takes a screenshot of the current page and embeds it into a log file.</doc>
<msg timestamp="20200319 15:32:27.725" level="INFO" html="yes">&lt;/td&gt;&lt;/tr&gt;&lt;tr&gt;&lt;td colspan="3"&gt;&lt;a href="selenium-screenshot-16.png"&gt;&lt;img src="selenium-screenshot-16.png" width="800px"&gt;&lt;/a&gt;</msg>
<status status="PASS" starttime="20200319 15:32:27.377" endtime="20200319 15:32:27.726"></status>
</kw>
<status status="PASS" starttime="20200319 15:32:27.377" endtime="20200319 15:32:27.726"></status>
</kw>
<status status="PASS" starttime="20200319 15:32:23.416" endtime="20200319 15:32:27.726" critical="yes"></status>
</test>
<kw name="End Session" library="base" type="teardown">
<kw name="Close Browser" library="SeleniumLibrary">
<doc>Closes the current browser.</doc>
<status status="PASS" starttime="20200319 15:32:27.730" endtime="20200319 15:32:29.890"></status>
</kw>
<status status="PASS" starttime="20200319 15:32:27.729" endtime="20200319 15:32:29.890"></status>
</kw>
<doc>Anuncio
Para que eu criar novos anuncios para locação
Sendo um usuario que possuo um cadastro
Quero poder incluir um anuncio</doc>
<status status="PASS" starttime="20200319 15:32:16.319" endtime="20200319 15:32:29.890"></status>
</suite>
<statistics>
<total>
<stat pass="1" fail="0">Critical Tests</stat>
<stat pass="1" fail="0">All Tests</stat>
</total>
<tag>
</tag>
<suite>
<stat pass="1" fail="0" id="s1" name="Criar Anunico">Criar Anunico</stat>
</suite>
</statistics>
<errors>
</errors>
</robot>
